<?xml version="1.0" encoding="UTF-8"?>
<coverage generated="1776967602430" clover="3.2.0">
  <project timestamp="1776967602430" name="All files">
    <metrics statements="1663" coveredstatements="1518" conditionals="1085" coveredconditionals="913" methods="425" coveredmethods="374" elements="3173" coveredelements="2805" complexity="0" loc="1663" ncloc="1663" packages="23" files="108" classes="108"/>
    <package name="config">
      <metrics statements="166" coveredstatements="112" conditionals="112" coveredconditionals="65" methods="24" coveredmethods="13"/>
      <file name="context.tsx" path="/Users/d.phan/Desktop/storefront-next/packages/storefront-next-runtime/src/config/context.tsx">
        <metrics statements="4" coveredstatements="0" conditionals="0" coveredconditionals="0" methods="2" coveredmethods="0"/>
        <line num="35" count="0" type="stmt"/>
        <line num="44" count="0" type="stmt"/>
        <line num="54" count="0" type="stmt"/>
        <line num="69" count="0" type="stmt"/>
      </file>
      <file name="get-config.ts" path="/Users/d.phan/Desktop/storefront-next/packages/storefront-next-runtime/src/config/get-config.ts">
        <metrics statements="12" coveredstatements="0" conditionals="10" coveredconditionals="0" methods="2" coveredmethods="0"/>
        <line num="47" count="0" type="cond" truecount="0" falsecount="2"/>
        <line num="48" count="0" type="stmt"/>
        <line num="49" count="0" type="cond" truecount="0" falsecount="2"/>
        <line num="50" count="0" type="stmt"/>
        <line num="55" count="0" type="stmt"/>
        <line num="58" count="0" type="cond" truecount="0" falsecount="4"/>
        <line num="59" count="0" type="stmt"/>
        <line num="62" count="0" type="stmt"/>
        <line num="78" count="0" type="stmt"/>
        <line num="79" count="0" type="cond" truecount="0" falsecount="2"/>
        <line num="80" count="0" type="stmt"/>
        <line num="85" count="0" type="stmt"/>
      </file>
      <file name="index.ts" path="/Users/d.phan/Desktop/storefront-next/packages/storefront-next-runtime/src/config/index.ts">
        <metrics statements="0" coveredstatements="0" conditionals="0" coveredconditionals="0" methods="0" coveredmethods="0"/>
      </file>
      <file name="load-config.ts" path="/Users/d.phan/Desktop/storefront-next/packages/storefront-next-runtime/src/config/load-config.ts">
        <metrics statements="11" coveredstatements="9" conditionals="6" coveredconditionals="3" methods="1" coveredmethods="1"/>
        <line num="40" count="4" type="stmt"/>
        <line num="42" count="4" type="cond" truecount="2" falsecount="0"/>
        <line num="43" count="1" type="stmt"/>
        <line num="49" count="3" type="stmt"/>
        <line num="50" count="3" type="stmt"/>
        <line num="52" count="3" type="stmt"/>
        <line num="57" count="3" type="stmt"/>
        <line num="58" count="3" type="cond" truecount="1" falsecount="1"/>
        <line num="59" count="4" type="stmt"/>
        <line num="61" count="0" type="cond" truecount="0" falsecount="2"/>
        <line num="62" count="0" type="stmt"/>
      </file>
      <file name="middleware.ts" path="/Users/d.phan/Desktop/storefront-next/packages/storefront-next-runtime/src/config/middleware.ts">
        <metrics statements="26" coveredstatements="0" conditionals="18" coveredconditionals="0" methods="7" coveredmethods="0"/>
        <line num="57" count="0" type="stmt"/>
        <line num="60" count="0" type="cond" truecount="0" falsecount="4"/>
        <line num="61" count="0" type="stmt"/>
        <line num="64" count="0" type="stmt"/>
        <line num="67" count="0" type="stmt"/>
        <line num="72" count="0" type="cond" truecount="0" falsecount="2"/>
        <line num="73" count="0" type="cond" truecount="0" falsecount="2"/>
        <line num="76" count="0" type="stmt"/>
        <line num="77" count="0" type="stmt"/>
        <line num="78" count="0" type="stmt"/>
        <line num="80" count="0" type="cond" truecount="0" falsecount="2"/>
        <line num="81" count="0" type="stmt"/>
        <line num="87" count="0" type="stmt"/>
        <line num="90" count="0" type="stmt"/>
        <line num="100" count="0" type="stmt"/>
        <line num="103" count="0" type="stmt"/>
        <line num="104" count="0" type="stmt"/>
        <line num="105" count="0" type="stmt"/>
        <line num="106" count="0" type="stmt"/>
        <line num="109" count="0" type="stmt"/>
        <line num="110" count="0" type="cond" truecount="0" falsecount="2"/>
        <line num="112" count="0" type="cond" truecount="0" falsecount="2"/>
        <line num="113" count="0" type="stmt"/>
        <line num="119" count="0" type="stmt"/>
        <line num="121" count="0" type="stmt"/>
        <line num="124" count="0" type="stmt"/>
      </file>
      <file name="schema.ts" path="/Users/d.phan/Desktop/storefront-next/packages/storefront-next-runtime/src/config/schema.ts">
        <metrics statements="2" coveredstatements="2" conditionals="0" coveredconditionals="0" methods="1" coveredmethods="1"/>
        <line num="94" count="5" type="stmt"/>
        <line num="97" count="5" type="stmt"/>
      </file>
      <file name="types.ts" path="/Users/d.phan/Desktop/storefront-next/packages/storefront-next-runtime/src/config/types.ts">
        <metrics statements="0" coveredstatements="0" conditionals="0" coveredconditionals="0" methods="0" coveredmethods="0"/>
      </file>
      <file name="utils.ts" path="/Users/d.phan/Desktop/storefront-next/packages/storefront-next-runtime/src/config/utils.ts">
        <metrics statements="111" coveredstatements="101" conditionals="78" coveredconditionals="62" methods="11" coveredmethods="11"/>
        <line num="20" count="2" type="stmt"/>
        <line num="21" count="209" type="cond" truecount="3" falsecount="0"/>
        <line num="39" count="2" type="stmt"/>
        <line num="40" count="34" type="stmt"/>
        <line num="42" count="34" type="stmt"/>
        <line num="43" count="34" type="stmt"/>
        <line num="44" count="34" type="stmt"/>
        <line num="46" count="34" type="cond" truecount="4" falsecount="0"/>
        <line num="47" count="14" type="stmt"/>
        <line num="49" count="20" type="stmt"/>
        <line num="53" count="34" type="stmt"/>
        <line num="74" count="2" type="stmt"/>
        <line num="79" count="13" type="stmt"/>
        <line num="80" count="13" type="stmt"/>
        <line num="82" count="13" type="stmt"/>
        <line num="83" count="13" type="stmt"/>
        <line num="85" count="13" type="stmt"/>
        <line num="86" count="33" type="stmt"/>
        <line num="88" count="33" type="stmt"/>
        <line num="89" count="33" type="cond" truecount="5" falsecount="0"/>
        <line num="90" count="13" type="stmt"/>
        <line num="91" count="11" type="cond" truecount="1" falsecount="1"/>
        <line num="92" count="11" type="stmt"/>
        <line num="93" count="11" type="stmt"/>
        <line num="95" count="0" type="stmt"/>
        <line num="99" count="33" type="stmt"/>
        <line num="100" count="33" type="stmt"/>
        <line num="103" count="33" type="stmt"/>
        <line num="104" count="33" type="stmt"/>
        <line num="105" count="33" type="cond" truecount="5" falsecount="0"/>
        <line num="106" count="4" type="stmt"/>
        <line num="107" count="4" type="cond" truecount="1" falsecount="1"/>
        <line num="108" count="4" type="stmt"/>
        <line num="112" count="13" type="stmt"/>
        <line num="113" count="13" type="stmt"/>
        <line num="143" count="2" type="stmt"/>
        <line num="144" count="16" type="stmt"/>
        <line num="145" count="16" type="stmt"/>
        <line num="147" count="4" type="stmt"/>
        <line num="148" count="4" type="cond" truecount="3" falsecount="1"/>
        <line num="149" count="0" type="stmt"/>
        <line num="150" count="0" type="stmt"/>
        <line num="151" count="0" type="stmt"/>
        <line num="153" count="0" type="cond" truecount="0" falsecount="2"/>
        <line num="154" count="0" type="cond" truecount="0" falsecount="2"/>
        <line num="155" count="0" type="cond" truecount="0" falsecount="2"/>
        <line num="157" count="0" type="stmt"/>
        <line num="164" count="4" type="stmt"/>
        <line num="180" count="2" type="cond" truecount="1" falsecount="0"/>
        <line num="181" count="59" type="cond" truecount="1" falsecount="1"/>
        <line num="182" count="0" type="cond" truecount="0" falsecount="2"/>
        <line num="185" count="59" type="stmt"/>
        <line num="186" count="59" type="stmt"/>
        <line num="187" count="95" type="stmt"/>
        <line num="188" count="95" type="cond" truecount="2" falsecount="0"/>
        <line num="190" count="95" type="cond" truecount="2" falsecount="0"/>
        <line num="191" count="48" type="stmt"/>
        <line num="193" count="48" type="stmt"/>
        <line num="196" count="47" type="stmt"/>
        <line num="200" count="59" type="stmt"/>
        <line num="257" count="2" type="stmt"/>
        <line num="262" count="18" type="stmt"/>
        <line num="263" count="18" type="stmt"/>
        <line num="264" count="18" type="stmt"/>
        <line num="265" count="18" type="stmt"/>
        <line num="267" count="18" type="cond" truecount="2" falsecount="0"/>
        <line num="268" count="18" type="cond" truecount="2" falsecount="0"/>
        <line num="270" count="18" type="stmt"/>
        <line num="271" count="18" type="stmt"/>
        <line num="273" count="18" type="stmt"/>
        <line num="274" count="721" type="cond" truecount="5" falsecount="0"/>
        <line num="276" count="19" type="cond" truecount="2" falsecount="0"/>
        <line num="277" count="1" type="stmt"/>
        <line num="284" count="18" type="stmt"/>
        <line num="286" count="18" type="cond" truecount="2" falsecount="0"/>
        <line num="287" count="1" type="stmt"/>
        <line num="293" count="17" type="stmt"/>
        <line num="294" count="17" type="cond" truecount="2" falsecount="0"/>
        <line num="295" count="1" type="stmt"/>
        <line num="302" count="16" type="stmt"/>
        <line num="303" count="16" type="stmt"/>
        <line num="304" count="4" type="cond" truecount="2" falsecount="0"/>
        <line num="307" count="16" type="cond" truecount="2" falsecount="0"/>
        <line num="308" count="3" type="stmt"/>
        <line num="315" count="13" type="cond" truecount="4" falsecount="0"/>
        <line num="316" count="4" type="cond" truecount="2" falsecount="0"/>
        <line num="318" count="1" type="stmt"/>
        <line num="321" count="1" type="stmt"/>
        <line num="325" count="12" type="stmt"/>
        <line num="327" count="12" type="stmt"/>
        <line num="335" count="12" type="cond" truecount="2" falsecount="0"/>
        <line num="336" count="1" type="stmt"/>
        <line num="344" count="11" type="stmt"/>
        <line num="346" count="11" type="stmt"/>
        <line num="347" count="11" type="stmt"/>
        <line num="348" count="10" type="stmt"/>
        <line num="349" count="3" type="stmt"/>
        <line num="350" count="3" type="stmt"/>
        <line num="351" count="3" type="cond" truecount="2" falsecount="0"/>
        <line num="352" count="2" type="stmt"/>
        <line num="360" count="11" type="cond" truecount="4" falsecount="0"/>
        <line num="362" count="1" type="stmt"/>
        <line num="364" count="1" type="stmt"/>
        <line num="369" count="11" type="stmt"/>
        <line num="371" count="11" type="stmt"/>
        <line num="372" count="10" type="stmt"/>
        <line num="373" count="10" type="stmt"/>
        <line num="374" count="10" type="stmt"/>
        <line num="375" count="10" type="stmt"/>
        <line num="377" count="0" type="stmt"/>
        <line num="384" count="11" type="stmt"/>
      </file>
    </package>
    <package name="data-store">
      <metrics statements="44" coveredstatements="39" conditionals="30" coveredconditionals="26" methods="13" coveredmethods="13"/>
      <file name="index.ts" path="/Users/d.phan/Desktop/storefront-next/packages/storefront-next-runtime/src/data-store/index.ts">
        <metrics statements="0" coveredstatements="0" conditionals="0" coveredconditionals="0" methods="0" coveredmethods="0"/>
      </file>
      <file name="provider.ts" path="/Users/d.phan/Desktop/storefront-next/packages/storefront-next-runtime/src/data-store/provider.ts">
        <metrics statements="16" coveredstatements="15" conditionals="11" coveredconditionals="10" methods="6" coveredmethods="6"/>
        <line num="29" count="9" type="stmt"/>
        <line num="37" count="15" type="stmt"/>
        <line num="56" count="12" type="cond" truecount="2" falsecount="0"/>
        <line num="57" count="1" type="stmt"/>
        <line num="60" count="11" type="cond" truecount="2" falsecount="0"/>
        <line num="62" count="12" type="stmt"/>
        <line num="74" count="4" type="stmt"/>
        <line num="76" count="4" type="stmt"/>
        <line num="89" count="5" type="stmt"/>
        <line num="90" count="5" type="cond" truecount="1" falsecount="1"/>
        <line num="91" count="0" type="stmt"/>
        <line num="93" count="5" type="stmt"/>
        <line num="108" count="7" type="cond" truecount="3" falsecount="0"/>
        <line num="111" count="7" type="cond" truecount="2" falsecount="0"/>
        <line num="112" count="5" type="stmt"/>
        <line num="115" count="2" type="stmt"/>
      </file>
      <file name="utils.ts" path="/Users/d.phan/Desktop/storefront-next/packages/storefront-next-runtime/src/data-store/utils.ts">
        <metrics statements="28" coveredstatements="24" conditionals="19" coveredconditionals="16" methods="7" coveredmethods="7"/>
        <line num="44" count="4" type="stmt"/>
        <line num="60" count="13" type="stmt"/>
        <line num="61" count="13" type="cond" truecount="2" falsecount="0"/>
        <line num="62" count="13" type="cond" truecount="2" falsecount="0"/>
        <line num="64" count="13" type="stmt"/>
        <line num="65" count="11" type="cond" truecount="2" falsecount="0"/>
        <line num="66" count="11" type="stmt"/>
        <line num="67" count="11" type="stmt"/>
        <line num="68" count="10" type="stmt"/>
        <line num="70" count="10" type="cond" truecount="4" falsecount="0"/>
        <line num="72" count="3" type="stmt"/>
        <line num="73" count="3" type="stmt"/>
        <line num="75" count="7" type="stmt"/>
        <line num="77" count="1" type="cond" truecount="1" falsecount="1"/>
        <line num="78" count="0" type="stmt"/>
        <line num="82" count="1" type="cond" truecount="1" falsecount="1"/>
        <line num="84" count="0" type="stmt"/>
        <line num="85" count="0" type="stmt"/>
        <line num="87" count="1" type="cond" truecount="1" falsecount="1"/>
        <line num="88" count="0" type="stmt"/>
        <line num="90" count="1" type="stmt"/>
        <line num="93" count="7" type="stmt"/>
        <line num="96" count="13" type="stmt"/>
        <line num="109" count="8" type="cond" truecount="3" falsecount="0"/>
        <line num="122" count="5" type="stmt"/>
        <line num="135" count="4" type="stmt"/>
        <line num="137" count="4" type="stmt"/>
        <line num="139" count="1" type="stmt"/>
      </file>
    </package>
    <package name="data-store.middleware">
      <metrics statements="32" coveredstatements="17" conditionals="10" coveredconditionals="4" methods="5" coveredmethods="2"/>
      <file name="custom-global-preferences.ts" path="/Users/d.phan/Desktop/storefront-next/packages/storefront-next-runtime/src/data-store/middleware/custom-global-preferences.ts">
        <metrics statements="8" coveredstatements="0" conditionals="2" coveredconditionals="0" methods="1" coveredmethods="0"/>
        <line num="22" count="0" type="stmt"/>
        <line num="23" count="0" type="stmt"/>
        <line num="33" count="0" type="stmt"/>
        <line num="34" count="0" type="cond" truecount="0" falsecount="2"/>
        <line num="36" count="0" type="stmt"/>
        <line num="39" count="0" type="stmt"/>
        <line num="41" count="0" type="stmt"/>
        <line num="44" count="0" type="stmt"/>
      </file>
      <file name="custom-site-preferences.ts" path="/Users/d.phan/Desktop/storefront-next/packages/storefront-next-runtime/src/data-store/middleware/custom-site-preferences.ts">
        <metrics statements="13" coveredstatements="8" conditionals="4" coveredconditionals="2" methods="2" coveredmethods="1"/>
        <line num="23" count="1" type="stmt"/>
        <line num="24" count="1" type="stmt"/>
        <line num="34" count="2" type="stmt"/>
        <line num="35" count="2" type="cond" truecount="2" falsecount="0"/>
        <line num="37" count="1" type="stmt"/>
        <line num="40" count="1" type="stmt"/>
        <line num="42" count="1" type="stmt"/>
        <line num="45" count="1" type="stmt"/>
        <line num="47" count="0" type="stmt"/>
        <line num="48" count="0" type="stmt"/>
        <line num="49" count="0" type="cond" truecount="0" falsecount="2"/>
        <line num="50" count="0" type="stmt"/>
        <line num="52" count="0" type="stmt"/>
      </file>
      <file name="gcp-api-key.ts" path="/Users/d.phan/Desktop/storefront-next/packages/storefront-next-runtime/src/data-store/middleware/gcp-api-key.ts">
        <metrics statements="11" coveredstatements="9" conditionals="4" coveredconditionals="2" methods="2" coveredmethods="1"/>
        <line num="24" count="1" type="stmt"/>
        <line num="30" count="1" type="stmt"/>
        <line num="32" count="1" type="stmt"/>
        <line num="45" count="4" type="stmt"/>
        <line num="46" count="4" type="cond" truecount="2" falsecount="0"/>
        <line num="48" count="1" type="stmt"/>
        <line num="51" count="1" type="stmt"/>
        <line num="53" count="3" type="stmt"/>
        <line num="64" count="1" type="stmt"/>
        <line num="68" count="0" type="stmt"/>
        <line num="69" count="0" type="cond" truecount="0" falsecount="2"/>
      </file>
    </package>
    <package name="design">
      <metrics statements="11" coveredstatements="11" conditionals="6" coveredconditionals="6" methods="3" coveredmethods="3"/>
      <file name="jest.d.ts" path="/Users/d.phan/Desktop/storefront-next/packages/storefront-next-runtime/src/design/jest.d.ts">
        <metrics statements="0" coveredstatements="0" conditionals="0" coveredconditionals="0" methods="0" coveredmethods="0"/>
      </file>
      <file name="modeDetection.ts" path="/Users/d.phan/Desktop/storefront-next/packages/storefront-next-runtime/src/design/modeDetection.ts">
        <metrics statements="11" coveredstatements="11" conditionals="6" coveredconditionals="6" methods="3" coveredmethods="3"/>
        <line num="26" count="8" type="stmt"/>
        <line num="29" count="150" type="cond" truecount="2" falsecount="0"/>
        <line num="31" count="28" type="cond" truecount="2" falsecount="0"/>
        <line num="32" count="7" type="stmt"/>
        <line num="34" count="21" type="stmt"/>
        <line num="38" count="122" type="cond" truecount="2" falsecount="0"/>
        <line num="39" count="3" type="stmt"/>
        <line num="41" count="119" type="stmt"/>
        <line num="44" count="147" type="stmt"/>
        <line num="52" count="61" type="stmt"/>
        <line num="59" count="66" type="stmt"/>
      </file>
    </package>
    <package name="design.data">
      <metrics statements="21" coveredstatements="21" conditionals="26" coveredconditionals="26" methods="1" coveredmethods="1"/>
      <file name="types.ts" path="/Users/d.phan/Desktop/storefront-next/packages/storefront-next-runtime/src/design/data/types.ts">
        <metrics statements="0" coveredstatements="0" conditionals="0" coveredconditionals="0" methods="0" coveredmethods="0"/>
      </file>
      <file name="validate-rule.ts" path="/Users/d.phan/Desktop/storefront-next/packages/storefront-next-runtime/src/design/data/validate-rule.ts">
        <metrics statements="21" coveredstatements="21" conditionals="26" coveredconditionals="26" methods="1" coveredmethods="1"/>
        <line num="64" count="65" type="cond" truecount="2" falsecount="0"/>
        <line num="65" count="12" type="stmt"/>
        <line num="66" count="13" type="cond" truecount="2" falsecount="0"/>
        <line num="67" count="6" type="stmt"/>
        <line num="71" count="53" type="cond" truecount="4" falsecount="0"/>
        <line num="72" count="3" type="stmt"/>
        <line num="76" count="50" type="cond" truecount="2" falsecount="0"/>
        <line num="77" count="14" type="stmt"/>
        <line num="79" count="14" type="cond" truecount="2" falsecount="0"/>
        <line num="80" count="10" type="stmt"/>
        <line num="83" count="10" type="cond" truecount="4" falsecount="0"/>
        <line num="84" count="4" type="stmt"/>
        <line num="88" count="10" type="cond" truecount="2" falsecount="0"/>
        <line num="89" count="8" type="stmt"/>
        <line num="92" count="8" type="cond" truecount="4" falsecount="0"/>
        <line num="93" count="3" type="stmt"/>
        <line num="98" count="43" type="cond" truecount="2" falsecount="0"/>
        <line num="99" count="31" type="stmt"/>
        <line num="100" count="33" type="cond" truecount="2" falsecount="0"/>
        <line num="101" count="24" type="stmt"/>
        <line num="107" count="25" type="stmt"/>
      </file>
    </package>
    <package name="design.data.errors">
      <metrics statements="9" coveredstatements="9" conditionals="11" coveredconditionals="11" methods="5" coveredmethods="5"/>
      <file name="required.ts" path="/Users/d.phan/Desktop/storefront-next/packages/storefront-next-runtime/src/design/data/errors/required.ts">
        <metrics statements="5" coveredstatements="5" conditionals="3" coveredconditionals="3" methods="3" coveredmethods="3"/>
        <line num="18" count="14" type="stmt"/>
        <line num="19" count="14" type="stmt"/>
        <line num="25" count="7" type="cond" truecount="1" falsecount="0"/>
        <line num="27" count="19" type="cond" truecount="2" falsecount="0"/>
        <line num="28" count="11" type="stmt"/>
      </file>
      <file name="visitor-context-error.ts" path="/Users/d.phan/Desktop/storefront-next/packages/storefront-next-runtime/src/design/data/errors/visitor-context-error.ts">
        <metrics statements="4" coveredstatements="4" conditionals="8" coveredconditionals="8" methods="2" coveredmethods="2"/>
        <line num="20" count="10" type="stmt"/>
        <line num="21" count="10" type="stmt"/>
        <line num="25" count="191" type="cond" truecount="2" falsecount="0"/>
        <line num="30" count="7" type="stmt"/>
      </file>
    </package>
    <package name="design.data.manifest">
      <metrics statements="31" coveredstatements="31" conditionals="20" coveredconditionals="20" methods="4" coveredmethods="4"/>
      <file name="content-assignment-resolvers.ts" path="/Users/d.phan/Desktop/storefront-next/packages/storefront-next-runtime/src/design/data/manifest/content-assignment-resolvers.ts">
        <metrics statements="10" coveredstatements="10" conditionals="2" coveredconditionals="2" methods="2" coveredmethods="2"/>
        <line num="73" count="3" type="stmt"/>
        <line num="76" count="8" type="stmt"/>
        <line num="84" count="8" type="stmt"/>
        <line num="85" count="8" type="stmt"/>
        <line num="87" count="8" type="stmt"/>
        <line num="89" count="8" type="cond" truecount="2" falsecount="0"/>
        <line num="90" count="12" type="stmt"/>
        <line num="91" count="12" type="stmt"/>
        <line num="92" count="12" type="stmt"/>
        <line num="95" count="8" type="stmt"/>
      </file>
      <file name="get-page.ts" path="/Users/d.phan/Desktop/storefront-next/packages/storefront-next-runtime/src/design/data/manifest/get-page.ts">
        <metrics statements="14" coveredstatements="14" conditionals="14" coveredconditionals="14" methods="1" coveredmethods="1"/>
        <line num="105" count="15" type="stmt"/>
        <line num="106" count="15" type="stmt"/>
        <line num="108" count="15" type="stmt"/>
        <line num="109" count="16" type="stmt"/>
        <line num="111" count="16" type="cond" truecount="4" falsecount="0"/>
        <line num="112" count="7" type="cond" truecount="2" falsecount="0"/>
        <line num="115" count="16" type="cond" truecount="4" falsecount="0"/>
        <line num="116" count="10" type="stmt"/>
        <line num="117" count="10" type="stmt"/>
        <line num="121" count="15" type="cond" truecount="2" falsecount="0"/>
        <line num="122" count="6" type="stmt"/>
        <line num="125" count="15" type="cond" truecount="2" falsecount="0"/>
        <line num="126" count="2" type="stmt"/>
        <line num="129" count="13" type="stmt"/>
      </file>
      <file name="resolve-dynamic-page-id.ts" path="/Users/d.phan/Desktop/storefront-next/packages/storefront-next-runtime/src/design/data/manifest/resolve-dynamic-page-id.ts">
        <metrics statements="7" coveredstatements="7" conditionals="4" coveredconditionals="4" methods="1" coveredmethods="1"/>
        <line num="79" count="11" type="stmt"/>
        <line num="81" count="11" type="cond" truecount="2" falsecount="0"/>
        <line num="82" count="10" type="stmt"/>
        <line num="84" count="11" type="stmt"/>
        <line num="88" count="11" type="cond" truecount="2" falsecount="0"/>
        <line num="89" count="6" type="stmt"/>
        <line num="94" count="5" type="stmt"/>
      </file>
    </package>
    <package name="design.data.page">
      <metrics statements="118" coveredstatements="115" conditionals="76" coveredconditionals="71" methods="26" coveredmethods="26"/>
      <file name="process-page.ts" path="/Users/d.phan/Desktop/storefront-next/packages/storefront-next-runtime/src/design/data/page/process-page.ts">
        <metrics statements="34" coveredstatements="34" conditionals="24" coveredconditionals="24" methods="4" coveredmethods="4"/>
        <line num="100" count="45" type="stmt"/>
        <line num="102" count="48" type="stmt"/>
        <line num="103" count="48" type="cond" truecount="2" falsecount="0"/>
        <line num="107" count="48" type="stmt"/>
        <line num="109" count="48" type="cond" truecount="2" falsecount="0"/>
        <line num="110" count="12" type="cond" truecount="2" falsecount="0"/>
        <line num="111" count="7" type="stmt"/>
        <line num="113" count="5" type="stmt"/>
        <line num="114" count="5" type="stmt"/>
        <line num="116" count="5" type="stmt"/>
        <line num="118" count="20" type="cond" truecount="2" falsecount="0"/>
        <line num="119" count="15" type="stmt"/>
        <line num="122" count="20" type="cond" truecount="2" falsecount="0"/>
        <line num="124" count="7" type="stmt"/>
        <line num="126" count="13" type="stmt"/>
        <line num="130" count="5" type="stmt"/>
        <line num="134" count="48" type="stmt"/>
        <line num="142" count="84" type="stmt"/>
        <line num="143" count="84" type="cond" truecount="2" falsecount="0"/>
        <line num="144" count="84" type="cond" truecount="2" falsecount="0"/>
        <line num="145" count="84" type="stmt"/>
        <line num="150" count="84" type="cond" truecount="2" falsecount="0"/>
        <line num="151" count="17" type="stmt"/>
        <line num="155" count="16" type="cond" truecount="2" falsecount="0"/>
        <line num="156" count="14" type="cond" truecount="2" falsecount="0"/>
        <line num="157" count="8" type="stmt"/>
        <line num="160" count="6" type="stmt"/>
        <line num="166" count="76" type="cond" truecount="2" falsecount="0"/>
        <line num="167" count="84" type="cond" truecount="2" falsecount="0"/>
        <line num="168" count="84" type="stmt"/>
        <line num="169" count="84" type="stmt"/>
        <line num="171" count="84" type="stmt"/>
        <line num="183" count="84" type="stmt"/>
        <line num="189" count="84" type="stmt"/>
      </file>
      <file name="resolve-data-bindings.ts" path="/Users/d.phan/Desktop/storefront-next/packages/storefront-next-runtime/src/design/data/page/resolve-data-bindings.ts">
        <metrics statements="21" coveredstatements="21" conditionals="18" coveredconditionals="17" methods="4" coveredmethods="4"/>
        <line num="22" count="3" type="stmt"/>
        <line num="38" count="24" type="stmt"/>
        <line num="39" count="24" type="cond" truecount="2" falsecount="0"/>
        <line num="40" count="20" type="stmt"/>
        <line num="43" count="4" type="stmt"/>
        <line num="64" count="19" type="stmt"/>
        <line num="65" count="19" type="cond" truecount="2" falsecount="0"/>
        <line num="67" count="20" type="stmt"/>
        <line num="68" count="18" type="cond" truecount="2" falsecount="0"/>
        <line num="70" count="17" type="stmt"/>
        <line num="71" count="19" type="cond" truecount="2" falsecount="0"/>
        <line num="73" count="16" type="cond" truecount="2" falsecount="0"/>
        <line num="129" count="85" type="cond" truecount="2" falsecount="0"/>
        <line num="130" count="73" type="stmt"/>
        <line num="133" count="12" type="cond" truecount="2" falsecount="0"/>
        <line num="135" count="8" type="cond" truecount="1" falsecount="1"/>
        <line num="136" count="85" type="cond" truecount="2" falsecount="0"/>
        <line num="138" count="7" type="stmt"/>
        <line num="142" count="7" type="stmt"/>
        <line num="143" count="9" type="stmt"/>
        <line num="146" count="7" type="stmt"/>
      </file>
      <file name="resolve-page.ts" path="/Users/d.phan/Desktop/storefront-next/packages/storefront-next-runtime/src/design/data/page/resolve-page.ts">
        <metrics statements="18" coveredstatements="18" conditionals="14" coveredconditionals="13" methods="2" coveredmethods="2"/>
        <line num="98" count="11" type="stmt"/>
        <line num="100" count="11" type="cond" truecount="2" falsecount="0"/>
        <line num="101" count="5" type="stmt"/>
        <line num="103" count="5" type="stmt"/>
        <line num="105" count="5" type="stmt"/>
        <line num="107" count="6" type="stmt"/>
        <line num="110" count="8" type="cond" truecount="2" falsecount="0"/>
        <line num="111" count="1" type="stmt"/>
        <line num="114" count="7" type="stmt"/>
        <line num="116" count="7" type="cond" truecount="2" falsecount="0"/>
        <line num="117" count="1" type="stmt"/>
        <line num="120" count="6" type="stmt"/>
        <line num="125" count="6" type="cond" truecount="2" falsecount="0"/>
        <line num="126" count="1" type="stmt"/>
        <line num="129" count="5" type="stmt"/>
        <line num="131" count="5" type="cond" truecount="2" falsecount="0"/>
        <line num="132" count="2" type="cond" truecount="2" falsecount="1"/>
        <line num="135" count="5" type="stmt"/>
      </file>
      <file name="transform.ts" path="/Users/d.phan/Desktop/storefront-next/packages/storefront-next-runtime/src/design/data/page/transform.ts">
        <metrics statements="45" coveredstatements="42" conditionals="20" coveredconditionals="17" methods="16" coveredmethods="16"/>
        <line num="33" count="308" type="stmt"/>
        <line num="50" count="3" type="stmt"/>
        <line num="57" count="690" type="stmt"/>
        <line num="64" count="179" type="stmt"/>
        <line num="71" count="71" type="stmt"/>
        <line num="78" count="109" type="stmt"/>
        <line num="102" count="145" type="stmt"/>
        <line num="104" count="145" type="stmt"/>
        <line num="105" count="66" type="stmt"/>
        <line num="107" count="66" type="cond" truecount="2" falsecount="0"/>
        <line num="108" count="65" type="stmt"/>
        <line num="112" count="145" type="stmt"/>
        <line num="124" count="69" type="stmt"/>
        <line num="126" count="69" type="cond" truecount="2" falsecount="0"/>
        <line num="127" count="56" type="stmt"/>
        <line num="128" count="13" type="cond" truecount="1" falsecount="1"/>
        <line num="129" count="13" type="stmt"/>
        <line num="135" count="0" type="stmt"/>
        <line num="161" count="63" type="stmt"/>
        <line num="163" count="63" type="stmt"/>
        <line num="164" count="106" type="stmt"/>
        <line num="166" count="106" type="cond" truecount="2" falsecount="0"/>
        <line num="167" count="95" type="stmt"/>
        <line num="171" count="63" type="stmt"/>
        <line num="183" count="109" type="stmt"/>
        <line num="185" count="109" type="cond" truecount="2" falsecount="0"/>
        <line num="186" count="104" type="stmt"/>
        <line num="187" count="5" type="cond" truecount="1" falsecount="1"/>
        <line num="188" count="5" type="stmt"/>
        <line num="194" count="0" type="stmt"/>
        <line num="206" count="62" type="stmt"/>
        <line num="215" count="62" type="cond" truecount="2" falsecount="0"/>
        <line num="216" count="5" type="stmt"/>
        <line num="217" count="57" type="cond" truecount="1" falsecount="1"/>
        <line num="218" count="57" type="stmt"/>
        <line num="223" count="57" type="stmt"/>
        <line num="226" count="0" type="stmt"/>
        <line num="233" count="178" type="stmt"/>
        <line num="235" count="178" type="cond" truecount="2" falsecount="0"/>
        <line num="236" count="69" type="stmt"/>
        <line num="246" count="109" type="stmt"/>
        <line num="259" count="68" type="stmt"/>
        <line num="340" count="62" type="stmt"/>
        <line num="383" count="3" type="stmt"/>
        <line num="427" count="3" type="stmt"/>
      </file>
    </package>
    <package name="design.messaging-api">
      <metrics statements="135" coveredstatements="131" conditionals="58" coveredconditionals="53" methods="46" coveredmethods="45"/>
      <file name="client.ts" path="/Users/d.phan/Desktop/storefront-next/packages/storefront-next-runtime/src/design/messaging-api/client.ts">
        <metrics statements="51" coveredstatements="50" conditionals="19" coveredconditionals="18" methods="15" coveredmethods="15"/>
        <line num="34" count="113" type="stmt"/>
        <line num="40" count="113" type="stmt"/>
        <line num="42" count="113" type="stmt"/>
        <line num="43" count="113" type="stmt"/>
        <line num="44" count="113" type="stmt"/>
        <line num="46" count="113" type="stmt"/>
        <line num="47" count="305" type="cond" truecount="2" falsecount="0"/>
        <line num="48" count="193" type="stmt"/>
        <line num="49" count="193" type="stmt"/>
        <line num="53" count="113" type="cond" truecount="2" falsecount="0"/>
        <line num="54" count="202" type="stmt"/>
        <line num="55" count="202" type="stmt"/>
        <line num="56" count="912" type="stmt"/>
        <line num="57" count="202" type="stmt"/>
        <line num="58" count="202" type="stmt"/>
        <line num="61" count="113" type="cond" truecount="1" falsecount="0"/>
        <line num="64" count="103" type="cond" truecount="1" falsecount="0"/>
        <line num="78" count="193" type="cond" truecount="2" falsecount="0"/>
        <line num="79" count="2" type="stmt"/>
        <line num="82" count="193" type="stmt"/>
        <line num="83" count="193" type="stmt"/>
        <line num="85" count="193" type="stmt"/>
        <line num="87" count="150" type="cond" truecount="2" falsecount="0"/>
        <line num="89" count="47" type="stmt"/>
        <line num="92" count="103" type="stmt"/>
        <line num="93" count="103" type="stmt"/>
        <line num="94" count="103" type="stmt"/>
        <line num="96" count="103" type="stmt"/>
        <line num="97" count="103" type="stmt"/>
        <line num="99" count="103" type="stmt"/>
        <line num="100" count="103" type="stmt"/>
        <line num="101" count="103" type="stmt"/>
        <line num="102" count="150" type="stmt"/>
        <line num="104" count="0" type="stmt"/>
        <line num="108" count="2" type="stmt"/>
        <line num="109" count="2" type="stmt"/>
        <line num="112" count="100" type="stmt"/>
        <line num="113" count="100" type="stmt"/>
        <line num="114" count="91" type="stmt"/>
        <line num="127" count="193" type="stmt"/>
        <line num="128" count="211" type="cond" truecount="2" falsecount="0"/>
        <line num="129" count="1" type="stmt"/>
        <line num="132" count="210" type="stmt"/>
        <line num="133" count="210" type="stmt"/>
        <line num="136" count="193" type="stmt"/>
        <line num="137" count="193" type="stmt"/>
        <line num="140" count="113" type="stmt"/>
        <line num="158" count="2494" type="stmt"/>
        <line num="160" count="123" type="cond" truecount="3" falsecount="1"/>
        <line num="161" count="123" type="stmt"/>
        <line num="165" count="6" type="stmt"/>
      </file>
      <file name="host.ts" path="/Users/d.phan/Desktop/storefront-next/packages/storefront-next-runtime/src/design/messaging-api/host.ts">
        <metrics statements="36" coveredstatements="33" conditionals="14" coveredconditionals="10" methods="10" coveredmethods="9"/>
        <line num="27" count="7" type="stmt"/>
        <line num="28" count="0" type="stmt"/>
        <line num="37" count="102" type="stmt"/>
        <line num="43" count="102" type="stmt"/>
        <line num="44" count="102" type="stmt"/>
        <line num="45" count="102" type="stmt"/>
        <line num="46" count="105" type="stmt"/>
        <line num="47" count="105" type="stmt"/>
        <line num="48" count="214" type="stmt"/>
        <line num="49" count="105" type="stmt"/>
        <line num="52" count="102" type="stmt"/>
        <line num="69" count="1" type="stmt"/>
        <line num="85" count="103" type="cond" truecount="2" falsecount="0"/>
        <line num="86" count="2" type="stmt"/>
        <line num="89" count="103" type="stmt"/>
        <line num="91" count="103" type="stmt"/>
        <line num="93" count="46" type="cond" truecount="2" falsecount="0"/>
        <line num="94" count="3" type="stmt"/>
        <line num="97" count="46" type="cond" truecount="0" falsecount="2"/>
        <line num="101" count="103" type="stmt"/>
        <line num="103" count="151" type="stmt"/>
        <line num="107" count="151" type="cond" truecount="4" falsecount="1"/>
        <line num="108" count="151" type="stmt"/>
        <line num="110" count="151" type="stmt"/>
        <line num="111" count="151" type="stmt"/>
        <line num="113" count="151" type="stmt"/>
        <line num="115" count="151" type="stmt"/>
        <line num="117" count="103" type="cond" truecount="1" falsecount="1"/>
        <line num="118" count="0" type="stmt"/>
        <line num="121" count="103" type="stmt"/>
        <line num="122" count="103" type="stmt"/>
        <line num="123" count="151" type="stmt"/>
        <line num="125" count="0" type="stmt"/>
        <line num="131" count="103" type="stmt"/>
        <line num="137" count="37" type="stmt"/>
        <line num="139" count="6" type="stmt"/>
      </file>
      <file name="messenger.ts" path="/Users/d.phan/Desktop/storefront-next/packages/storefront-next-runtime/src/design/messaging-api/messenger.ts">
        <metrics statements="48" coveredstatements="48" conditionals="25" coveredconditionals="25" methods="21" coveredmethods="21"/>
        <line num="37" count="215" type="stmt"/>
        <line num="43" count="215" type="stmt"/>
        <line num="46" count="215" type="stmt"/>
        <line num="61" count="215" type="stmt"/>
        <line num="62" count="215" type="stmt"/>
        <line num="63" count="215" type="stmt"/>
        <line num="64" count="215" type="stmt"/>
        <line num="75" count="296" type="stmt"/>
        <line num="76" count="296" type="stmt"/>
        <line num="78" count="296" type="stmt"/>
        <line num="79" count="1233" type="cond" truecount="4" falsecount="0"/>
        <line num="80" count="683" type="cond" truecount="2" falsecount="0"/>
        <line num="82" count="683" type="stmt"/>
        <line num="83" count="1366" type="stmt"/>
        <line num="85" count="718" type="stmt"/>
        <line num="90" count="296" type="stmt"/>
        <line num="92" count="206" type="stmt"/>
        <line num="95" count="206" type="stmt"/>
        <line num="96" count="206" type="stmt"/>
        <line num="105" count="462" type="stmt"/>
        <line num="112" count="257" type="stmt"/>
        <line num="129" count="955" type="cond" truecount="4" falsecount="0"/>
        <line num="130" count="145" type="stmt"/>
        <line num="132" count="145" type="stmt"/>
        <line num="135" count="810" type="stmt"/>
        <line num="146" count="955" type="stmt"/>
        <line num="148" count="955" type="stmt"/>
        <line num="159" count="3467" type="cond" truecount="2" falsecount="0"/>
        <line num="161" count="3467" type="stmt"/>
        <line num="162" count="3467" type="stmt"/>
        <line num="164" count="3467" type="stmt"/>
        <line num="165" count="3706" type="cond" truecount="2" falsecount="0"/>
        <line num="166" count="3706" type="stmt"/>
        <line num="168" count="3706" type="cond" truecount="2" falsecount="0"/>
        <line num="169" count="2558" type="stmt"/>
        <line num="172" count="3706" type="cond" truecount="2" falsecount="0"/>
        <line num="173" count="3151" type="stmt"/>
        <line num="187" count="3396" type="stmt"/>
        <line num="188" count="134" type="stmt"/>
        <line num="193" count="151" type="stmt"/>
        <line num="194" count="151" type="stmt"/>
        <line num="195" count="103" type="stmt"/>
        <line num="196" count="103" type="stmt"/>
        <line num="205" count="307" type="stmt"/>
        <line num="206" count="307" type="stmt"/>
        <line num="207" count="307" type="stmt"/>
        <line num="208" count="307" type="stmt"/>
        <line num="217" count="34" type="stmt"/>
      </file>
    </package>
    <package name="design.react.components">
      <metrics statements="90" coveredstatements="87" conditionals="84" coveredconditionals="68" methods="23" coveredmethods="20"/>
      <file name="DeleteToolboxButton.tsx" path="/Users/d.phan/Desktop/storefront-next/packages/storefront-next-runtime/src/design/react/components/DeleteToolboxButton.tsx">
        <metrics statements="2" coveredstatements="2" conditionals="1" coveredconditionals="0" methods="2" coveredmethods="1"/>
        <line num="18" count="5" type="stmt"/>
        <line num="29" count="618" type="stmt"/>
      </file>
      <file name="DesignApp.tsx" path="/Users/d.phan/Desktop/storefront-next/packages/storefront-next-runtime/src/design/react/components/DesignApp.tsx">
        <metrics statements="4" coveredstatements="4" conditionals="0" coveredconditionals="0" methods="1" coveredmethods="1"/>
        <line num="22" count="6" type="stmt"/>
        <line num="23" count="220" type="stmt"/>
        <line num="24" count="220" type="stmt"/>
        <line num="26" count="220" type="stmt"/>
      </file>
      <file name="DesignComponent.tsx" path="/Users/d.phan/Desktop/storefront-next/packages/storefront-next-runtime/src/design/react/components/DesignComponent.tsx">
        <metrics statements="46" coveredstatements="43" conditionals="34" coveredconditionals="25" methods="10" coveredmethods="9"/>
        <line num="31" count="618" type="stmt"/>
        <line num="32" count="618" type="cond" truecount="5" falsecount="1"/>
        <line num="33" count="618" type="stmt"/>
        <line num="34" count="618" type="stmt"/>
        <line num="35" count="618" type="stmt"/>
        <line num="36" count="618" type="stmt"/>
        <line num="38" count="618" type="cond" truecount="4" falsecount="0"/>
        <line num="39" count="618" type="stmt"/>
        <line num="40" count="618" type="cond" truecount="1" falsecount="1"/>
        <line num="41" count="618" type="cond" truecount="1" falsecount="1"/>
        <line num="51" count="618" type="stmt"/>
        <line num="53" count="618" type="stmt"/>
        <line num="54" count="618" type="stmt"/>
        <line num="62" count="618" type="stmt"/>
        <line num="66" count="618" type="stmt"/>
        <line num="67" count="618" type="stmt"/>
        <line num="74" count="7" type="stmt"/>
        <line num="77" count="14" type="stmt"/>
        <line num="80" count="7" type="cond" truecount="1" falsecount="1"/>
        <line num="85" count="618" type="stmt"/>
        <line num="87" count="5" type="stmt"/>
        <line num="88" count="5" type="stmt"/>
        <line num="94" count="618" type="stmt"/>
        <line num="96" count="2" type="stmt"/>
        <line num="97" count="2" type="stmt"/>
        <line num="102" count="618" type="stmt"/>
        <line num="104" count="15" type="stmt"/>
        <line num="105" count="15" type="stmt"/>
        <line num="110" count="618" type="cond" truecount="2" falsecount="0"/>
        <line num="111" count="618" type="cond" truecount="3" falsecount="0"/>
        <line num="113" count="618" type="stmt"/>
        <line num="119" count="618" type="stmt"/>
        <line num="122" count="618" type="stmt"/>
        <line num="127" count="0" type="cond" truecount="0" falsecount="2"/>
        <line num="128" count="0" type="stmt"/>
        <line num="141" count="618" type="stmt"/>
        <line num="143" count="11" type="cond" truecount="1" falsecount="1"/>
        <line num="144" count="11" type="stmt"/>
        <line num="145" count="11" type="stmt"/>
        <line num="151" count="618" type="stmt"/>
        <line num="153" count="11" type="stmt"/>
        <line num="155" count="11" type="cond" truecount="4" falsecount="1"/>
        <line num="156" count="11" type="stmt"/>
        <line num="165" count="618" type="cond" truecount="1" falsecount="1"/>
        <line num="166" count="0" type="stmt"/>
        <line num="169" count="618" type="stmt"/>
      </file>
      <file name="DesignFrame.tsx" path="/Users/d.phan/Desktop/storefront-next/packages/storefront-next-runtime/src/design/react/components/DesignFrame.tsx">
        <metrics statements="13" coveredstatements="13" conditionals="30" coveredconditionals="27" methods="3" coveredmethods="2"/>
        <line num="24" count="5" type="stmt"/>
        <line num="46" count="829" type="cond" truecount="2" falsecount="0"/>
        <line num="47" count="829" type="stmt"/>
        <line num="48" count="829" type="stmt"/>
        <line num="49" count="829" type="stmt"/>
        <line num="51" count="829" type="stmt"/>
        <line num="55" count="1" type="stmt"/>
        <line num="57" count="1" type="cond" truecount="1" falsecount="1"/>
        <line num="58" count="1" type="stmt"/>
        <line num="68" count="829" type="stmt"/>
        <line num="70" count="829" type="cond" truecount="2" falsecount="0"/>
        <line num="74" count="829" type="stmt"/>
        <line num="109" count="5" type="stmt"/>
      </file>
      <file name="DesignOverlay.tsx" path="/Users/d.phan/Desktop/storefront-next/packages/storefront-next-runtime/src/design/react/components/DesignOverlay.tsx">
        <metrics statements="2" coveredstatements="2" conditionals="0" coveredconditionals="0" methods="1" coveredmethods="1"/>
        <line num="16" count="5" type="stmt"/>
        <line num="17" count="829" type="stmt"/>
      </file>
      <file name="DesignRegion.tsx" path="/Users/d.phan/Desktop/storefront-next/packages/storefront-next-runtime/src/design/react/components/DesignRegion.tsx">
        <metrics statements="15" coveredstatements="15" conditionals="17" coveredconditionals="15" methods="3" coveredmethods="3"/>
        <line num="28" count="215" type="stmt"/>
        <line num="35" count="215" type="cond" truecount="2" falsecount="0"/>
        <line num="36" count="215" type="stmt"/>
        <line num="37" count="215" type="stmt"/>
        <line num="42" count="215" type="stmt"/>
        <line num="43" count="215" type="stmt"/>
        <line num="44" count="215" type="cond" truecount="2" falsecount="0"/>
        <line num="45" count="215" type="cond" truecount="1" falsecount="1"/>
        <line num="47" count="215" type="stmt"/>
        <line num="58" count="215" type="stmt"/>
        <line num="60" count="215" type="stmt"/>
        <line num="62" count="2" type="stmt"/>
        <line num="68" count="2" type="cond" truecount="2" falsecount="0"/>
        <line num="69" count="1" type="stmt"/>
        <line num="75" count="215" type="stmt"/>
      </file>
      <file name="MoveToolboxButton.tsx" path="/Users/d.phan/Desktop/storefront-next/packages/storefront-next-runtime/src/design/react/components/MoveToolboxButton.tsx">
        <metrics statements="2" coveredstatements="2" conditionals="0" coveredconditionals="0" methods="1" coveredmethods="1"/>
        <line num="18" count="5" type="stmt"/>
        <line num="19" count="107" type="stmt"/>
      </file>
      <file name="PageRegistration.tsx" path="/Users/d.phan/Desktop/storefront-next/packages/storefront-next-runtime/src/design/react/components/PageRegistration.tsx">
        <metrics statements="6" coveredstatements="6" conditionals="2" coveredconditionals="1" methods="2" coveredmethods="2"/>
        <line num="29" count="152" type="stmt"/>
        <line num="30" count="152" type="stmt"/>
        <line num="32" count="152" type="stmt"/>
        <line num="33" count="142" type="cond" truecount="1" falsecount="1"/>
        <line num="34" count="142" type="stmt"/>
        <line num="38" count="152" type="stmt"/>
      </file>
    </package>
    <package name="design.react.context">
      <metrics statements="53" coveredstatements="53" conditionals="3" coveredconditionals="3" methods="20" coveredmethods="19"/>
      <file name="DesignContext.tsx" path="/Users/d.phan/Desktop/storefront-next/packages/storefront-next-runtime/src/design/react/context/DesignContext.tsx">
        <metrics statements="34" coveredstatements="34" conditionals="3" coveredconditionals="3" methods="15" coveredmethods="14"/>
        <line num="30" count="5" type="stmt"/>
        <line num="54" count="5" type="stmt"/>
        <line num="71" count="5" type="stmt"/>
        <line num="87" count="156" type="stmt"/>
        <line num="88" count="156" type="stmt"/>
        <line num="89" count="156" type="stmt"/>
        <line num="90" count="156" type="stmt"/>
        <line num="91" count="156" type="stmt"/>
        <line num="93" count="156" type="stmt"/>
        <line num="94" count="61" type="stmt"/>
        <line num="98" count="263" type="stmt"/>
        <line num="100" count="400" type="stmt"/>
        <line num="102" count="94" type="stmt"/>
        <line num="104" count="94" type="stmt"/>
        <line num="112" count="156" type="stmt"/>
        <line num="114" count="47" type="stmt"/>
        <line num="118" count="47" type="stmt"/>
        <line num="119" count="47" type="stmt"/>
        <line num="122" count="47" type="stmt"/>
        <line num="123" count="47" type="stmt"/>
        <line num="124" count="47" type="stmt"/>
        <line num="132" count="47" type="stmt"/>
        <line num="133" count="47" type="stmt"/>
        <line num="134" count="47" type="stmt"/>
        <line num="135" count="47" type="stmt"/>
        <line num="140" count="156" type="stmt"/>
        <line num="141" count="156" type="stmt"/>
        <line num="148" count="142" type="cond" truecount="2" falsecount="0"/>
        <line num="149" count="47" type="stmt"/>
        <line num="150" count="47" type="stmt"/>
        <line num="151" count="47" type="stmt"/>
        <line num="158" count="156" type="stmt"/>
        <line num="167" count="5" type="stmt"/>
        <line num="180" count="4797" type="stmt"/>
      </file>
      <file name="DesignStateContext.tsx" path="/Users/d.phan/Desktop/storefront-next/packages/storefront-next-runtime/src/design/react/context/DesignStateContext.tsx">
        <metrics statements="13" coveredstatements="13" conditionals="0" coveredconditionals="0" methods="3" coveredmethods="3"/>
        <line num="48" count="6" type="stmt"/>
        <line num="50" count="6" type="stmt"/>
        <line num="51" count="220" type="stmt"/>
        <line num="52" count="220" type="stmt"/>
        <line num="53" count="220" type="stmt"/>
        <line num="57" count="220" type="stmt"/>
        <line num="60" count="220" type="stmt"/>
        <line num="61" count="220" type="stmt"/>
        <line num="62" count="220" type="stmt"/>
        <line num="63" count="220" type="stmt"/>
        <line num="65" count="220" type="stmt"/>
        <line num="66" count="220" type="stmt"/>
        <line num="88" count="220" type="stmt"/>
      </file>
      <file name="PreviewContext.tsx" path="/Users/d.phan/Desktop/storefront-next/packages/storefront-next-runtime/src/design/react/context/PreviewContext.tsx">
        <metrics statements="6" coveredstatements="6" conditionals="0" coveredconditionals="0" methods="2" coveredmethods="2"/>
        <line num="24" count="1" type="stmt"/>
        <line num="28" count="1" type="stmt"/>
        <line num="29" count="5" type="stmt"/>
        <line num="31" count="5" type="stmt"/>
        <line num="32" count="5" type="stmt"/>
        <line num="38" count="5" type="stmt"/>
      </file>
    </package>
    <package name="design.react.core">
      <metrics statements="52" coveredstatements="49" conditionals="22" coveredconditionals="19" methods="26" coveredmethods="23"/>
      <file name="ComponentContext.tsx" path="/Users/d.phan/Desktop/storefront-next/packages/storefront-next-runtime/src/design/react/core/ComponentContext.tsx">
        <metrics statements="2" coveredstatements="2" conditionals="0" coveredconditionals="0" methods="1" coveredmethods="1"/>
        <line num="23" count="5" type="stmt"/>
        <line num="25" count="829" type="stmt"/>
      </file>
      <file name="ComponentDecorator.tsx" path="/Users/d.phan/Desktop/storefront-next/packages/storefront-next-runtime/src/design/react/core/ComponentDecorator.tsx">
        <metrics statements="6" coveredstatements="6" conditionals="2" coveredconditionals="2" methods="4" coveredmethods="4"/>
        <line num="21" count="5" type="stmt"/>
        <line num="22" count="5" type="stmt"/>
        <line num="37" count="50" type="stmt"/>
        <line num="38" count="155" type="stmt"/>
        <line num="41" count="155" type="stmt"/>
        <line num="43" count="155" type="cond" truecount="2" falsecount="0"/>
      </file>
      <file name="PageDesignerPageMetadataProvider.tsx" path="/Users/d.phan/Desktop/storefront-next/packages/storefront-next-runtime/src/design/react/core/PageDesignerPageMetadataProvider.tsx">
        <metrics statements="6" coveredstatements="6" conditionals="2" coveredconditionals="2" methods="3" coveredmethods="3"/>
        <line num="20" count="5" type="stmt"/>
        <line num="21" count="5" type="stmt"/>
        <line num="31" count="64" type="stmt"/>
        <line num="33" count="64" type="cond" truecount="2" falsecount="0"/>
        <line num="34" count="3" type="stmt"/>
        <line num="37" count="61" type="stmt"/>
      </file>
      <file name="PageDesignerProvider.tsx" path="/Users/d.phan/Desktop/storefront-next/packages/storefront-next-runtime/src/design/react/core/PageDesignerProvider.tsx">
        <metrics statements="22" coveredstatements="19" conditionals="16" coveredconditionals="13" methods="9" coveredmethods="6"/>
        <line num="21" count="6" type="stmt"/>
        <line num="22" count="5" type="stmt"/>
        <line num="27" count="6" type="stmt"/>
        <line num="28" count="0" type="stmt"/>
        <line num="34" count="6" type="stmt"/>
        <line num="43" count="6" type="stmt"/>
        <line num="50" count="587" type="stmt"/>
        <line num="63" count="6" type="stmt"/>
        <line num="73" count="50" type="stmt"/>
        <line num="74" count="50" type="stmt"/>
        <line num="80" count="50" type="stmt"/>
        <line num="82" count="50" type="cond" truecount="3" falsecount="1"/>
        <line num="83" count="0" type="stmt"/>
        <line num="90" count="50" type="cond" truecount="4" falsecount="0"/>
        <line num="91" count="3" type="stmt"/>
        <line num="94" count="47" type="stmt"/>
        <line num="96" count="47" type="cond" truecount="1" falsecount="1"/>
        <line num="97" count="0" type="stmt"/>
        <line num="104" count="47" type="cond" truecount="1" falsecount="1"/>
        <line num="105" count="47" type="stmt"/>
        <line num="120" count="47" type="stmt"/>
        <line num="123" count="6" type="stmt"/>
      </file>
      <file name="RegionContext.tsx" path="/Users/d.phan/Desktop/storefront-next/packages/storefront-next-runtime/src/design/react/core/RegionContext.tsx">
        <metrics statements="2" coveredstatements="2" conditionals="0" coveredconditionals="0" methods="1" coveredmethods="1"/>
        <line num="23" count="5" type="stmt"/>
        <line num="25" count="618" type="stmt"/>
      </file>
      <file name="RegionDecorator.tsx" path="/Users/d.phan/Desktop/storefront-next/packages/storefront-next-runtime/src/design/react/core/RegionDecorator.tsx">
        <metrics statements="6" coveredstatements="6" conditionals="2" coveredconditionals="2" methods="4" coveredmethods="4"/>
        <line num="20" count="5" type="stmt"/>
        <line num="21" count="5" type="stmt"/>
        <line num="27" count="50" type="stmt"/>
        <line num="28" count="60" type="stmt"/>
        <line num="29" count="60" type="stmt"/>
        <line num="31" count="60" type="cond" truecount="2" falsecount="0"/>
      </file>
      <file name="adapter.ts" path="/Users/d.phan/Desktop/storefront-next/packages/storefront-next-runtime/src/design/react/core/adapter.ts">
        <metrics statements="8" coveredstatements="8" conditionals="0" coveredconditionals="0" methods="4" coveredmethods="4"/>
        <line num="45" count="6" type="stmt"/>
        <line num="46" count="4" type="stmt"/>
        <line num="48" count="3" type="stmt"/>
        <line num="50" count="3" type="stmt"/>
        <line num="53" count="6" type="stmt"/>
        <line num="61" count="5" type="stmt"/>
        <line num="63" count="5" type="stmt"/>
        <line num="71" count="2" type="stmt"/>
      </file>
    </package>
    <package name="design.react.hooks">
      <metrics statements="254" coveredstatements="216" conditionals="162" coveredconditionals="113" methods="98" coveredmethods="78"/>
      <file name="useComponentDecoratorClasses.ts" path="/Users/d.phan/Desktop/storefront-next/packages/storefront-next-runtime/src/design/react/hooks/useComponentDecoratorClasses.ts">
        <metrics statements="9" coveredstatements="9" conditionals="23" coveredconditionals="23" methods="1" coveredmethods="1"/>
        <line num="27" count="618" type="stmt"/>
        <line num="29" count="618" type="stmt"/>
        <line num="30" count="618" type="cond" truecount="2" falsecount="0"/>
        <line num="31" count="618" type="cond" truecount="3" falsecount="0"/>
        <line num="32" count="618" type="cond" truecount="2" falsecount="0"/>
        <line num="33" count="618" type="stmt"/>
        <line num="34" count="618" type="stmt"/>
        <line num="35" count="618" type="stmt"/>
        <line num="37" count="618" type="stmt"/>
      </file>
      <file name="useComponentDiscovery.ts" path="/Users/d.phan/Desktop/storefront-next/packages/storefront-next-runtime/src/design/react/hooks/useComponentDiscovery.ts">
        <metrics statements="10" coveredstatements="10" conditionals="5" coveredconditionals="5" methods="3" coveredmethods="3"/>
        <line num="31" count="838" type="stmt"/>
        <line num="32" count="24" type="cond" truecount="1" falsecount="0"/>
        <line num="33" count="24" type="stmt"/>
        <line num="34" count="24" type="stmt"/>
        <line num="36" count="24" type="stmt"/>
        <line num="37" count="43" type="stmt"/>
        <line num="38" count="43" type="stmt"/>
        <line num="40" count="43" type="cond" truecount="4" falsecount="0"/>
        <line num="41" count="31" type="stmt"/>
        <line num="45" count="24" type="stmt"/>
      </file>
      <file name="useComponentInfo.ts" path="/Users/d.phan/Desktop/storefront-next/packages/storefront-next-runtime/src/design/react/hooks/useComponentInfo.ts">
        <metrics statements="7" coveredstatements="7" conditionals="4" coveredconditionals="4" methods="1" coveredmethods="1"/>
        <line num="28" count="624" type="stmt"/>
        <line num="29" count="624" type="stmt"/>
        <line num="30" count="624" type="stmt"/>
        <line num="31" count="624" type="cond" truecount="2" falsecount="0"/>
        <line num="33" count="624" type="cond" truecount="2" falsecount="0"/>
        <line num="34" count="509" type="stmt"/>
        <line num="37" count="115" type="stmt"/>
      </file>
      <file name="useComponentType.ts" path="/Users/d.phan/Desktop/storefront-next/packages/storefront-next-runtime/src/design/react/hooks/useComponentType.ts">
        <metrics statements="3" coveredstatements="3" conditionals="5" coveredconditionals="5" methods="1" coveredmethods="1"/>
        <line num="20" count="1447" type="stmt"/>
        <line num="21" count="1447" type="cond" truecount="3" falsecount="0"/>
        <line num="23" count="1447" type="cond" truecount="2" falsecount="0"/>
      </file>
      <file name="useComponentUpdateInteraction.ts" path="/Users/d.phan/Desktop/storefront-next/packages/storefront-next-runtime/src/design/react/hooks/useComponentUpdateInteraction.ts">
        <metrics statements="17" coveredstatements="8" conditionals="10" coveredconditionals="4" methods="6" coveredmethods="4"/>
        <line num="37" count="220" type="stmt"/>
        <line num="43" count="89" type="stmt"/>
        <line num="44" count="89" type="stmt"/>
        <line num="45" count="89" type="cond" truecount="2" falsecount="0"/>
        <line num="46" count="83" type="stmt"/>
        <line num="50" count="89" type="cond" truecount="2" falsecount="0"/>
        <line num="51" count="83" type="stmt"/>
        <line num="58" count="0" type="stmt"/>
        <line num="59" count="0" type="stmt"/>
        <line num="60" count="0" type="cond" truecount="0" falsecount="2"/>
        <line num="63" count="0" type="stmt"/>
        <line num="64" count="0" type="cond" truecount="0" falsecount="2"/>
        <line num="65" count="0" type="stmt"/>
        <line num="66" count="0" type="cond" truecount="0" falsecount="2"/>
        <line num="67" count="0" type="stmt"/>
        <line num="70" count="0" type="stmt"/>
        <line num="80" count="220" type="stmt"/>
      </file>
      <file name="useDebouncedCallback.ts" path="/Users/d.phan/Desktop/storefront-next/packages/storefront-next-runtime/src/design/react/hooks/useDebouncedCallback.ts">
        <metrics statements="8" coveredstatements="6" conditionals="3" coveredconditionals="2" methods="3" coveredmethods="3"/>
        <line num="23" count="220" type="stmt"/>
        <line num="25" count="220" type="stmt"/>
        <line num="27" count="1" type="cond" truecount="1" falsecount="1"/>
        <line num="28" count="0" type="stmt"/>
        <line num="29" count="0" type="stmt"/>
        <line num="32" count="1" type="stmt"/>
        <line num="33" count="1" type="stmt"/>
        <line num="34" count="1" type="stmt"/>
      </file>
      <file name="useDeleteInteraction.ts" path="/Users/d.phan/Desktop/storefront-next/packages/storefront-next-runtime/src/design/react/hooks/useDeleteInteraction.ts">
        <metrics statements="6" coveredstatements="6" conditionals="2" coveredconditionals="1" methods="3" coveredmethods="3"/>
        <line num="30" count="220" type="stmt"/>
        <line num="33" count="220" type="stmt"/>
        <line num="35" count="1" type="stmt"/>
        <line num="38" count="1" type="cond" truecount="1" falsecount="1"/>
        <line num="39" count="1" type="stmt"/>
        <line num="45" count="220" type="stmt"/>
      </file>
      <file name="useDesignState.ts" path="/Users/d.phan/Desktop/storefront-next/packages/storefront-next-runtime/src/design/react/hooks/useDesignState.ts">
        <metrics statements="5" coveredstatements="4" conditionals="2" coveredconditionals="1" methods="1" coveredmethods="1"/>
        <line num="25" count="5" type="stmt"/>
        <line num="26" count="5390" type="stmt"/>
        <line num="28" count="5390" type="cond" truecount="1" falsecount="1"/>
        <line num="29" count="0" type="stmt"/>
        <line num="32" count="5390" type="stmt"/>
      </file>
      <file name="useDragInteraction.ts" path="/Users/d.phan/Desktop/storefront-next/packages/storefront-next-runtime/src/design/react/hooks/useDragInteraction.ts">
        <metrics statements="101" coveredstatements="80" conditionals="67" coveredconditionals="34" methods="34" coveredmethods="23"/>
        <line num="25" count="6" type="stmt"/>
        <line num="26" count="6" type="stmt"/>
        <line num="29" count="6" type="stmt"/>
        <line num="33" count="6" type="stmt"/>
        <line num="81" count="10" type="cond" truecount="1" falsecount="1"/>
        <line num="82" count="10" type="stmt"/>
        <line num="83" count="10" type="stmt"/>
        <line num="84" count="10" type="stmt"/>
        <line num="88" count="10" type="stmt"/>
        <line num="91" count="10" type="stmt"/>
        <line num="92" count="10" type="stmt"/>
        <line num="93" count="10" type="stmt"/>
        <line num="94" count="10" type="stmt"/>
        <line num="95" count="10" type="stmt"/>
        <line num="96" count="10" type="stmt"/>
        <line num="97" count="10" type="stmt"/>
        <line num="99" count="10" type="stmt"/>
        <line num="100" count="10" type="stmt"/>
        <line num="102" count="10" type="cond" truecount="2" falsecount="0"/>
        <line num="103" count="4" type="cond" truecount="2" falsecount="0"/>
        <line num="106" count="6" type="cond" truecount="2" falsecount="0"/>
        <line num="123" count="0" type="cond" truecount="0" falsecount="2"/>
        <line num="125" count="0" type="cond" truecount="0" falsecount="3"/>
        <line num="127" count="0" type="cond" truecount="0" falsecount="3"/>
        <line num="129" count="0" type="cond" truecount="0" falsecount="3"/>
        <line num="137" count="220" type="stmt"/>
        <line num="140" count="220" type="stmt"/>
        <line num="148" count="17" type="stmt"/>
        <line num="149" count="17" type="stmt"/>
        <line num="150" count="17" type="stmt"/>
        <line num="152" count="17" type="stmt"/>
        <line num="153" count="24" type="stmt"/>
        <line num="156" count="24" type="cond" truecount="1" falsecount="1"/>
        <line num="157" count="24" type="cond" truecount="2" falsecount="0"/>
        <line num="158" count="10" type="stmt"/>
        <line num="159" count="14" type="cond" truecount="1" falsecount="1"/>
        <line num="160" count="14" type="stmt"/>
        <line num="162" count="14" type="stmt"/>
        <line num="167" count="17" type="stmt"/>
        <line num="172" count="220" type="stmt"/>
        <line num="176" count="10" type="stmt"/>
        <line num="178" count="10" type="stmt"/>
        <line num="181" count="220" type="stmt"/>
        <line num="193" count="17" type="stmt"/>
        <line num="195" count="17" type="cond" truecount="2" falsecount="0"/>
        <line num="197" count="14" type="cond" truecount="2" falsecount="0"/>
        <line num="204" count="1" type="stmt"/>
        <line num="207" count="13" type="cond" truecount="2" falsecount="0"/>
        <line num="216" count="14" type="cond" truecount="2" falsecount="0"/>
        <line num="222" count="14" type="stmt"/>
        <line num="237" count="3" type="stmt"/>
        <line num="242" count="220" type="stmt"/>
        <line num="243" count="17" type="stmt"/>
        <line num="247" count="17" type="stmt"/>
        <line num="249" count="17" type="cond" truecount="1" falsecount="1"/>
        <line num="250" count="0" type="stmt"/>
        <line num="253" count="17" type="cond" truecount="2" falsecount="0"/>
        <line num="254" count="7" type="stmt"/>
        <line num="257" count="10" type="stmt"/>
        <line num="260" count="220" type="stmt"/>
        <line num="261" count="17" type="cond" truecount="1" falsecount="1"/>
        <line num="262" count="0" type="stmt"/>
        <line num="265" count="17" type="cond" truecount="2" falsecount="0"/>
        <line num="266" count="7" type="stmt"/>
        <line num="269" count="10" type="stmt"/>
        <line num="272" count="220" type="stmt"/>
        <line num="282" count="220" type="stmt"/>
        <line num="298" count="4" type="stmt"/>
        <line num="300" count="4" type="stmt"/>
        <line num="317" count="0" type="stmt"/>
        <line num="319" count="0" type="stmt"/>
        <line num="333" count="5" type="stmt"/>
        <line num="338" count="5" type="stmt"/>
        <line num="355" count="0" type="stmt"/>
        <line num="363" count="220" type="stmt"/>
        <line num="365" count="0" type="stmt"/>
        <line num="367" count="0" type="stmt"/>
        <line num="377" count="12" type="stmt"/>
        <line num="382" count="12" type="stmt"/>
        <line num="396" count="11" type="stmt"/>
        <line num="402" count="0" type="stmt"/>
        <line num="409" count="11" type="stmt"/>
        <line num="411" count="11" type="stmt"/>
        <line num="425" count="0" type="cond" truecount="0" falsecount="2"/>
        <line num="427" count="0" type="cond" truecount="0" falsecount="2"/>
        <line num="428" count="0" type="cond" truecount="0" falsecount="2"/>
        <line num="437" count="0" type="stmt"/>
        <line num="449" count="0" type="cond" truecount="0" falsecount="2"/>
        <line num="450" count="0" type="stmt"/>
        <line num="463" count="0" type="stmt"/>
        <line num="465" count="0" type="stmt"/>
        <line num="482" count="220" type="stmt"/>
        <line num="483" count="206" type="cond" truecount="1" falsecount="1"/>
        <line num="484" count="0" type="stmt"/>
        <line num="489" count="220" type="stmt"/>
        <line num="490" count="68" type="cond" truecount="2" falsecount="0"/>
        <line num="491" count="54" type="stmt"/>
        <line num="492" count="42" type="stmt"/>
        <line num="495" count="54" type="stmt"/>
        <line num="498" count="14" type="stmt"/>
        <line num="503" count="220" type="stmt"/>
      </file>
      <file name="useFocusInteraction.ts" path="/Users/d.phan/Desktop/storefront-next/packages/storefront-next-runtime/src/design/react/hooks/useFocusInteraction.ts">
        <metrics statements="7" coveredstatements="7" conditionals="0" coveredconditionals="0" methods="4" coveredmethods="4"/>
        <line num="28" count="220" type="stmt"/>
        <line num="33" count="1" type="stmt"/>
        <line num="34" count="1" type="stmt"/>
        <line num="38" count="220" type="stmt"/>
        <line num="40" count="1" type="stmt"/>
        <line num="41" count="1" type="stmt"/>
        <line num="46" count="220" type="stmt"/>
      </file>
      <file name="useFocusedComponentHandler.ts" path="/Users/d.phan/Desktop/storefront-next/packages/storefront-next-runtime/src/design/react/hooks/useFocusedComponentHandler.ts">
        <metrics statements="4" coveredstatements="4" conditionals="4" coveredconditionals="4" methods="2" coveredmethods="2"/>
        <line num="25" count="618" type="stmt"/>
        <line num="27" count="618" type="stmt"/>
        <line num="28" count="618" type="cond" truecount="4" falsecount="0"/>
        <line num="29" count="1" type="stmt"/>
      </file>
      <file name="useGlobalAnchorBlock.ts" path="/Users/d.phan/Desktop/storefront-next/packages/storefront-next-runtime/src/design/react/hooks/useGlobalAnchorBlock.ts">
        <metrics statements="7" coveredstatements="7" conditionals="4" coveredconditionals="4" methods="4" coveredmethods="4"/>
        <line num="23" count="226" type="stmt"/>
        <line num="25" count="5" type="stmt"/>
        <line num="26" count="5" type="stmt"/>
        <line num="30" count="5" type="cond" truecount="4" falsecount="0"/>
        <line num="31" count="2" type="stmt"/>
        <line num="35" count="53" type="stmt"/>
        <line num="37" count="53" type="stmt"/>
      </file>
      <file name="useGlobalListeners.ts" path="/Users/d.phan/Desktop/storefront-next/packages/storefront-next-runtime/src/design/react/hooks/useGlobalListeners.ts">
        <metrics statements="17" coveredstatements="17" conditionals="0" coveredconditionals="0" methods="7" coveredmethods="5"/>
        <line num="21" count="6" type="stmt"/>
        <line num="24" count="220" type="stmt"/>
        <line num="25" count="220" type="stmt"/>
        <line num="26" count="12" type="stmt"/>
        <line num="30" count="220" type="stmt"/>
        <line num="34" count="220" type="stmt"/>
        <line num="35" count="206" type="stmt"/>
        <line num="36" count="206" type="stmt"/>
        <line num="38" count="206" type="stmt"/>
        <line num="39" count="206" type="stmt"/>
        <line num="40" count="206" type="stmt"/>
        <line num="44" count="206" type="stmt"/>
        <line num="46" count="206" type="stmt"/>
        <line num="47" count="206" type="stmt"/>
        <line num="48" count="206" type="stmt"/>
        <line num="49" count="206" type="stmt"/>
        <line num="50" count="206" type="stmt"/>
      </file>
      <file name="useHoverInteraction.ts" path="/Users/d.phan/Desktop/storefront-next/packages/storefront-next-runtime/src/design/react/hooks/useHoverInteraction.ts">
        <metrics statements="10" coveredstatements="8" conditionals="8" coveredconditionals="7" methods="5" coveredmethods="3"/>
        <line num="30" count="220" type="stmt"/>
        <line num="34" count="0" type="stmt"/>
        <line num="37" count="0" type="stmt"/>
        <line num="40" count="220" type="stmt"/>
        <line num="42" count="7" type="cond" truecount="4" falsecount="0"/>
        <line num="44" count="2" type="stmt"/>
        <line num="49" count="7" type="cond" truecount="3" falsecount="1"/>
        <line num="50" count="7" type="stmt"/>
        <line num="53" count="7" type="stmt"/>
        <line num="58" count="220" type="stmt"/>
      </file>
      <file name="useInteraction.ts" path="/Users/d.phan/Desktop/storefront-next/packages/storefront-next-runtime/src/design/react/hooks/useInteraction.ts">
        <metrics statements="12" coveredstatements="11" conditionals="10" coveredconditionals="7" methods="7" coveredmethods="6"/>
        <line num="47" count="1540" type="stmt"/>
        <line num="48" count="1540" type="stmt"/>
        <line num="50" count="1540" type="stmt"/>
        <line num="51" count="1442" type="cond" truecount="3" falsecount="1"/>
        <line num="52" count="0" type="stmt"/>
        <line num="57" count="1442" type="cond" truecount="1" falsecount="1"/>
        <line num="58" count="2472" type="stmt"/>
        <line num="60" count="100" type="stmt"/>
        <line num="64" count="1442" type="stmt"/>
        <line num="65" count="2472" type="stmt"/>
        <line num="69" count="1540" type="cond" truecount="3" falsecount="1"/>
        <line num="71" count="1540" type="stmt"/>
      </file>
      <file name="useLabels.ts" path="/Users/d.phan/Desktop/storefront-next/packages/storefront-next-runtime/src/design/react/hooks/useLabels.ts">
        <metrics statements="2" coveredstatements="2" conditionals="2" coveredconditionals="2" methods="1" coveredmethods="1"/>
        <line num="19" count="1040" type="stmt"/>
        <line num="21" count="1040" type="cond" truecount="2" falsecount="0"/>
      </file>
      <file name="useNodeToTargetStore.ts" path="/Users/d.phan/Desktop/storefront-next/packages/storefront-next-runtime/src/design/react/hooks/useNodeToTargetStore.ts">
        <metrics statements="4" coveredstatements="4" conditionals="2" coveredconditionals="1" methods="2" coveredmethods="2"/>
        <line num="32" count="829" type="stmt"/>
        <line num="34" count="829" type="stmt"/>
        <line num="35" count="332" type="cond" truecount="1" falsecount="1"/>
        <line num="36" count="332" type="stmt"/>
      </file>
      <file name="useRegionDecoratorClasses.ts" path="/Users/d.phan/Desktop/storefront-next/packages/storefront-next-runtime/src/design/react/hooks/useRegionDecoratorClasses.ts">
        <metrics statements="6" coveredstatements="6" conditionals="6" coveredconditionals="6" methods="2" coveredmethods="2"/>
        <line num="31" count="211" type="stmt"/>
        <line num="33" count="211" type="cond" truecount="2" falsecount="0"/>
        <line num="35" count="211" type="stmt"/>
        <line num="36" count="200" type="stmt"/>
        <line num="41" count="211" type="cond" truecount="2" falsecount="0"/>
        <line num="43" count="211" type="stmt"/>
      </file>
      <file name="useScrollInteraction.ts" path="/Users/d.phan/Desktop/storefront-next/packages/storefront-next-runtime/src/design/react/hooks/useScrollInteraction.ts">
        <metrics statements="6" coveredstatements="6" conditionals="2" coveredconditionals="1" methods="4" coveredmethods="4"/>
        <line num="29" count="220" type="stmt"/>
        <line num="34" count="1" type="cond" truecount="1" falsecount="1"/>
        <line num="35" count="1" type="stmt"/>
        <line num="43" count="220" type="stmt"/>
        <line num="45" count="1" type="stmt"/>
        <line num="53" count="220" type="stmt"/>
      </file>
      <file name="useSelectInteraction.ts" path="/Users/d.phan/Desktop/storefront-next/packages/storefront-next-runtime/src/design/react/hooks/useSelectInteraction.ts">
        <metrics statements="7" coveredstatements="5" conditionals="0" coveredconditionals="0" methods="5" coveredmethods="3"/>
        <line num="32" count="220" type="stmt"/>
        <line num="37" count="0" type="stmt"/>
        <line num="42" count="0" type="stmt"/>
        <line num="46" count="220" type="stmt"/>
        <line num="48" count="17" type="stmt"/>
        <line num="49" count="17" type="stmt"/>
        <line num="54" count="220" type="stmt"/>
      </file>
      <file name="useThrottledCallback.ts" path="/Users/d.phan/Desktop/storefront-next/packages/storefront-next-runtime/src/design/react/hooks/useThrottledCallback.ts">
        <metrics statements="6" coveredstatements="6" conditionals="3" coveredconditionals="2" methods="2" coveredmethods="2"/>
        <line num="23" count="838" type="stmt"/>
        <line num="25" count="838" type="stmt"/>
        <line num="27" count="17" type="stmt"/>
        <line num="29" count="17" type="cond" truecount="1" falsecount="1"/>
        <line num="30" count="17" type="stmt"/>
        <line num="32" count="17" type="stmt"/>
      </file>
    </package>
    <package name="design.react.utils">
      <metrics statements="7" coveredstatements="7" conditionals="6" coveredconditionals="6" methods="1" coveredmethods="1"/>
      <file name="regionUtils.ts" path="/Users/d.phan/Desktop/storefront-next/packages/storefront-next-runtime/src/design/react/utils/regionUtils.ts">
        <metrics statements="7" coveredstatements="7" conditionals="6" coveredconditionals="6" methods="1" coveredmethods="1"/>
        <line num="30" count="231" type="cond" truecount="2" falsecount="0"/>
        <line num="31" count="177" type="stmt"/>
        <line num="34" count="54" type="cond" truecount="2" falsecount="0"/>
        <line num="35" count="2" type="stmt"/>
        <line num="39" count="52" type="cond" truecount="2" falsecount="0"/>
        <line num="40" count="9" type="stmt"/>
[...]
        <line num="33" count="10" type="stmt"/>
        <line num="34" count="10" type="stmt"/>
        <line num="35" count="211" type="stmt"/>
        <line num="37" count="10" type="stmt"/>
        <line num="39" count="10" type="stmt"/>
        <line num="52" count="106" type="stmt"/>
        <line num="53" count="106" type="stmt"/>
        <line num="54" count="106" type="stmt"/>
        <line num="56" count="106" type="stmt"/>
        <line num="57" count="106" type="stmt"/>
        <line num="58" count="13568" type="stmt"/>
        <line num="60" count="106" type="stmt"/>
        <line num="74" count="6" type="stmt"/>
        <line num="75" count="6" type="stmt"/>
        <line num="76" count="6" type="stmt"/>
        <line num="77" count="6" type="stmt"/>
        <line num="79" count="6" type="cond" truecount="1" falsecount="1"/>
        <line num="80" count="0" type="stmt"/>
        <line num="83" count="6" type="stmt"/>
        <line num="94" count="6" type="stmt"/>
        <line num="95" count="6" type="stmt"/>
        <line num="96" count="6" type="cond" truecount="2" falsecount="0"/>
        <line num="97" count="6" type="cond" truecount="2" falsecount="0"/>
        <line num="99" count="6" type="stmt"/>
        <line num="110" count="3" type="stmt"/>
        <line num="111" count="3" type="stmt"/>
        <line num="112" count="3" type="stmt"/>
        <line num="130" count="3" type="stmt"/>
        <line num="131" count="3" type="cond" truecount="2" falsecount="0"/>
        <line num="134" count="2" type="stmt"/>
        <line num="135" count="2" type="stmt"/>
        <line num="136" count="2" type="stmt"/>
      </file>
    </package>
    <package name="scapi-client.basket">
      <metrics statements="29" coveredstatements="28" conditionals="23" coveredconditionals="19" methods="3" coveredmethods="3"/>
      <file name="index.ts" path="/Users/d.phan/Desktop/storefront-next/packages/storefront-next-runtime/src/scapi-client/basket/index.ts">
        <metrics statements="29" coveredstatements="28" conditionals="23" coveredconditionals="19" methods="3" coveredmethods="3"/>
        <line num="46" count="36" type="stmt"/>
        <line num="64" count="8" type="stmt"/>
        <line num="65" count="8" type="stmt"/>
        <line num="67" count="8" type="stmt"/>
        <line num="68" count="5" type="stmt"/>
        <line num="69" count="5" type="stmt"/>
        <line num="77" count="3" type="stmt"/>
        <line num="79" count="2" type="cond" truecount="1" falsecount="1"/>
        <line num="80" count="2" type="stmt"/>
        <line num="81" count="2" type="cond" truecount="2" falsecount="0"/>
        <line num="83" count="2" type="cond" truecount="3" falsecount="2"/>
        <line num="84" count="2" type="stmt"/>
        <line num="87" count="2" type="stmt"/>
        <line num="90" count="0" type="stmt"/>
        <line num="94" count="8" type="cond" truecount="2" falsecount="0"/>
        <line num="95" count="5" type="stmt"/>
        <line num="96" count="5" type="stmt"/>
        <line num="99" count="1" type="stmt"/>
        <line num="101" count="4" type="cond" truecount="2" falsecount="0"/>
        <line num="103" count="3" type="cond" truecount="4" falsecount="0"/>
        <line num="104" count="2" type="stmt"/>
        <line num="108" count="1" type="stmt"/>
        <line num="109" count="3" type="cond" truecount="1" falsecount="1"/>
        <line num="110" count="3" type="cond" truecount="4" falsecount="0"/>
        <line num="111" count="1" type="stmt"/>
        <line num="114" count="1" type="stmt"/>
        <line num="117" count="1" type="stmt"/>
        <line num="121" count="3" type="stmt"/>
        <line num="124" count="36" type="stmt"/>
      </file>
      <file name="types.ts" path="/Users/d.phan/Desktop/storefront-next/packages/storefront-next-runtime/src/scapi-client/basket/types.ts">
        <metrics statements="0" coveredstatements="0" conditionals="0" coveredconditionals="0" methods="0" coveredmethods="0"/>
      </file>
    </package>
    <package name="site-context">
      <metrics statements="189" coveredstatements="185" conditionals="145" coveredconditionals="139" methods="47" coveredmethods="44"/>
      <file name="apply-url-config.ts" path="/Users/d.phan/Desktop/storefront-next/packages/storefront-next-runtime/src/site-context/apply-url-config.ts">
        <metrics statements="32" coveredstatements="32" conditionals="24" coveredconditionals="24" methods="7" coveredmethods="7"/>
        <line num="20" count="3" type="stmt"/>
        <line num="29" count="19" type="stmt"/>
        <line num="30" count="19" type="stmt"/>
        <line num="31" count="19" type="stmt"/>
        <line num="33" count="19" type="stmt"/>
        <line num="37" count="32" type="cond" truecount="2" falsecount="0"/>
        <line num="38" count="32" type="cond" truecount="4" falsecount="0"/>
        <line num="39" count="11" type="stmt"/>
        <line num="41" count="21" type="stmt"/>
        <line num="45" count="19" type="stmt"/>
        <line num="53" count="22" type="stmt"/>
        <line num="69" count="17" type="stmt"/>
        <line num="84" count="20" type="stmt"/>
        <line num="86" count="20" type="stmt"/>
        <line num="87" count="23" type="cond" truecount="2" falsecount="0"/>
        <line num="88" count="2" type="stmt"/>
        <line num="92" count="21" type="cond" truecount="4" falsecount="0"/>
        <line num="93" count="16" type="stmt"/>
        <line num="94" count="16" type="cond" truecount="2" falsecount="0"/>
        <line num="95" count="9" type="stmt"/>
        <line num="104" count="20" type="stmt"/>
        <line num="126" count="19" type="stmt"/>
        <line num="127" count="19" type="cond" truecount="2" falsecount="0"/>
        <line num="128" count="18" type="cond" truecount="2" falsecount="0"/>
        <line num="129" count="3" type="stmt"/>
        <line num="131" count="15" type="cond" truecount="2" falsecount="0"/>
        <line num="133" count="14" type="cond" truecount="2" falsecount="0"/>
        <line num="135" count="19" type="stmt"/>
        <line num="137" count="19" type="stmt"/>
        <line num="139" count="19" type="stmt"/>
        <line num="142" count="19" type="stmt"/>
        <line num="144" count="19" type="stmt"/>
      </file>
      <file name="build-url.ts" path="/Users/d.phan/Desktop/storefront-next/packages/storefront-next-runtime/src/site-context/build-url.ts">
        <metrics statements="46" coveredstatements="45" conditionals="46" coveredconditionals="45" methods="8" coveredmethods="8"/>
        <line num="23" count="14" type="stmt"/>
        <line num="24" count="14" type="stmt"/>
        <line num="25" count="14" type="stmt"/>
        <line num="26" count="14" type="stmt"/>
        <line num="28" count="14" type="stmt"/>
        <line num="36" count="17" type="stmt"/>
        <line num="37" count="22" type="cond" truecount="2" falsecount="0"/>
        <line num="45" count="22" type="stmt"/>
        <line num="46" count="22" type="cond" truecount="2" falsecount="0"/>
        <line num="47" count="22" type="cond" truecount="2" falsecount="0"/>
        <line num="48" count="22" type="stmt"/>
        <line num="49" count="22" type="cond" truecount="2" falsecount="0"/>
        <line num="50" count="22" type="cond" truecount="2" falsecount="0"/>
        <line num="51" count="22" type="stmt"/>
        <line num="59" count="13" type="stmt"/>
        <line num="60" count="13" type="stmt"/>
        <line num="61" count="19" type="stmt"/>
        <line num="62" count="19" type="cond" truecount="2" falsecount="0"/>
        <line num="63" count="17" type="stmt"/>
        <line num="66" count="13" type="stmt"/>
        <line num="85" count="11" type="cond" truecount="2" falsecount="0"/>
        <line num="87" count="9" type="stmt"/>
        <line num="88" count="9" type="stmt"/>
        <line num="90" count="9" type="cond" truecount="2" falsecount="0"/>
        <line num="91" count="3" type="cond" truecount="2" falsecount="0"/>
        <line num="94" count="6" type="stmt"/>
        <line num="103" count="14" type="cond" truecount="2" falsecount="0"/>
        <line num="104" count="13" type="cond" truecount="2" falsecount="0"/>
        <line num="105" count="11" type="cond" truecount="2" falsecount="0"/>
        <line num="106" count="9" type="stmt"/>
        <line num="130" count="21" type="cond" truecount="2" falsecount="0"/>
        <line num="131" count="20" type="cond" truecount="6" falsecount="0"/>
        <line num="133" count="16" type="stmt"/>
        <line num="135" count="16" type="cond" truecount="4" falsecount="0"/>
        <line num="137" count="21" type="cond" truecount="2" falsecount="0"/>
        <line num="139" count="21" type="stmt"/>
        <line num="140" count="21" type="cond" truecount="2" falsecount="0"/>
        <line num="141" count="8" type="stmt"/>
        <line num="142" count="8" type="stmt"/>
        <line num="143" count="9" type="cond" truecount="1" falsecount="1"/>
        <line num="144" count="9" type="stmt"/>
        <line num="145" count="9" type="cond" truecount="2" falsecount="0"/>
        <line num="146" count="8" type="stmt"/>
        <line num="149" count="0" type="stmt"/>
        <line num="154" count="16" type="stmt"/>
        <line num="155" count="16" type="cond" truecount="2" falsecount="0"/>
      </file>
      <file name="configs.ts" path="/Users/d.phan/Desktop/storefront-next/packages/storefront-next-runtime/src/site-context/configs.ts">
        <metrics statements="3" coveredstatements="3" conditionals="0" coveredconditionals="0" methods="0" coveredmethods="0"/>
        <line num="19" count="4" type="stmt"/>
        <line num="24" count="4" type="stmt"/>
        <line num="36" count="4" type="stmt"/>
      </file>
      <file name="cookies.ts" path="/Users/d.phan/Desktop/storefront-next/packages/storefront-next-runtime/src/site-context/cookies.ts">
        <metrics statements="4" coveredstatements="4" conditionals="0" coveredconditionals="0" methods="2" coveredmethods="2"/>
        <line num="22" count="5" type="stmt"/>
        <line num="36" count="4" type="stmt"/>
        <line num="46" count="3" type="stmt"/>
        <line num="54" count="5" type="stmt"/>
      </file>
      <file name="currency-detection.ts" path="/Users/d.phan/Desktop/storefront-next/packages/storefront-next-runtime/src/site-context/currency-detection.ts">
        <metrics statements="9" coveredstatements="9" conditionals="12" coveredconditionals="12" methods="1" coveredmethods="1"/>
        <line num="41" count="16" type="stmt"/>
        <line num="43" count="16" type="cond" truecount="4" falsecount="0"/>
        <line num="44" count="1" type="stmt"/>
        <line num="48" count="15" type="stmt"/>
        <line num="49" count="15" type="cond" truecount="4" falsecount="0"/>
        <line num="50" count="1" type="stmt"/>
        <line num="54" count="14" type="cond" truecount="4" falsecount="0"/>
        <line num="55" count="12" type="stmt"/>
        <line num="59" count="2" type="stmt"/>
      </file>
      <file name="index.ts" path="/Users/d.phan/Desktop/storefront-next/packages/storefront-next-runtime/src/site-context/index.ts">
        <metrics statements="0" coveredstatements="0" conditionals="0" coveredconditionals="0" methods="0" coveredmethods="0"/>
      </file>
      <file name="locale-detection.ts" path="/Users/d.phan/Desktop/storefront-next/packages/storefront-next-runtime/src/site-context/locale-detection.ts">
        <metrics statements="22" coveredstatements="22" conditionals="14" coveredconditionals="13" methods="8" coveredmethods="8"/>
        <line num="25" count="8" type="stmt"/>
        <line num="40" count="55" type="cond" truecount="2" falsecount="0"/>
        <line num="41" count="44" type="cond" truecount="4" falsecount="0"/>
        <line num="49" count="24" type="stmt"/>
        <line num="50" count="24" type="stmt"/>
        <line num="52" count="24" type="stmt"/>
        <line num="53" count="24" type="stmt"/>
        <line num="60" count="24" type="cond" truecount="2" falsecount="0"/>
        <line num="64" count="24" type="stmt"/>
        <line num="66" count="23" type="stmt"/>
        <line num="69" count="10" type="stmt"/>
        <line num="70" count="6" type="stmt"/>
        <line num="71" count="8" type="stmt"/>
        <line num="74" count="24" type="stmt"/>
        <line num="75" count="47" type="stmt"/>
        <line num="76" count="47" type="stmt"/>
        <line num="77" count="47" type="cond" truecount="2" falsecount="0"/>
        <line num="81" count="8" type="cond" truecount="1" falsecount="1"/>
        <line num="82" count="8" type="stmt"/>
        <line num="86" count="8" type="cond" truecount="2" falsecount="0"/>
        <line num="87" count="2" type="stmt"/>
        <line num="92" count="6" type="stmt"/>
      </file>
      <file name="middleware.ts" path="/Users/d.phan/Desktop/storefront-next/packages/storefront-next-runtime/src/site-context/middleware.ts">
        <metrics statements="40" coveredstatements="37" conditionals="31" coveredconditionals="27" methods="8" coveredmethods="5"/>
        <line num="25" count="2" type="stmt"/>
        <line num="56" count="12" type="stmt"/>
        <line num="57" count="11" type="stmt"/>
        <line num="58" count="10" type="stmt"/>
        <line num="59" count="10" type="stmt"/>
        <line num="83" count="1" type="stmt"/>
        <line num="84" count="1" type="cond" truecount="1" falsecount="1"/>
        <line num="85" count="1" type="stmt"/>
        <line num="114" count="10" type="stmt"/>
        <line num="115" count="10" type="stmt"/>
        <line num="119" count="10" type="cond" truecount="1" falsecount="1"/>
        <line num="120" count="10" type="stmt"/>
        <line num="121" count="0" type="stmt"/>
        <line num="123" count="10" type="stmt"/>
        <line num="124" count="0" type="stmt"/>
        <line num="126" count="10" type="stmt"/>
        <line num="127" count="0" type="stmt"/>
        <line num="130" count="10" type="stmt"/>
        <line num="131" count="10" type="stmt"/>
        <line num="139" count="10" type="stmt"/>
        <line num="155" count="12" type="stmt"/>
        <line num="159" count="12" type="stmt"/>
        <line num="165" count="12" type="stmt"/>
        <line num="166" count="12" type="stmt"/>
        <line num="167" count="12" type="stmt"/>
        <line num="172" count="12" type="stmt"/>
        <line num="181" count="12" type="stmt"/>
        <line num="185" count="12" type="stmt"/>
        <line num="188" count="10" type="stmt"/>
        <line num="199" count="10" type="stmt"/>
        <line num="201" count="10" type="stmt"/>
        <line num="206" count="10" type="stmt"/>
        <line num="216" count="10" type="cond" truecount="5" falsecount="0"/>
        <line num="217" count="1" type="stmt"/>
        <line num="220" count="9" type="stmt"/>
        <line num="226" count="9" type="cond" truecount="2" falsecount="0"/>
        <line num="227" count="9" type="cond" truecount="2" falsecount="0"/>
        <line num="228" count="9" type="cond" truecount="1" falsecount="1"/>
        <line num="230" count="9" type="stmt"/>
        <line num="233" count="12" type="stmt"/>
      </file>
      <file name="site-context.tsx" path="/Users/d.phan/Desktop/storefront-next/packages/storefront-next-runtime/src/site-context/site-context.tsx">
        <metrics statements="7" coveredstatements="7" conditionals="2" coveredconditionals="2" methods="3" coveredmethods="3"/>
        <line num="54" count="2" type="stmt"/>
        <line num="64" count="1" type="stmt"/>
        <line num="65" count="1" type="stmt"/>
        <line num="75" count="4" type="stmt"/>
        <line num="76" count="4" type="cond" truecount="2" falsecount="0"/>
        <line num="77" count="2" type="stmt"/>
        <line num="79" count="1" type="stmt"/>
      </file>
      <file name="site-detection.ts" path="/Users/d.phan/Desktop/storefront-next/packages/storefront-next-runtime/src/site-context/site-detection.ts">
        <metrics statements="19" coveredstatements="19" conditionals="12" coveredconditionals="12" methods="8" coveredmethods="8"/>
        <line num="25" count="7" type="stmt"/>
        <line num="35" count="57" type="cond" truecount="2" falsecount="0"/>
        <line num="36" count="42" type="cond" truecount="4" falsecount="0"/>
        <line num="44" count="26" type="stmt"/>
        <line num="46" count="26" type="stmt"/>
        <line num="53" count="26" type="cond" truecount="2" falsecount="0"/>
        <line num="57" count="26" type="stmt"/>
        <line num="59" count="26" type="stmt"/>
        <line num="62" count="10" type="stmt"/>
        <line num="63" count="7" type="stmt"/>
        <line num="64" count="7" type="stmt"/>
        <line num="67" count="26" type="stmt"/>
        <line num="68" count="50" type="stmt"/>
        <line num="69" count="50" type="stmt"/>
        <line num="70" count="50" type="cond" truecount="2" falsecount="0"/>
        <line num="74" count="7" type="stmt"/>
        <line num="77" count="7" type="cond" truecount="2" falsecount="0"/>
        <line num="78" count="2" type="stmt"/>
        <line num="81" count="5" type="stmt"/>
      </file>
      <file name="types.ts" path="/Users/d.phan/Desktop/storefront-next/packages/storefront-next-runtime/src/site-context/types.ts">
        <metrics statements="0" coveredstatements="0" conditionals="0" coveredconditionals="0" methods="0" coveredmethods="0"/>
      </file>
      <file name="utils.ts" path="/Users/d.phan/Desktop/storefront-next/packages/storefront-next-runtime/src/site-context/utils.ts">
        <metrics statements="7" coveredstatements="7" conditionals="4" coveredconditionals="4" methods="2" coveredmethods="2"/>
        <line num="23" count="54" type="stmt"/>
        <line num="25" count="54" type="cond" truecount="2" falsecount="0"/>
        <line num="27" count="32" type="stmt"/>
        <line num="36" count="32" type="stmt"/>
        <line num="37" count="32" type="cond" truecount="2" falsecount="0"/>
        <line num="39" count="6" type="stmt"/>
        <line num="40" count="6" type="stmt"/>
      </file>
    </package>
    <package name="utils">
      <metrics statements="9" coveredstatements="9" conditionals="6" coveredconditionals="6" methods="3" coveredmethods="3"/>
      <file name="index.ts" path="/Users/d.phan/Desktop/storefront-next/packages/storefront-next-runtime/src/utils/index.ts">
        <metrics statements="9" coveredstatements="9" conditionals="6" coveredconditionals="6" methods="3" coveredmethods="3"/>
        <line num="23" count="29" type="stmt"/>
        <line num="24" count="29" type="stmt"/>
        <line num="26" count="29" type="stmt"/>
        <line num="27" count="38" type="cond" truecount="2" falsecount="0"/>
        <line num="28" count="33" type="stmt"/>
        <line num="30" count="5" type="stmt"/>
        <line num="34" count="29" type="stmt"/>
        <line num="35" count="36" type="cond" truecount="2" falsecount="0"/>
        <line num="36" count="33" type="cond" truecount="2" falsecount="0"/>
      </file>
    </package>
    <package name="workspace">
      <metrics statements="5" coveredstatements="5" conditionals="5" coveredconditionals="5" methods="2" coveredmethods="2"/>
      <file name="index.ts" path="/Users/d.phan/Desktop/storefront-next/packages/storefront-next-runtime/src/workspace/index.ts">
        <metrics statements="5" coveredstatements="5" conditionals="5" coveredconditionals="5" methods="2" coveredmethods="2"/>
        <line num="33" count="5" type="cond" truecount="2" falsecount="0"/>
        <line num="34" count="1" type="stmt"/>
        <line num="40" count="4" type="cond" truecount="3" falsecount="0"/>
        <line num="42" count="5" type="stmt"/>
        <line num="58" count="6" type="stmt"/>
      </file>
    </package>
  </project>
</coverage>
