{"/Users/d.phan/Desktop/storefront-next/packages/storefront-next-runtime/src/config/context.tsx": {"path":"/Users/d.phan/Desktop/storefront-next/packages/storefront-next-runtime/src/config/context.tsx","statementMap":{"0":{"start":{"line":35,"column":13},"end":{"line":35,"column":null}},"1":{"start":{"line":44,"column":13},"end":{"line":44,"column":null}},"2":{"start":{"line":54,"column":4},"end":{"line":54,"column":null}},"3":{"start":{"line":69,"column":4},"end":{"line":69,"column":null}}},"fnMap":{"0":{"name":"createAppConfig","decl":{"start":{"line":53,"column":16},"end":{"line":53,"column":54}},"loc":{"start":{"line":53,"column":81},"end":{"line":55,"column":null}},"line":53},"1":{"name":"ConfigProvider","decl":{"start":{"line":68,"column":16},"end":{"line":68,"column":31}},"loc":{"start":{"line":68,"column":74},"end":{"line":70,"column":null}},"line":68}},"branchMap":{},"s":{"0":0,"1":0,"2":0,"3":0},"f":{"0":0,"1":0},"b":{},"meta":{"lastBranch":0,"lastFunction":2,"lastStatement":4,"seen":{"s:35:13:35:Infinity":0,"s:44:13:44:Infinity":1,"f:53:16:53:54":0,"s:54:4:54:Infinity":2,"f:68:16:68:31":1,"s:69:4:69:Infinity":3}}}
,"/Users/d.phan/Desktop/storefront-next/packages/storefront-next-runtime/src/config/get-config.ts": {"path":"/Users/d.phan/Desktop/storefront-next/packages/storefront-next-runtime/src/config/get-config.ts","statementMap":{"0":{"start":{"line":47,"column":4},"end":{"line":56,"column":null}},"1":{"start":{"line":48,"column":23},"end":{"line":48,"column":null}},"2":{"start":{"line":49,"column":8},"end":{"line":54,"column":null}},"3":{"start":{"line":50,"column":12},"end":{"line":53,"column":null}},"4":{"start":{"line":55,"column":8},"end":{"line":55,"column":null}},"5":{"start":{"line":58,"column":4},"end":{"line":60,"column":null}},"6":{"start":{"line":59,"column":8},"end":{"line":59,"column":null}},"7":{"start":{"line":62,"column":4},"end":{"line":67,"column":null}},"8":{"start":{"line":78,"column":10},"end":{"line":78,"column":null}},"9":{"start":{"line":79,"column":4},"end":{"line":84,"column":null}},"10":{"start":{"line":80,"column":8},"end":{"line":83,"column":null}},"11":{"start":{"line":85,"column":4},"end":{"line":85,"column":null}}},"fnMap":{"0":{"name":"getConfig","decl":{"start":{"line":44,"column":16},"end":{"line":44,"column":null}},"loc":{"start":{"line":46,"column":5},"end":{"line":68,"column":null}},"line":46},"1":{"name":"useConfig","decl":{"start":{"line":77,"column":16},"end":{"line":77,"column":92}},"loc":{"start":{"line":77,"column":92},"end":{"line":86,"column":null}},"line":77}},"branchMap":{"0":{"loc":{"start":{"line":47,"column":4},"end":{"line":56,"column":null}},"type":"if","locations":[{"start":{"line":47,"column":4},"end":{"line":56,"column":null}},{"start":{},"end":{}}],"line":47},"1":{"loc":{"start":{"line":49,"column":8},"end":{"line":54,"column":null}},"type":"if","locations":[{"start":{"line":49,"column":8},"end":{"line":54,"column":null}},{"start":{},"end":{}}],"line":49},"2":{"loc":{"start":{"line":58,"column":4},"end":{"line":60,"column":null}},"type":"if","locations":[{"start":{"line":58,"column":4},"end":{"line":60,"column":null}},{"start":{},"end":{}}],"line":58},"3":{"loc":{"start":{"line":58,"column":8},"end":{"line":58,"column":64}},"type":"binary-expr","locations":[{"start":{"line":58,"column":8},"end":{"line":58,"column":41}},{"start":{"line":58,"column":41},"end":{"line":58,"column":64}}],"line":58},"4":{"loc":{"start":{"line":79,"column":4},"end":{"line":84,"column":null}},"type":"if","locations":[{"start":{"line":79,"column":4},"end":{"line":84,"column":null}},{"start":{},"end":{}}],"line":79}},"s":{"0":0,"1":0,"2":0,"3":0,"4":0,"5":0,"6":0,"7":0,"8":0,"9":0,"10":0,"11":0},"f":{"0":0,"1":0},"b":{"0":[0,0],"1":[0,0],"2":[0,0],"3":[0,0],"4":[0,0]},"meta":{"lastBranch":5,"lastFunction":2,"lastStatement":12,"seen":{"f:44:16:44:Infinity":0,"b:47:4:56:Infinity:undefined:undefined:undefined:undefined":0,"s:47:4:56:Infinity":0,"s:48:23:48:Infinity":1,"b:49:8:54:Infinity:undefined:undefined:undefined:undefined":1,"s:49:8:54:Infinity":2,"s:50:12:53:Infinity":3,"s:55:8:55:Infinity":4,"b:58:4:60:Infinity:undefined:undefined:undefined:undefined":2,"s:58:4:60:Infinity":5,"b:58:8:58:41:58:41:58:64":3,"s:59:8:59:Infinity":6,"s:62:4:67:Infinity":7,"f:77:16:77:92":1,"s:78:10:78:Infinity":8,"b:79:4:84:Infinity:undefined:undefined:undefined:undefined":4,"s:79:4:84:Infinity":9,"s:80:8:83:Infinity":10,"s:85:4:85:Infinity":11}}}
,"/Users/d.phan/Desktop/storefront-next/packages/storefront-next-runtime/src/config/index.ts": {"path":"/Users/d.phan/Desktop/storefront-next/packages/storefront-next-runtime/src/config/index.ts","statementMap":{},"fnMap":{},"branchMap":{},"s":{},"f":{},"b":{},"meta":{"lastBranch":0,"lastFunction":0,"lastStatement":0,"seen":{}}}
,"/Users/d.phan/Desktop/storefront-next/packages/storefront-next-runtime/src/config/load-config.ts": {"path":"/Users/d.phan/Desktop/storefront-next/packages/storefront-next-runtime/src/config/load-config.ts","statementMap":{"0":{"start":{"line":40,"column":23},"end":{"line":40,"column":null}},"1":{"start":{"line":42,"column":4},"end":{"line":47,"column":null}},"2":{"start":{"line":43,"column":8},"end":{"line":46,"column":null}},"3":{"start":{"line":49,"column":4},"end":{"line":68,"column":null}},"4":{"start":{"line":50,"column":31},"end":{"line":50,"column":null}},"5":{"start":{"line":52,"column":21},"end":{"line":55,"column":null}},"6":{"start":{"line":57,"column":20},"end":{"line":57,"column":null}},"7":{"start":{"line":58,"column":24},"end":{"line":58,"column":null}},"8":{"start":{"line":59,"column":8},"end":{"line":59,"column":null}},"9":{"start":{"line":61,"column":23},"end":{"line":61,"column":null}},"10":{"start":{"line":62,"column":8},"end":{"line":67,"column":null}}},"fnMap":{"0":{"name":"loadConfig","decl":{"start":{"line":39,"column":22},"end":{"line":39,"column":82}},"loc":{"start":{"line":39,"column":82},"end":{"line":69,"column":null}},"line":39}},"branchMap":{"0":{"loc":{"start":{"line":42,"column":4},"end":{"line":47,"column":null}},"type":"if","locations":[{"start":{"line":42,"column":4},"end":{"line":47,"column":null}},{"start":{},"end":{}}],"line":42},"1":{"loc":{"start":{"line":58,"column":24},"end":{"line":58,"column":null}},"type":"binary-expr","locations":[{"start":{"line":58,"column":24},"end":{"line":58,"column":67}},{"start":{"line":58,"column":67},"end":{"line":58,"column":null}}],"line":58},"2":{"loc":{"start":{"line":61,"column":23},"end":{"line":61,"column":null}},"type":"cond-expr","locations":[{"start":{"line":61,"column":48},"end":{"line":61,"column":64}},{"start":{"line":61,"column":64},"end":{"line":61,"column":null}}],"line":61}},"s":{"0":4,"1":4,"2":1,"3":3,"4":3,"5":3,"6":3,"7":3,"8":4,"9":0,"10":0},"f":{"0":4},"b":{"0":[1,3],"1":[3,0],"2":[0,0]},"meta":{"lastBranch":3,"lastFunction":1,"lastStatement":11,"seen":{"f:39:22:39:82":0,"s:40:23:40:Infinity":0,"b:42:4:47:Infinity:undefined:undefined:undefined:undefined":0,"s:42:4:47:Infinity":1,"s:43:8:46:Infinity":2,"s:49:4:68:Infinity":3,"s:50:31:50:Infinity":4,"s:52:21:55:Infinity":5,"s:57:20:57:Infinity":6,"s:58:24:58:Infinity":7,"b:58:24:58:67:58:67:58:Infinity":1,"s:59:8:59:Infinity":8,"s:61:23:61:Infinity":9,"b:61:48:61:64:61:64:61:Infinity":2,"s:62:8:67:Infinity":10}}}
,"/Users/d.phan/Desktop/storefront-next/packages/storefront-next-runtime/src/config/middleware.ts": {"path":"/Users/d.phan/Desktop/storefront-next/packages/storefront-next-runtime/src/config/middleware.ts","statementMap":{"0":{"start":{"line":57,"column":24},"end":{"line":57,"column":null}},"1":{"start":{"line":60,"column":8},"end":{"line":62,"column":null}},"2":{"start":{"line":61,"column":12},"end":{"line":61,"column":null}},"3":{"start":{"line":64,"column":21},"end":{"line":65,"column":null}},"4":{"start":{"line":67,"column":49},"end":{"line":70,"column":null}},"5":{"start":{"line":72,"column":8},"end":{"line":74,"column":null}},"6":{"start":{"line":73,"column":12},"end":{"line":73,"column":null}},"7":{"start":{"line":76,"column":24},"end":{"line":78,"column":null}},"8":{"start":{"line":77,"column":36},"end":{"line":77,"column":42}},"9":{"start":{"line":78,"column":28},"end":{"line":78,"column":31}},"10":{"start":{"line":80,"column":8},"end":{"line":98,"column":null}},"11":{"start":{"line":81,"column":54},"end":{"line":85,"column":null}},"12":{"start":{"line":87,"column":12},"end":{"line":97,"column":null}},"13":{"start":{"line":90,"column":38},"end":{"line":90,"column":70}},"14":{"start":{"line":100,"column":8},"end":{"line":100,"column":null}},"15":{"start":{"line":103,"column":49},"end":{"line":107,"column":null}},"16":{"start":{"line":104,"column":8},"end":{"line":104,"column":null}},"17":{"start":{"line":105,"column":8},"end":{"line":105,"column":null}},"18":{"start":{"line":106,"column":8},"end":{"line":106,"column":null}},"19":{"start":{"line":109,"column":64},"end":{"line":122,"column":null}},"20":{"start":{"line":110,"column":26},"end":{"line":110,"column":null}},"21":{"start":{"line":112,"column":8},"end":{"line":117,"column":null}},"22":{"start":{"line":113,"column":12},"end":{"line":116,"column":null}},"23":{"start":{"line":119,"column":8},"end":{"line":119,"column":null}},"24":{"start":{"line":121,"column":8},"end":{"line":121,"column":null}},"25":{"start":{"line":124,"column":4},"end":{"line":124,"column":null}}},"fnMap":{"0":{"name":"createAppConfigMiddleware","decl":{"start":{"line":51,"column":16},"end":{"line":51,"column":null}},"loc":{"start":{"line":56,"column":2},"end":{"line":125,"column":null}},"line":56},"1":{"name":"validateConfig","decl":{"start":{"line":59,"column":13},"end":{"line":59,"column":36}},"loc":{"start":{"line":59,"column":36},"end":{"line":101,"column":null}},"line":59},"2":{"name":"(anonymous_2)","decl":{"start":{"line":77,"column":20},"end":{"line":77,"column":21}},"loc":{"start":{"line":77,"column":36},"end":{"line":77,"column":42}},"line":77},"3":{"name":"(anonymous_3)","decl":{"start":{"line":78,"column":17},"end":{"line":78,"column":18}},"loc":{"start":{"line":78,"column":28},"end":{"line":78,"column":31}},"line":78},"4":{"name":"(anonymous_4)","decl":{"start":{"line":90,"column":29},"end":{"line":90,"column":30}},"loc":{"start":{"line":90,"column":38},"end":{"line":90,"column":70}},"line":90},"5":{"name":"(anonymous_5)","decl":{"start":{"line":103,"column":49},"end":{"line":103,"column":50}},"loc":{"start":{"line":103,"column":72},"end":{"line":107,"column":null}},"line":103},"6":{"name":"(anonymous_6)","decl":{"start":{"line":109,"column":64},"end":{"line":109,"column":71}},"loc":{"start":{"line":109,"column":93},"end":{"line":122,"column":null}},"line":109}},"branchMap":{"0":{"loc":{"start":{"line":60,"column":8},"end":{"line":62,"column":null}},"type":"if","locations":[{"start":{"line":60,"column":8},"end":{"line":62,"column":null}},{"start":{},"end":{}}],"line":60},"1":{"loc":{"start":{"line":60,"column":12},"end":{"line":60,"column":62}},"type":"binary-expr","locations":[{"start":{"line":60,"column":12},"end":{"line":60,"column":29}},{"start":{"line":60,"column":29},"end":{"line":60,"column":62}}],"line":60},"2":{"loc":{"start":{"line":68,"column":22},"end":{"line":68,"column":null}},"type":"binary-expr","locations":[{"start":{"line":68,"column":22},"end":{"line":68,"column":39}},{"start":{"line":68,"column":39},"end":{"line":68,"column":null}}],"line":68},"3":{"loc":{"start":{"line":69,"column":28},"end":{"line":69,"column":null}},"type":"binary-expr","locations":[{"start":{"line":69,"column":28},"end":{"line":69,"column":51}},{"start":{"line":69,"column":51},"end":{"line":69,"column":null}}],"line":69},"4":{"loc":{"start":{"line":72,"column":8},"end":{"line":74,"column":null}},"type":"if","locations":[{"start":{"line":72,"column":8},"end":{"line":74,"column":null}},{"start":{},"end":{}}],"line":72},"5":{"loc":{"start":{"line":73,"column":33},"end":{"line":73,"column":null}},"type":"binary-expr","locations":[{"start":{"line":73,"column":33},"end":{"line":73,"column":51}},{"start":{"line":73,"column":51},"end":{"line":73,"column":null}}],"line":73},"6":{"loc":{"start":{"line":80,"column":8},"end":{"line":98,"column":null}},"type":"if","locations":[{"start":{"line":80,"column":8},"end":{"line":98,"column":null}},{"start":{},"end":{}}],"line":80},"7":{"loc":{"start":{"line":110,"column":26},"end":{"line":110,"column":null}},"type":"cond-expr","locations":[{"start":{"line":110,"column":58},"end":{"line":110,"column":82}},{"start":{"line":110,"column":82},"end":{"line":110,"column":null}}],"line":110},"8":{"loc":{"start":{"line":112,"column":8},"end":{"line":117,"column":null}},"type":"if","locations":[{"start":{"line":112,"column":8},"end":{"line":117,"column":null}},{"start":{},"end":{}}],"line":112}},"s":{"0":0,"1":0,"2":0,"3":0,"4":0,"5":0,"6":0,"7":0,"8":0,"9":0,"10":0,"11":0,"12":0,"13":0,"14":0,"15":0,"16":0,"17":0,"18":0,"19":0,"20":0,"21":0,"22":0,"23":0,"24":0,"25":0},"f":{"0":0,"1":0,"2":0,"3":0,"4":0,"5":0,"6":0},"b":{"0":[0,0],"1":[0,0],"2":[0,0],"3":[0,0],"4":[0,0],"5":[0,0],"6":[0,0],"7":[0,0],"8":[0,0]},"meta":{"lastBranch":9,"lastFunction":7,"lastStatement":26,"seen":{"f:51:16:51:Infinity":0,"s:57:24:57:Infinity":0,"f:59:13:59:36":1,"b:60:8:62:Infinity:undefined:undefined:undefined:undefined":0,"s:60:8:62:Infinity":1,"b:60:12:60:29:60:29:60:62":1,"s:61:12:61:Infinity":2,"s:64:21:65:Infinity":3,"s:67:49:70:Infinity":4,"b:68:22:68:39:68:39:68:Infinity":2,"b:69:28:69:51:69:51:69:Infinity":3,"b:72:8:74:Infinity:undefined:undefined:undefined:undefined":4,"s:72:8:74:Infinity":5,"s:73:12:73:Infinity":6,"b:73:33:73:51:73:51:73:Infinity":5,"s:76:24:78:Infinity":7,"f:77:20:77:21":2,"s:77:36:77:42":8,"f:78:17:78:18":3,"s:78:28:78:31":9,"b:80:8:98:Infinity:undefined:undefined:undefined:undefined":6,"s:80:8:98:Infinity":10,"s:81:54:85:Infinity":11,"s:87:12:97:Infinity":12,"f:90:29:90:30":4,"s:90:38:90:70":13,"s:100:8:100:Infinity":14,"s:103:49:107:Infinity":15,"f:103:49:103:50":5,"s:104:8:104:Infinity":16,"s:105:8:105:Infinity":17,"s:106:8:106:Infinity":18,"s:109:64:122:Infinity":19,"f:109:64:109:71":6,"s:110:26:110:Infinity":20,"b:110:58:110:82:110:82:110:Infinity":7,"b:112:8:117:Infinity:undefined:undefined:undefined:undefined":8,"s:112:8:117:Infinity":21,"s:113:12:116:Infinity":22,"s:119:8:119:Infinity":23,"s:121:8:121:Infinity":24,"s:124:4:124:Infinity":25}}}
,"/Users/d.phan/Desktop/storefront-next/packages/storefront-next-runtime/src/config/schema.ts": {"path":"/Users/d.phan/Desktop/storefront-next/packages/storefront-next-runtime/src/config/schema.ts","statementMap":{"0":{"start":{"line":94,"column":10},"end":{"line":96,"column":null}},"1":{"start":{"line":97,"column":4},"end":{"line":97,"column":null}}},"fnMap":{"0":{"name":"defineConfig","decl":{"start":{"line":93,"column":16},"end":{"line":93,"column":51}},"loc":{"start":{"line":93,"column":96},"end":{"line":98,"column":null}},"line":93}},"branchMap":{},"s":{"0":5,"1":5},"f":{"0":5},"b":{},"meta":{"lastBranch":0,"lastFunction":1,"lastStatement":2,"seen":{"f:93:16:93:51":0,"s:94:10:96:Infinity":0,"s:97:4:97:Infinity":1}}}
,"/Users/d.phan/Desktop/storefront-next/packages/storefront-next-runtime/src/config/types.ts": {"path":"/Users/d.phan/Desktop/storefront-next/packages/storefront-next-runtime/src/config/types.ts","statementMap":{},"fnMap":{},"branchMap":{},"s":{},"f":{},"b":{},"meta":{"lastBranch":0,"lastFunction":0,"lastStatement":0,"seen":{}}}
,"/Users/d.phan/Desktop/storefront-next/packages/storefront-next-runtime/src/config/utils.ts": {"path":"/Users/d.phan/Desktop/storefront-next/packages/storefront-next-runtime/src/config/utils.ts","statementMap":{"0":{"start":{"line":20,"column":22},"end":{"line":22,"column":null}},"1":{"start":{"line":21,"column":4},"end":{"line":21,"column":null}},"2":{"start":{"line":39,"column":25},"end":{"line":54,"column":null}},"3":{"start":{"line":40,"column":44},"end":{"line":40,"column":null}},"4":{"start":{"line":42,"column":4},"end":{"line":51,"column":null}},"5":{"start":{"line":43,"column":28},"end":{"line":43,"column":null}},"6":{"start":{"line":44,"column":28},"end":{"line":44,"column":null}},"7":{"start":{"line":46,"column":8},"end":{"line":50,"column":null}},"8":{"start":{"line":47,"column":12},"end":{"line":47,"column":null}},"9":{"start":{"line":49,"column":12},"end":{"line":49,"column":null}},"10":{"start":{"line":53,"column":4},"end":{"line":53,"column":null}},"11":{"start":{"line":74,"column":28},"end":{"line":114,"column":null}},"12":{"start":{"line":79,"column":17},"end":{"line":79,"column":null}},"13":{"start":{"line":80,"column":44},"end":{"line":80,"column":null}},"14":{"start":{"line":82,"column":18},"end":{"line":82,"column":null}},"15":{"start":{"line":83,"column":33},"end":{"line":83,"column":null}},"16":{"start":{"line":85,"column":4},"end":{"line":101,"column":null}},"17":{"start":{"line":85,"column":17},"end":{"line":85,"column":20}},"18":{"start":{"line":86,"column":20},"end":{"line":86,"column":null}},"19":{"start":{"line":88,"column":28},"end":{"line":88,"column":null}},"20":{"start":{"line":89,"column":8},"end":{"line":97,"column":null}},"21":{"start":{"line":90,"column":30},"end":{"line":90,"column":null}},"22":{"start":{"line":90,"column":69},"end":{"line":90,"column":106}},"23":{"start":{"line":91,"column":12},"end":{"line":96,"column":null}},"24":{"start":{"line":92,"column":16},"end":{"line":92,"column":null}},"25":{"start":{"line":93,"column":16},"end":{"line":93,"column":null}},"26":{"start":{"line":95,"column":16},"end":{"line":95,"column":null}},"27":{"start":{"line":99,"column":8},"end":{"line":99,"column":null}},"28":{"start":{"line":100,"column":8},"end":{"line":100,"column":null}},"29":{"start":{"line":103,"column":20},"end":{"line":103,"column":null}},"30":{"start":{"line":104,"column":28},"end":{"line":104,"column":null}},"31":{"start":{"line":105,"column":4},"end":{"line":110,"column":null}},"32":{"start":{"line":106,"column":26},"end":{"line":106,"column":null}},"33":{"start":{"line":106,"column":65},"end":{"line":106,"column":106}},"34":{"start":{"line":107,"column":8},"end":{"line":109,"column":null}},"35":{"start":{"line":108,"column":12},"end":{"line":108,"column":null}},"36":{"start":{"line":112,"column":4},"end":{"line":112,"column":null}},"37":{"start":{"line":113,"column":4},"end":{"line":113,"column":null}},"38":{"start":{"line":143,"column":29},"end":{"line":166,"column":null}},"39":{"start":{"line":144,"column":4},"end":{"line":165,"column":null}},"40":{"start":{"line":145,"column":8},"end":{"line":145,"column":null}},"41":{"start":{"line":147,"column":24},"end":{"line":147,"column":null}},"42":{"start":{"line":148,"column":8},"end":{"line":163,"column":null}},"43":{"start":{"line":149,"column":12},"end":{"line":162,"column":null}},"44":{"start":{"line":150,"column":35},"end":{"line":150,"column":null}},"45":{"start":{"line":151,"column":16},"end":{"line":151,"column":null}},"46":{"start":{"line":153,"column":16},"end":{"line":161,"column":null}},"47":{"start":{"line":154,"column":36},"end":{"line":154,"column":null}},"48":{"start":{"line":155,"column":36},"end":{"line":155,"column":null}},"49":{"start":{"line":157,"column":20},"end":{"line":160,"column":null}},"50":{"start":{"line":164,"column":8},"end":{"line":164,"column":null}},"51":{"start":{"line":180,"column":33},"end":{"line":201,"column":null}},"52":{"start":{"line":181,"column":4},"end":{"line":183,"column":null}},"53":{"start":{"line":182,"column":8},"end":{"line":182,"column":null}},"54":{"start":{"line":185,"column":28},"end":{"line":185,"column":null}},"55":{"start":{"line":186,"column":4},"end":{"line":198,"column":null}},"56":{"start":{"line":187,"column":30},"end":{"line":187,"column":null}},"57":{"start":{"line":188,"column":28},"end":{"line":188,"column":null}},"58":{"start":{"line":190,"column":8},"end":{"line":197,"column":null}},"59":{"start":{"line":191,"column":12},"end":{"line":191,"column":null}},"60":{"start":{"line":193,"column":12},"end":{"line":193,"column":null}},"61":{"start":{"line":196,"column":12},"end":{"line":196,"column":null}},"62":{"start":{"line":200,"column":4},"end":{"line":200,"column":null}},"63":{"start":{"line":257,"column":30},"end":{"line":385,"column":null}},"64":{"start":{"line":262,"column":26},"end":{"line":262,"column":null}},"65":{"start":{"line":263,"column":32},"end":{"line":263,"column":null}},"66":{"start":{"line":264,"column":33},"end":{"line":264,"column":null}},"67":{"start":{"line":265,"column":22},"end":{"line":265,"column":null}},"68":{"start":{"line":267,"column":27},"end":{"line":267,"column":null}},"69":{"start":{"line":268,"column":23},"end":{"line":268,"column":null}},"70":{"start":{"line":270,"column":30},"end":{"line":270,"column":null}},"71":{"start":{"line":271,"column":25},"end":{"line":271,"column":null}},"72":{"start":{"line":273,"column":4},"end":{"line":333,"column":null}},"73":{"start":{"line":274,"column":8},"end":{"line":274,"column":null}},"74":{"start":{"line":274,"column":95},"end":{"line":274,"column":null}},"75":{"start":{"line":276,"column":8},"end":{"line":282,"column":null}},"76":{"start":{"line":277,"column":12},"end":{"line":281,"column":null}},"77":{"start":{"line":284,"column":21},"end":{"line":284,"column":null}},"78":{"start":{"line":286,"column":8},"end":{"line":291,"column":null}},"79":{"start":{"line":287,"column":12},"end":{"line":290,"column":null}},"80":{"start":{"line":293,"column":22},"end":{"line":293,"column":null}},"81":{"start":{"line":294,"column":8},"end":{"line":300,"column":null}},"82":{"start":{"line":295,"column":12},"end":{"line":299,"column":null}},"83":{"start":{"line":302,"column":31},"end":{"line":302,"column":null}},"84":{"start":{"line":303,"column":28},"end":{"line":305,"column":null}},"85":{"start":{"line":304,"column":31},"end":{"line":304,"column":null}},"86":{"start":{"line":307,"column":8},"end":{"line":313,"column":null}},"87":{"start":{"line":308,"column":12},"end":{"line":312,"column":null}},"88":{"start":{"line":315,"column":8},"end":{"line":323,"column":null}},"89":{"start":{"line":316,"column":12},"end":{"line":322,"column":null}},"90":{"start":{"line":318,"column":16},"end":{"line":320,"column":null}},"91":{"start":{"line":321,"column":16},"end":{"line":321,"column":null}},"92":{"start":{"line":325,"column":8},"end":{"line":325,"column":null}},"93":{"start":{"line":327,"column":8},"end":{"line":332,"column":null}},"94":{"start":{"line":335,"column":4},"end":{"line":342,"column":null}},"95":{"start":{"line":336,"column":8},"end":{"line":341,"column":null}},"96":{"start":{"line":344,"column":4},"end":{"line":344,"column":null}},"97":{"start":{"line":344,"column":27},"end":{"line":344,"column":44}},"98":{"start":{"line":346,"column":64},"end":{"line":346,"column":null}},"99":{"start":{"line":347,"column":4},"end":{"line":358,"column":null}},"100":{"start":{"line":347,"column":17},"end":{"line":347,"column":20}},"101":{"start":{"line":348,"column":8},"end":{"line":357,"column":null}},"102":{"start":{"line":348,"column":21},"end":{"line":348,"column":28}},"103":{"start":{"line":349,"column":28},"end":{"line":349,"column":null}},"104":{"start":{"line":350,"column":27},"end":{"line":350,"column":null}},"105":{"start":{"line":351,"column":12},"end":{"line":356,"column":null}},"106":{"start":{"line":352,"column":16},"end":{"line":355,"column":null}},"107":{"start":{"line":360,"column":4},"end":{"line":367,"column":null}},"108":{"start":{"line":362,"column":8},"end":{"line":366,"column":null}},"109":{"start":{"line":364,"column":28},"end":{"line":364,"column":72}},"110":{"start":{"line":369,"column":42},"end":{"line":369,"column":null}},"111":{"start":{"line":371,"column":4},"end":{"line":382,"column":null}},"112":{"start":{"line":372,"column":8},"end":{"line":381,"column":null}},"113":{"start":{"line":373,"column":32},"end":{"line":373,"column":null}},"114":{"start":{"line":374,"column":31},"end":{"line":374,"column":null}},"115":{"start":{"line":375,"column":12},"end":{"line":375,"column":null}},"116":{"start":{"line":377,"column":12},"end":{"line":380,"column":null}},"117":{"start":{"line":384,"column":4},"end":{"line":384,"column":null}}},"fnMap":{"0":{"name":"(anonymous_0)","decl":{"start":{"line":20,"column":22},"end":{"line":20,"column":23}},"loc":{"start":{"line":20,"column":76},"end":{"line":22,"column":null}},"line":20},"1":{"name":"(anonymous_1)","decl":{"start":{"line":39,"column":25},"end":{"line":39,"column":61}},"loc":{"start":{"line":39,"column":111},"end":{"line":54,"column":null}},"line":39},"2":{"name":"(anonymous_2)","decl":{"start":{"line":74,"column":28},"end":{"line":74,"column":null}},"loc":{"start":{"line":78,"column":30},"end":{"line":114,"column":null}},"line":78},"3":{"name":"(anonymous_3)","decl":{"start":{"line":90,"column":62},"end":{"line":90,"column":63}},"loc":{"start":{"line":90,"column":69},"end":{"line":90,"column":106}},"line":90},"4":{"name":"(anonymous_4)","decl":{"start":{"line":106,"column":58},"end":{"line":106,"column":59}},"loc":{"start":{"line":106,"column":65},"end":{"line":106,"column":106}},"line":106},"5":{"name":"(anonymous_5)","decl":{"start":{"line":143,"column":29},"end":{"line":143,"column":30}},"loc":{"start":{"line":143,"column":78},"end":{"line":166,"column":null}},"line":143},"6":{"name":"(anonymous_6)","decl":{"start":{"line":180,"column":33},"end":{"line":180,"column":34}},"loc":{"start":{"line":180,"column":74},"end":{"line":201,"column":null}},"line":180},"7":{"name":"(anonymous_7)","decl":{"start":{"line":257,"column":30},"end":{"line":257,"column":null}},"loc":{"start":{"line":261,"column":30},"end":{"line":385,"column":null}},"line":261},"8":{"name":"(anonymous_8)","decl":{"start":{"line":304,"column":12},"end":{"line":304,"column":13}},"loc":{"start":{"line":304,"column":31},"end":{"line":304,"column":null}},"line":304},"9":{"name":"(anonymous_9)","decl":{"start":{"line":344,"column":17},"end":{"line":344,"column":18}},"loc":{"start":{"line":344,"column":27},"end":{"line":344,"column":44}},"line":344},"10":{"name":"(anonymous_10)","decl":{"start":{"line":364,"column":21},"end":{"line":364,"column":22}},"loc":{"start":{"line":364,"column":28},"end":{"line":364,"column":72}},"line":364}},"branchMap":{"0":{"loc":{"start":{"line":21,"column":11},"end":{"line":21,"column":null}},"type":"binary-expr","locations":[{"start":{"line":21,"column":11},"end":{"line":21,"column":40}},{"start":{"line":21,"column":40},"end":{"line":21,"column":58}},{"start":{"line":21,"column":58},"end":{"line":21,"column":null}}],"line":21},"1":{"loc":{"start":{"line":46,"column":8},"end":{"line":50,"column":null}},"type":"if","locations":[{"start":{"line":46,"column":8},"end":{"line":50,"column":null}},{"start":{"line":48,"column":15},"end":{"line":50,"column":null}}],"line":46},"2":{"loc":{"start":{"line":46,"column":12},"end":{"line":46,"column":70}},"type":"binary-expr","locations":[{"start":{"line":46,"column":12},"end":{"line":46,"column":42}},{"start":{"line":46,"column":42},"end":{"line":46,"column":70}}],"line":46},"3":{"loc":{"start":{"line":89,"column":8},"end":{"line":97,"column":null}},"type":"if","locations":[{"start":{"line":89,"column":8},"end":{"line":97,"column":null}},{"start":{},"end":{}}],"line":89},"4":{"loc":{"start":{"line":89,"column":12},"end":{"line":89,"column":97}},"type":"binary-expr","locations":[{"start":{"line":89,"column":12},"end":{"line":89,"column":29}},{"start":{"line":89,"column":29},"end":{"line":89,"column":66}},{"start":{"line":89,"column":66},"end":{"line":89,"column":97}}],"line":89},"5":{"loc":{"start":{"line":91,"column":12},"end":{"line":96,"column":null}},"type":"if","locations":[{"start":{"line":91,"column":12},"end":{"line":96,"column":null}},{"start":{"line":94,"column":19},"end":{"line":96,"column":null}}],"line":91},"6":{"loc":{"start":{"line":105,"column":4},"end":{"line":110,"column":null}},"type":"if","locations":[{"start":{"line":105,"column":4},"end":{"line":110,"column":null}},{"start":{},"end":{}}],"line":105},"7":{"loc":{"start":{"line":105,"column":8},"end":{"line":105,"column":93}},"type":"binary-expr","locations":[{"start":{"line":105,"column":8},"end":{"line":105,"column":25}},{"start":{"line":105,"column":25},"end":{"line":105,"column":62}},{"start":{"line":105,"column":62},"end":{"line":105,"column":93}}],"line":105},"8":{"loc":{"start":{"line":107,"column":8},"end":{"line":109,"column":null}},"type":"if","locations":[{"start":{"line":107,"column":8},"end":{"line":109,"column":null}},{"start":{},"end":{}}],"line":107},"9":{"loc":{"start":{"line":148,"column":8},"end":{"line":163,"column":null}},"type":"if","locations":[{"start":{"line":148,"column":8},"end":{"line":163,"column":null}},{"start":{},"end":{}}],"line":148},"10":{"loc":{"start":{"line":148,"column":12},"end":{"line":148,"column":64}},"type":"binary-expr","locations":[{"start":{"line":148,"column":12},"end":{"line":148,"column":39}},{"start":{"line":148,"column":39},"end":{"line":148,"column":64}}],"line":148},"11":{"loc":{"start":{"line":153,"column":16},"end":{"line":161,"column":null}},"type":"if","locations":[{"start":{"line":153,"column":16},"end":{"line":161,"column":null}},{"start":{},"end":{}}],"line":153},"12":{"loc":{"start":{"line":154,"column":36},"end":{"line":154,"column":null}},"type":"cond-expr","locations":[{"start":{"line":154,"column":59},"end":{"line":154,"column":95}},{"start":{"line":154,"column":95},"end":{"line":154,"column":null}}],"line":154},"13":{"loc":{"start":{"line":155,"column":36},"end":{"line":155,"column":null}},"type":"cond-expr","locations":[{"start":{"line":155,"column":46},"end":{"line":155,"column":67}},{"start":{"line":155,"column":67},"end":{"line":155,"column":null}}],"line":155},"14":{"loc":{"start":{"line":180,"column":48},"end":{"line":180,"column":74}},"type":"default-arg","locations":[{"start":{"line":180,"column":57},"end":{"line":180,"column":74}}],"line":180},"15":{"loc":{"start":{"line":181,"column":4},"end":{"line":183,"column":null}},"type":"if","locations":[{"start":{"line":181,"column":4},"end":{"line":183,"column":null}},{"start":{},"end":{}}],"line":181},"16":{"loc":{"start":{"line":182,"column":15},"end":{"line":182,"column":null}},"type":"cond-expr","locations":[{"start":{"line":182,"column":24},"end":{"line":182,"column":35}},{"start":{"line":182,"column":35},"end":{"line":182,"column":null}}],"line":182},"17":{"loc":{"start":{"line":188,"column":28},"end":{"line":188,"column":null}},"type":"cond-expr","locations":[{"start":{"line":188,"column":37},"end":{"line":188,"column":69}},{"start":{"line":188,"column":69},"end":{"line":188,"column":null}}],"line":188},"18":{"loc":{"start":{"line":190,"column":8},"end":{"line":197,"column":null}},"type":"if","locations":[{"start":{"line":190,"column":8},"end":{"line":197,"column":null}},{"start":{"line":194,"column":15},"end":{"line":197,"column":null}}],"line":190},"19":{"loc":{"start":{"line":258,"column":4},"end":{"line":258,"column":null}},"type":"default-arg","locations":[{"start":{"line":258,"column":46},"end":{"line":258,"column":null}}],"line":258},"20":{"loc":{"start":{"line":258,"column":46},"end":{"line":258,"column":null}},"type":"cond-expr","locations":[{"start":{"line":258,"column":79},"end":{"line":258,"column":93}},{"start":{"line":258,"column":93},"end":{"line":258,"column":null}}],"line":258},"21":{"loc":{"start":{"line":267,"column":27},"end":{"line":267,"column":null}},"type":"binary-expr","locations":[{"start":{"line":267,"column":27},"end":{"line":267,"column":54}},{"start":{"line":267,"column":54},"end":{"line":267,"column":null}}],"line":267},"22":{"loc":{"start":{"line":268,"column":23},"end":{"line":268,"column":null}},"type":"cond-expr","locations":[{"start":{"line":268,"column":36},"end":{"line":268,"column":68}},{"start":{"line":268,"column":68},"end":{"line":268,"column":null}}],"line":268},"23":{"loc":{"start":{"line":274,"column":8},"end":{"line":274,"column":null}},"type":"if","locations":[{"start":{"line":274,"column":8},"end":{"line":274,"column":null}},{"start":{},"end":{}}],"line":274},"24":{"loc":{"start":{"line":274,"column":12},"end":{"line":274,"column":95}},"type":"binary-expr","locations":[{"start":{"line":274,"column":12},"end":{"line":274,"column":38}},{"start":{"line":274,"column":38},"end":{"line":274,"column":59}},{"start":{"line":274,"column":59},"end":{"line":274,"column":95}}],"line":274},"25":{"loc":{"start":{"line":276,"column":8},"end":{"line":282,"column":null}},"type":"if","locations":[{"start":{"line":276,"column":8},"end":{"line":282,"column":null}},{"start":{},"end":{}}],"line":276},"26":{"loc":{"start":{"line":286,"column":8},"end":{"line":291,"column":null}},"type":"if","locations":[{"start":{"line":286,"column":8},"end":{"line":291,"column":null}},{"start":{},"end":{}}],"line":286},"27":{"loc":{"start":{"line":294,"column":8},"end":{"line":300,"column":null}},"type":"if","locations":[{"start":{"line":294,"column":8},"end":{"line":300,"column":null}},{"start":{},"end":{}}],"line":294},"28":{"loc":{"start":{"line":304,"column":31},"end":{"line":304,"column":null}},"type":"binary-expr","locations":[{"start":{"line":304,"column":31},"end":{"line":304,"column":67}},{"start":{"line":304,"column":67},"end":{"line":304,"column":null}}],"line":304},"29":{"loc":{"start":{"line":307,"column":8},"end":{"line":313,"column":null}},"type":"if","locations":[{"start":{"line":307,"column":8},"end":{"line":313,"column":null}},{"start":{},"end":{}}],"line":307},"30":{"loc":{"start":{"line":315,"column":8},"end":{"line":323,"column":null}},"type":"if","locations":[{"start":{"line":315,"column":8},"end":{"line":323,"column":null}},{"start":{},"end":{}}],"line":315},"31":{"loc":{"start":{"line":315,"column":12},"end":{"line":315,"column":49}},"type":"binary-expr","locations":[{"start":{"line":315,"column":12},"end":{"line":315,"column":26}},{"start":{"line":315,"column":26},"end":{"line":315,"column":49}}],"line":315},"32":{"loc":{"start":{"line":316,"column":12},"end":{"line":322,"column":null}},"type":"if","locations":[{"start":{"line":316,"column":12},"end":{"line":322,"column":null}},{"start":{},"end":{}}],"line":316},"33":{"loc":{"start":{"line":335,"column":4},"end":{"line":342,"column":null}},"type":"if","locations":[{"start":{"line":335,"column":4},"end":{"line":342,"column":null}},{"start":{},"end":{}}],"line":335},"34":{"loc":{"start":{"line":351,"column":12},"end":{"line":356,"column":null}},"type":"if","locations":[{"start":{"line":351,"column":12},"end":{"line":356,"column":null}},{"start":{},"end":{}}],"line":351},"35":{"loc":{"start":{"line":360,"column":4},"end":{"line":367,"column":null}},"type":"if","locations":[{"start":{"line":360,"column":4},"end":{"line":367,"column":null}},{"start":{},"end":{}}],"line":360},"36":{"loc":{"start":{"line":360,"column":8},"end":{"line":360,"column":72}},"type":"binary-expr","locations":[{"start":{"line":360,"column":8},"end":{"line":360,"column":32}},{"start":{"line":360,"column":32},"end":{"line":360,"column":72}}],"line":360},"37":{"loc":{"start":{"line":379,"column":23},"end":{"line":379,"column":77}},"type":"cond-expr","locations":[{"start":{"line":379,"column":48},"end":{"line":379,"column":64}},{"start":{"line":379,"column":64},"end":{"line":379,"column":77}}],"line":379}},"s":{"0":2,"1":209,"2":2,"3":34,"4":34,"5":34,"6":34,"7":34,"8":14,"9":20,"10":34,"11":2,"12":13,"13":13,"14":13,"15":13,"16":13,"17":13,"18":33,"19":33,"20":33,"21":11,"22":13,"23":11,"24":11,"25":11,"26":0,"27":33,"28":33,"29":33,"30":33,"31":33,"32":4,"33":4,"34":4,"35":4,"36":13,"37":13,"38":2,"39":16,"40":16,"41":4,"42":4,"43":0,"44":0,"45":0,"46":0,"47":0,"48":0,"49":0,"50":4,"51":2,"52":59,"53":0,"54":59,"55":59,"56":95,"57":95,"58":95,"59":48,"60":48,"61":47,"62":59,"63":2,"64":18,"65":18,"66":18,"67":18,"68":18,"69":18,"70":18,"71":18,"72":18,"73":721,"74":702,"75":19,"76":1,"77":18,"78":18,"79":1,"80":17,"81":17,"82":1,"83":16,"84":16,"85":4,"86":16,"87":3,"88":13,"89":4,"90":1,"91":1,"92":12,"93":12,"94":12,"95":1,"96":11,"97":3,"98":11,"99":11,"100":11,"101":10,"102":10,"103":3,"104":3,"105":3,"106":2,"107":11,"108":1,"109":1,"110":11,"111":11,"112":10,"113":10,"114":10,"115":10,"116":0,"117":11},"f":{"0":209,"1":34,"2":13,"3":13,"4":4,"5":16,"6":59,"7":18,"8":4,"9":3,"10":1},"b":{"0":[209,149,148],"1":[14,20],"2":[34,21],"3":[11,22],"4":[33,11,11],"5":[11,0],"6":[4,29],"7":[33,4,4],"8":[4,0],"9":[0,4],"10":[4,4],"11":[0,0],"12":[0,0],"13":[0,0],"14":[59],"15":[0,59],"16":[0,0],"17":[79,16],"18":[48,47],"19":[18],"20":[0,0],"21":[18,14],"22":[10,8],"23":[702,19],"24":[721,721,721],"25":[1,18],"26":[1,17],"27":[1,16],"28":[4,4],"29":[3,13],"30":[4,9],"31":[13,4],"32":[1,3],"33":[1,11],"34":[2,1],"35":[1,10],"36":[11,2],"37":[0,0]},"meta":{"lastBranch":38,"lastFunction":11,"lastStatement":118,"seen":{"s:20:22:22:Infinity":0,"f:20:22:20:23":0,"s:21:4:21:Infinity":1,"b:21:11:21:40:21:40:21:58:21:58:21:Infinity":0,"s:39:25:54:Infinity":2,"f:39:25:39:61":1,"s:40:44:40:Infinity":3,"s:42:4:51:Infinity":4,"s:43:28:43:Infinity":5,"s:44:28:44:Infinity":6,"b:46:8:50:Infinity:48:15:50:Infinity":1,"s:46:8:50:Infinity":7,"b:46:12:46:42:46:42:46:70":2,"s:47:12:47:Infinity":8,"s:49:12:49:Infinity":9,"s:53:4:53:Infinity":10,"s:74:28:114:Infinity":11,"f:74:28:74:Infinity":2,"s:79:17:79:Infinity":12,"s:80:44:80:Infinity":13,"s:82:18:82:Infinity":14,"s:83:33:83:Infinity":15,"s:85:4:101:Infinity":16,"s:85:17:85:20":17,"s:86:20:86:Infinity":18,"s:88:28:88:Infinity":19,"b:89:8:97:Infinity:undefined:undefined:undefined:undefined":3,"s:89:8:97:Infinity":20,"b:89:12:89:29:89:29:89:66:89:66:89:97":4,"s:90:30:90:Infinity":21,"f:90:62:90:63":3,"s:90:69:90:106":22,"b:91:12:96:Infinity:94:19:96:Infinity":5,"s:91:12:96:Infinity":23,"s:92:16:92:Infinity":24,"s:93:16:93:Infinity":25,"s:95:16:95:Infinity":26,"s:99:8:99:Infinity":27,"s:100:8:100:Infinity":28,"s:103:20:103:Infinity":29,"s:104:28:104:Infinity":30,"b:105:4:110:Infinity:undefined:undefined:undefined:undefined":6,"s:105:4:110:Infinity":31,"b:105:8:105:25:105:25:105:62:105:62:105:93":7,"s:106:26:106:Infinity":32,"f:106:58:106:59":4,"s:106:65:106:106":33,"b:107:8:109:Infinity:undefined:undefined:undefined:undefined":8,"s:107:8:109:Infinity":34,"s:108:12:108:Infinity":35,"s:112:4:112:Infinity":36,"s:113:4:113:Infinity":37,"s:143:29:166:Infinity":38,"f:143:29:143:30":5,"s:144:4:165:Infinity":39,"s:145:8:145:Infinity":40,"s:147:24:147:Infinity":41,"b:148:8:163:Infinity:undefined:undefined:undefined:undefined":9,"s:148:8:163:Infinity":42,"b:148:12:148:39:148:39:148:64":10,"s:149:12:162:Infinity":43,"s:150:35:150:Infinity":44,"s:151:16:151:Infinity":45,"b:153:16:161:Infinity:undefined:undefined:undefined:undefined":11,"s:153:16:161:Infinity":46,"s:154:36:154:Infinity":47,"b:154:59:154:95:154:95:154:Infinity":12,"s:155:36:155:Infinity":48,"b:155:46:155:67:155:67:155:Infinity":13,"s:157:20:160:Infinity":49,"s:164:8:164:Infinity":50,"s:180:33:201:Infinity":51,"f:180:33:180:34":6,"b:180:57:180:74":14,"b:181:4:183:Infinity:undefined:undefined:undefined:undefined":15,"s:181:4:183:Infinity":52,"s:182:8:182:Infinity":53,"b:182:24:182:35:182:35:182:Infinity":16,"s:185:28:185:Infinity":54,"s:186:4:198:Infinity":55,"s:187:30:187:Infinity":56,"s:188:28:188:Infinity":57,"b:188:37:188:69:188:69:188:Infinity":17,"b:190:8:197:Infinity:194:15:197:Infinity":18,"s:190:8:197:Infinity":58,"s:191:12:191:Infinity":59,"s:193:12:193:Infinity":60,"s:196:12:196:Infinity":61,"s:200:4:200:Infinity":62,"s:257:30:385:Infinity":63,"f:257:30:257:Infinity":7,"b:258:46:258:Infinity":19,"b:258:79:258:93:258:93:258:Infinity":20,"s:262:26:262:Infinity":64,"s:263:32:263:Infinity":65,"s:264:33:264:Infinity":66,"s:265:22:265:Infinity":67,"s:267:27:267:Infinity":68,"b:267:27:267:54:267:54:267:Infinity":21,"s:268:23:268:Infinity":69,"b:268:36:268:68:268:68:268:Infinity":22,"s:270:30:270:Infinity":70,"s:271:25:271:Infinity":71,"s:273:4:333:Infinity":72,"b:274:8:274:Infinity:undefined:undefined:undefined:undefined":23,"s:274:8:274:Infinity":73,"b:274:12:274:38:274:38:274:59:274:59:274:95":24,"s:274:95:274:Infinity":74,"b:276:8:282:Infinity:undefined:undefined:undefined:undefined":25,"s:276:8:282:Infinity":75,"s:277:12:281:Infinity":76,"s:284:21:284:Infinity":77,"b:286:8:291:Infinity:undefined:undefined:undefined:undefined":26,"s:286:8:291:Infinity":78,"s:287:12:290:Infinity":79,"s:293:22:293:Infinity":80,"b:294:8:300:Infinity:undefined:undefined:undefined:undefined":27,"s:294:8:300:Infinity":81,"s:295:12:299:Infinity":82,"s:302:31:302:Infinity":83,"s:303:28:305:Infinity":84,"f:304:12:304:13":8,"s:304:31:304:Infinity":85,"b:304:31:304:67:304:67:304:Infinity":28,"b:307:8:313:Infinity:undefined:undefined:undefined:undefined":29,"s:307:8:313:Infinity":86,"s:308:12:312:Infinity":87,"b:315:8:323:Infinity:undefined:undefined:undefined:undefined":30,"s:315:8:323:Infinity":88,"b:315:12:315:26:315:26:315:49":31,"b:316:12:322:Infinity:undefined:undefined:undefined:undefined":32,"s:316:12:322:Infinity":89,"s:318:16:320:Infinity":90,"s:321:16:321:Infinity":91,"s:325:8:325:Infinity":92,"s:327:8:332:Infinity":93,"b:335:4:342:Infinity:undefined:undefined:undefined:undefined":33,"s:335:4:342:Infinity":94,"s:336:8:341:Infinity":95,"s:344:4:344:Infinity":96,"f:344:17:344:18":9,"s:344:27:344:44":97,"s:346:64:346:Infinity":98,"s:347:4:358:Infinity":99,"s:347:17:347:20":100,"s:348:8:357:Infinity":101,"s:348:21:348:28":102,"s:349:28:349:Infinity":103,"s:350:27:350:Infinity":104,"b:351:12:356:Infinity:undefined:undefined:undefined:undefined":34,"s:351:12:356:Infinity":105,"s:352:16:355:Infinity":106,"b:360:4:367:Infinity:undefined:undefined:undefined:undefined":35,"s:360:4:367:Infinity":107,"b:360:8:360:32:360:32:360:72":36,"s:362:8:366:Infinity":108,"f:364:21:364:22":10,"s:364:28:364:72":109,"s:369:42:369:Infinity":110,"s:371:4:382:Infinity":111,"s:372:8:381:Infinity":112,"s:373:32:373:Infinity":113,"s:374:31:374:Infinity":114,"s:375:12:375:Infinity":115,"s:377:12:380:Infinity":116,"b:379:48:379:64:379:64:379:77":37,"s:384:4:384:Infinity":117}}}
,"/Users/d.phan/Desktop/storefront-next/packages/storefront-next-runtime/src/data-store/index.ts": {"path":"/Users/d.phan/Desktop/storefront-next/packages/storefront-next-runtime/src/data-store/index.ts","statementMap":{},"fnMap":{},"branchMap":{},"s":{},"f":{},"b":{},"meta":{"lastBranch":0,"lastFunction":0,"lastStatement":0,"seen":{}}}
,"/Users/d.phan/Desktop/storefront-next/packages/storefront-next-runtime/src/data-store/provider.ts": {"path":"/Users/d.phan/Desktop/storefront-next/packages/storefront-next-runtime/src/data-store/provider.ts","statementMap":{"0":{"start":{"line":29,"column":57},"end":{"line":29,"column":null}},"1":{"start":{"line":37,"column":4},"end":{"line":37,"column":null}},"2":{"start":{"line":56,"column":4},"end":{"line":58,"column":null}},"3":{"start":{"line":57,"column":8},"end":{"line":57,"column":null}},"4":{"start":{"line":60,"column":4},"end":{"line":60,"column":null}},"5":{"start":{"line":62,"column":4},"end":{"line":62,"column":null}},"6":{"start":{"line":74,"column":4},"end":{"line":77,"column":null}},"7":{"start":{"line":76,"column":34},"end":{"line":76,"column":null}},"8":{"start":{"line":89,"column":19},"end":{"line":89,"column":null}},"9":{"start":{"line":90,"column":4},"end":{"line":92,"column":null}},"10":{"start":{"line":91,"column":8},"end":{"line":91,"column":null}},"11":{"start":{"line":93,"column":4},"end":{"line":93,"column":null}},"12":{"start":{"line":108,"column":10},"end":{"line":109,"column":null}},"13":{"start":{"line":111,"column":4},"end":{"line":113,"column":null}},"14":{"start":{"line":112,"column":8},"end":{"line":112,"column":null}},"15":{"start":{"line":115,"column":4},"end":{"line":115,"column":null}}},"fnMap":{"0":{"name":"resetDataStoreProviderCache","decl":{"start":{"line":36,"column":16},"end":{"line":36,"column":52}},"loc":{"start":{"line":36,"column":52},"end":{"line":38,"column":null}},"line":36},"1":{"name":"getDefaultDataStoreProvider","decl":{"start":{"line":55,"column":16},"end":{"line":55,"column":74}},"loc":{"start":{"line":55,"column":74},"end":{"line":63,"column":null}},"line":55},"2":{"name":"createMrtDataStoreProvider","decl":{"start":{"line":73,"column":9},"end":{"line":73,"column":57}},"loc":{"start":{"line":73,"column":57},"end":{"line":78,"column":null}},"line":73},"3":{"name":"(anonymous_3)","decl":{"start":{"line":76,"column":18},"end":{"line":76,"column":25}},"loc":{"start":{"line":76,"column":34},"end":{"line":76,"column":null}},"line":76},"4":{"name":"loadLocalDataStoreProvider","decl":{"start":{"line":88,"column":15},"end":{"line":88,"column":72}},"loc":{"start":{"line":88,"column":72},"end":{"line":94,"column":null}},"line":88},"5":{"name":"resolveNonMrtProvider","decl":{"start":{"line":107,"column":15},"end":{"line":107,"column":67}},"loc":{"start":{"line":107,"column":67},"end":{"line":116,"column":null}},"line":107}},"branchMap":{"0":{"loc":{"start":{"line":56,"column":4},"end":{"line":58,"column":null}},"type":"if","locations":[{"start":{"line":56,"column":4},"end":{"line":58,"column":null}},{"start":{},"end":{}}],"line":56},"1":{"loc":{"start":{"line":60,"column":4},"end":{"line":60,"column":null}},"type":"cond-expr","locations":[{"start":{"line":60,"column":44},"end":{"line":60,"column":92}},{"start":{"line":60,"column":92},"end":{"line":60,"column":null}}],"line":60},"2":{"loc":{"start":{"line":90,"column":4},"end":{"line":92,"column":null}},"type":"if","locations":[{"start":{"line":90,"column":4},"end":{"line":92,"column":null}},{"start":{},"end":{}}],"line":90},"3":{"loc":{"start":{"line":108,"column":10},"end":{"line":109,"column":null}},"type":"binary-expr","locations":[{"start":{"line":108,"column":10},"end":{"line":109,"column":38}},{"start":{"line":109,"column":38},"end":{"line":109,"column":94}},{"start":{"line":109,"column":94},"end":{"line":109,"column":null}}],"line":108},"4":{"loc":{"start":{"line":111,"column":4},"end":{"line":113,"column":null}},"type":"if","locations":[{"start":{"line":111,"column":4},"end":{"line":113,"column":null}},{"start":{},"end":{}}],"line":111}},"s":{"0":9,"1":15,"2":12,"3":1,"4":11,"5":12,"6":4,"7":4,"8":5,"9":5,"10":0,"11":5,"12":7,"13":7,"14":5,"15":2},"f":{"0":15,"1":12,"2":4,"3":4,"4":5,"5":7},"b":{"0":[1,11],"1":[4,7],"2":[0,5],"3":[7,3,2],"4":[5,2]},"meta":{"lastBranch":5,"lastFunction":6,"lastStatement":16,"seen":{"s:29:57:29:Infinity":0,"f:36:16:36:52":0,"s:37:4:37:Infinity":1,"f:55:16:55:74":1,"b:56:4:58:Infinity:undefined:undefined:undefined:undefined":0,"s:56:4:58:Infinity":2,"s:57:8:57:Infinity":3,"s:60:4:60:Infinity":4,"b:60:44:60:92:60:92:60:Infinity":1,"s:62:4:62:Infinity":5,"f:73:9:73:57":2,"s:74:4:77:Infinity":6,"f:76:18:76:25":3,"s:76:34:76:Infinity":7,"f:88:15:88:72":4,"s:89:19:89:Infinity":8,"b:90:4:92:Infinity:undefined:undefined:undefined:undefined":2,"s:90:4:92:Infinity":9,"s:91:8:91:Infinity":10,"s:93:4:93:Infinity":11,"f:107:15:107:67":5,"s:108:10:109:Infinity":12,"b:108:10:109:38:109:38:109:94:109:94:109:Infinity":3,"b:111:4:113:Infinity:undefined:undefined:undefined:undefined":4,"s:111:4:113:Infinity":13,"s:112:8:112:Infinity":14,"s:115:4:115:Infinity":15}}}
,"/Users/d.phan/Desktop/storefront-next/packages/storefront-next-runtime/src/data-store/utils.ts": {"path":"/Users/d.phan/Desktop/storefront-next/packages/storefront-next-runtime/src/data-store/utils.ts","statementMap":{"0":{"start":{"line":44,"column":4},"end":{"line":44,"column":null}},"1":{"start":{"line":60,"column":46},"end":{"line":60,"column":null}},"2":{"start":{"line":61,"column":22},"end":{"line":61,"column":null}},"3":{"start":{"line":61,"column":80},"end":{"line":61,"column":null}},"4":{"start":{"line":62,"column":28},"end":{"line":62,"column":null}},"5":{"start":{"line":64,"column":62},"end":{"line":94,"column":null}},"6":{"start":{"line":65,"column":33},"end":{"line":65,"column":null}},"7":{"start":{"line":66,"column":8},"end":{"line":91,"column":null}},"8":{"start":{"line":67,"column":29},"end":{"line":67,"column":null}},"9":{"start":{"line":68,"column":26},"end":{"line":68,"column":null}},"10":{"start":{"line":70,"column":12},"end":{"line":74,"column":null}},"11":{"start":{"line":72,"column":16},"end":{"line":72,"column":null}},"12":{"start":{"line":73,"column":16},"end":{"line":73,"column":null}},"13":{"start":{"line":75,"column":12},"end":{"line":75,"column":null}},"14":{"start":{"line":77,"column":12},"end":{"line":81,"column":null}},"15":{"start":{"line":78,"column":16},"end":{"line":80,"column":null}},"16":{"start":{"line":82,"column":12},"end":{"line":86,"column":null}},"17":{"start":{"line":84,"column":16},"end":{"line":84,"column":null}},"18":{"start":{"line":85,"column":16},"end":{"line":85,"column":null}},"19":{"start":{"line":87,"column":12},"end":{"line":89,"column":null}},"20":{"start":{"line":88,"column":16},"end":{"line":88,"column":null}},"21":{"start":{"line":90,"column":12},"end":{"line":90,"column":null}},"22":{"start":{"line":93,"column":8},"end":{"line":93,"column":null}},"23":{"start":{"line":96,"column":4},"end":{"line":96,"column":null}},"24":{"start":{"line":109,"column":4},"end":{"line":109,"column":null}},"25":{"start":{"line":122,"column":4},"end":{"line":122,"column":null}},"26":{"start":{"line":135,"column":4},"end":{"line":143,"column":null}},"27":{"start":{"line":137,"column":8},"end":{"line":137,"column":null}},"28":{"start":{"line":139,"column":8},"end":{"line":142,"column":null}}},"fnMap":{"0":{"name":"createDataStoreContext","decl":{"start":{"line":43,"column":16},"end":{"line":43,"column":68}},"loc":{"start":{"line":43,"column":68},"end":{"line":45,"column":null}},"line":43},"1":{"name":"createDataStoreMiddleware","decl":{"start":{"line":59,"column":16},"end":{"line":59,"column":45}},"loc":{"start":{"line":59,"column":115},"end":{"line":97,"column":null}},"line":59},"2":{"name":"(anonymous_2)","decl":{"start":{"line":61,"column":44},"end":{"line":61,"column":45}},"loc":{"start":{"line":61,"column":80},"end":{"line":61,"column":null}},"line":61},"3":{"name":"(anonymous_3)","decl":{"start":{"line":64,"column":62},"end":{"line":64,"column":69}},"loc":{"start":{"line":64,"column":91},"end":{"line":94,"column":null}},"line":64},"4":{"name":"hasMrtEnvironment","decl":{"start":{"line":108,"column":16},"end":{"line":108,"column":45}},"loc":{"start":{"line":108,"column":45},"end":{"line":110,"column":null}},"line":108},"5":{"name":"isDevelopmentEnvironment","decl":{"start":{"line":121,"column":16},"end":{"line":121,"column":52}},"loc":{"start":{"line":121,"column":52},"end":{"line":123,"column":null}},"line":121},"6":{"name":"tryImportLocalProvider","decl":{"start":{"line":134,"column":22},"end":{"line":134,"column":47}},"loc":{"start":{"line":134,"column":47},"end":{"line":144,"column":null}},"line":134}},"branchMap":{"0":{"loc":{"start":{"line":61,"column":22},"end":{"line":61,"column":null}},"type":"binary-expr","locations":[{"start":{"line":61,"column":22},"end":{"line":61,"column":44}},{"start":{"line":61,"column":44},"end":{"line":61,"column":null}}],"line":61},"1":{"loc":{"start":{"line":62,"column":28},"end":{"line":62,"column":null}},"type":"cond-expr","locations":[{"start":{"line":62,"column":47},"end":{"line":62,"column":83}},{"start":{"line":62,"column":79},"end":{"line":62,"column":null}}],"line":62},"2":{"loc":{"start":{"line":65,"column":33},"end":{"line":65,"column":null}},"type":"cond-expr","locations":[{"start":{"line":65,"column":66},"end":{"line":65,"column":86}},{"start":{"line":65,"column":86},"end":{"line":65,"column":null}}],"line":65},"3":{"loc":{"start":{"line":70,"column":12},"end":{"line":74,"column":null}},"type":"if","locations":[{"start":{"line":70,"column":12},"end":{"line":74,"column":null}},{"start":{},"end":{}}],"line":70},"4":{"loc":{"start":{"line":70,"column":16},"end":{"line":70,"column":66}},"type":"binary-expr","locations":[{"start":{"line":70,"column":16},"end":{"line":70,"column":33}},{"start":{"line":70,"column":33},"end":{"line":70,"column":66}}],"line":70},"5":{"loc":{"start":{"line":77,"column":12},"end":{"line":81,"column":null}},"type":"if","locations":[{"start":{"line":77,"column":12},"end":{"line":81,"column":null}},{"start":{},"end":{}}],"line":77},"6":{"loc":{"start":{"line":82,"column":12},"end":{"line":86,"column":null}},"type":"if","locations":[{"start":{"line":82,"column":12},"end":{"line":86,"column":null}},{"start":{},"end":{}}],"line":82},"7":{"loc":{"start":{"line":87,"column":12},"end":{"line":89,"column":null}},"type":"if","locations":[{"start":{"line":87,"column":12},"end":{"line":89,"column":null}},{"start":{},"end":{}}],"line":87},"8":{"loc":{"start":{"line":109,"column":19},"end":{"line":109,"column":104}},"type":"binary-expr","locations":[{"start":{"line":109,"column":19},"end":{"line":109,"column":45}},{"start":{"line":109,"column":45},"end":{"line":109,"column":79}},{"start":{"line":109,"column":79},"end":{"line":109,"column":104}}],"line":109}},"s":{"0":4,"1":13,"2":13,"3":4,"4":13,"5":13,"6":11,"7":11,"8":11,"9":10,"10":10,"11":3,"12":3,"13":7,"14":1,"15":0,"16":1,"17":0,"18":0,"19":1,"20":0,"21":1,"22":7,"23":13,"24":8,"25":5,"26":4,"27":4,"28":1},"f":{"0":4,"1":13,"2":4,"3":11,"4":8,"5":5,"6":4},"b":{"0":[13,4],"1":[7,6],"2":[1,10],"3":[3,7],"4":[10,8],"5":[0,1],"6":[0,1],"7":[0,1],"8":[8,5,5]},"meta":{"lastBranch":9,"lastFunction":7,"lastStatement":29,"seen":{"f:43:16:43:68":0,"s:44:4:44:Infinity":0,"f:59:16:59:45":1,"s:60:46:60:Infinity":1,"s:61:22:61:Infinity":2,"b:61:22:61:44:61:44:61:Infinity":0,"f:61:44:61:45":2,"s:61:80:61:Infinity":3,"s:62:28:62:Infinity":4,"b:62:47:62:83:62:79:62:Infinity":1,"s:64:62:94:Infinity":5,"f:64:62:64:69":3,"s:65:33:65:Infinity":6,"b:65:66:65:86:65:86:65:Infinity":2,"s:66:8:91:Infinity":7,"s:67:29:67:Infinity":8,"s:68:26:68:Infinity":9,"b:70:12:74:Infinity:undefined:undefined:undefined:undefined":3,"s:70:12:74:Infinity":10,"b:70:16:70:33:70:33:70:66":4,"s:72:16:72:Infinity":11,"s:73:16:73:Infinity":12,"s:75:12:75:Infinity":13,"b:77:12:81:Infinity:undefined:undefined:undefined:undefined":5,"s:77:12:81:Infinity":14,"s:78:16:80:Infinity":15,"b:82:12:86:Infinity:undefined:undefined:undefined:undefined":6,"s:82:12:86:Infinity":16,"s:84:16:84:Infinity":17,"s:85:16:85:Infinity":18,"b:87:12:89:Infinity:undefined:undefined:undefined:undefined":7,"s:87:12:89:Infinity":19,"s:88:16:88:Infinity":20,"s:90:12:90:Infinity":21,"s:93:8:93:Infinity":22,"s:96:4:96:Infinity":23,"f:108:16:108:45":4,"s:109:4:109:Infinity":24,"b:109:19:109:45:109:45:109:79:109:79:109:104":8,"f:121:16:121:52":5,"s:122:4:122:Infinity":25,"f:134:22:134:47":6,"s:135:4:143:Infinity":26,"s:137:8:137:Infinity":27,"s:139:8:142:Infinity":28}}}
,"/Users/d.phan/Desktop/storefront-next/packages/storefront-next-runtime/src/data-store/middleware/custom-global-preferences.ts": {"path":"/Users/d.phan/Desktop/storefront-next/packages/storefront-next-runtime/src/data-store/middleware/custom-global-preferences.ts","statementMap":{"0":{"start":{"line":22,"column":53},"end":{"line":22,"column":null}},"1":{"start":{"line":23,"column":13},"end":{"line":23,"column":null}},"2":{"start":{"line":33,"column":17},"end":{"line":33,"column":null}},"3":{"start":{"line":34,"column":4},"end":{"line":40,"column":null}},"4":{"start":{"line":36,"column":8},"end":{"line":38,"column":null}},"5":{"start":{"line":39,"column":8},"end":{"line":39,"column":null}},"6":{"start":{"line":41,"column":4},"end":{"line":41,"column":null}},"7":{"start":{"line":44,"column":13},"end":{"line":47,"column":null}}},"fnMap":{"0":{"name":"getCustomGlobalPreferences","decl":{"start":{"line":32,"column":16},"end":{"line":32,"column":43}},"loc":{"start":{"line":32,"column":110},"end":{"line":42,"column":null}},"line":32}},"branchMap":{"0":{"loc":{"start":{"line":34,"column":4},"end":{"line":40,"column":null}},"type":"if","locations":[{"start":{"line":34,"column":4},"end":{"line":40,"column":null}},{"start":{},"end":{}}],"line":34}},"s":{"0":0,"1":0,"2":0,"3":0,"4":0,"5":0,"6":0,"7":0},"f":{"0":0},"b":{"0":[0,0]},"meta":{"lastBranch":1,"lastFunction":1,"lastStatement":8,"seen":{"s:22:53:22:Infinity":0,"s:23:13:23:Infinity":1,"f:32:16:32:43":0,"s:33:17:33:Infinity":2,"b:34:4:40:Infinity:undefined:undefined:undefined:undefined":0,"s:34:4:40:Infinity":3,"s:36:8:38:Infinity":4,"s:39:8:39:Infinity":5,"s:41:4:41:Infinity":6,"s:44:13:47:Infinity":7}}}
,"/Users/d.phan/Desktop/storefront-next/packages/storefront-next-runtime/src/data-store/middleware/custom-site-preferences.ts": {"path":"/Users/d.phan/Desktop/storefront-next/packages/storefront-next-runtime/src/data-store/middleware/custom-site-preferences.ts","statementMap":{"0":{"start":{"line":23,"column":44},"end":{"line":23,"column":null}},"1":{"start":{"line":24,"column":13},"end":{"line":24,"column":null}},"2":{"start":{"line":34,"column":17},"end":{"line":34,"column":null}},"3":{"start":{"line":35,"column":4},"end":{"line":41,"column":null}},"4":{"start":{"line":37,"column":8},"end":{"line":39,"column":null}},"5":{"start":{"line":40,"column":8},"end":{"line":40,"column":null}},"6":{"start":{"line":42,"column":4},"end":{"line":42,"column":null}},"7":{"start":{"line":45,"column":13},"end":{"line":55,"column":null}},"8":{"start":{"line":47,"column":24},"end":{"line":47,"column":null}},"9":{"start":{"line":48,"column":23},"end":{"line":48,"column":null}},"10":{"start":{"line":49,"column":8},"end":{"line":51,"column":null}},"11":{"start":{"line":50,"column":12},"end":{"line":50,"column":null}},"12":{"start":{"line":52,"column":8},"end":{"line":52,"column":null}}},"fnMap":{"0":{"name":"getSitePreferences","decl":{"start":{"line":33,"column":16},"end":{"line":33,"column":35}},"loc":{"start":{"line":33,"column":94},"end":{"line":43,"column":null}},"line":33},"1":{"name":"(anonymous_1)","decl":{"start":{"line":46,"column":14},"end":{"line":46,"column":15}},"loc":{"start":{"line":46,"column":27},"end":{"line":53,"column":null}},"line":46}},"branchMap":{"0":{"loc":{"start":{"line":35,"column":4},"end":{"line":41,"column":null}},"type":"if","locations":[{"start":{"line":35,"column":4},"end":{"line":41,"column":null}},{"start":{},"end":{}}],"line":35},"1":{"loc":{"start":{"line":49,"column":8},"end":{"line":51,"column":null}},"type":"if","locations":[{"start":{"line":49,"column":8},"end":{"line":51,"column":null}},{"start":{},"end":{}}],"line":49}},"s":{"0":1,"1":1,"2":2,"3":2,"4":1,"5":1,"6":1,"7":1,"8":0,"9":0,"10":0,"11":0,"12":0},"f":{"0":2,"1":0},"b":{"0":[1,1],"1":[0,0]},"meta":{"lastBranch":2,"lastFunction":2,"lastStatement":13,"seen":{"s:23:44:23:Infinity":0,"s:24:13:24:Infinity":1,"f:33:16:33:35":0,"s:34:17:34:Infinity":2,"b:35:4:41:Infinity:undefined:undefined:undefined:undefined":0,"s:35:4:41:Infinity":3,"s:37:8:39:Infinity":4,"s:40:8:40:Infinity":5,"s:42:4:42:Infinity":6,"s:45:13:55:Infinity":7,"f:46:14:46:15":1,"s:47:24:47:Infinity":8,"s:48:23:48:Infinity":9,"b:49:8:51:Infinity:undefined:undefined:undefined:undefined":1,"s:49:8:51:Infinity":10,"s:50:12:50:Infinity":11,"s:52:8:52:Infinity":12}}}
,"/Users/d.phan/Desktop/storefront-next/packages/storefront-next-runtime/src/data-store/middleware/gcp-api-key.ts": {"path":"/Users/d.phan/Desktop/storefront-next/packages/storefront-next-runtime/src/data-store/middleware/gcp-api-key.ts","statementMap":{"0":{"start":{"line":24,"column":37},"end":{"line":24,"column":null}},"1":{"start":{"line":30,"column":24},"end":{"line":30,"column":null}},"2":{"start":{"line":32,"column":13},"end":{"line":32,"column":null}},"3":{"start":{"line":45,"column":17},"end":{"line":45,"column":null}},"4":{"start":{"line":46,"column":4},"end":{"line":52,"column":null}},"5":{"start":{"line":48,"column":8},"end":{"line":50,"column":null}},"6":{"start":{"line":51,"column":8},"end":{"line":51,"column":null}},"7":{"start":{"line":53,"column":4},"end":{"line":53,"column":null}},"8":{"start":{"line":64,"column":13},"end":{"line":71,"column":null}},"9":{"start":{"line":68,"column":23},"end":{"line":68,"column":null}},"10":{"start":{"line":69,"column":8},"end":{"line":69,"column":null}}},"fnMap":{"0":{"name":"getGcpApiKey","decl":{"start":{"line":44,"column":16},"end":{"line":44,"column":29}},"loc":{"start":{"line":44,"column":82},"end":{"line":54,"column":null}},"line":44},"1":{"name":"(anonymous_1)","decl":{"start":{"line":67,"column":15},"end":{"line":67,"column":16}},"loc":{"start":{"line":67,"column":26},"end":{"line":70,"column":null}},"line":67}},"branchMap":{"0":{"loc":{"start":{"line":46,"column":4},"end":{"line":52,"column":null}},"type":"if","locations":[{"start":{"line":46,"column":4},"end":{"line":52,"column":null}},{"start":{},"end":{}}],"line":46},"1":{"loc":{"start":{"line":69,"column":25},"end":{"line":69,"column":66}},"type":"cond-expr","locations":[{"start":{"line":69,"column":54},"end":{"line":69,"column":63}},{"start":{"line":69,"column":63},"end":{"line":69,"column":66}}],"line":69}},"s":{"0":1,"1":1,"2":1,"3":4,"4":4,"5":1,"6":1,"7":3,"8":1,"9":0,"10":0},"f":{"0":4,"1":0},"b":{"0":[1,3],"1":[0,0]},"meta":{"lastBranch":2,"lastFunction":2,"lastStatement":11,"seen":{"s:24:37:24:Infinity":0,"s:30:24:30:Infinity":1,"s:32:13:32:Infinity":2,"f:44:16:44:29":0,"s:45:17:45:Infinity":3,"b:46:4:52:Infinity:undefined:undefined:undefined:undefined":0,"s:46:4:52:Infinity":4,"s:48:8:50:Infinity":5,"s:51:8:51:Infinity":6,"s:53:4:53:Infinity":7,"s:64:13:71:Infinity":8,"f:67:15:67:16":1,"s:68:23:68:Infinity":9,"s:69:8:69:Infinity":10,"b:69:54:69:63:69:63:69:66":1}}}
,"/Users/d.phan/Desktop/storefront-next/packages/storefront-next-runtime/src/design/jest.d.ts": {"path":"/Users/d.phan/Desktop/storefront-next/packages/storefront-next-runtime/src/design/jest.d.ts","statementMap":{},"fnMap":{},"branchMap":{},"s":{},"f":{},"b":{},"meta":{"lastBranch":0,"lastFunction":0,"lastStatement":0,"seen":{}}}
,"/Users/d.phan/Desktop/storefront-next/packages/storefront-next-runtime/src/design/modeDetection.ts": {"path":"/Users/d.phan/Desktop/storefront-next/packages/storefront-next-runtime/src/design/modeDetection.ts","statementMap":{"0":{"start":{"line":26,"column":26},"end":{"line":45,"column":null}},"1":{"start":{"line":29,"column":4},"end":{"line":42,"column":null}},"2":{"start":{"line":31,"column":8},"end":{"line":35,"column":null}},"3":{"start":{"line":32,"column":12},"end":{"line":32,"column":null}},"4":{"start":{"line":34,"column":12},"end":{"line":34,"column":null}},"5":{"start":{"line":38,"column":8},"end":{"line":40,"column":null}},"6":{"start":{"line":39,"column":12},"end":{"line":39,"column":null}},"7":{"start":{"line":41,"column":8},"end":{"line":41,"column":null}},"8":{"start":{"line":44,"column":4},"end":{"line":44,"column":null}},"9":{"start":{"line":52,"column":34},"end":{"line":52,"column":null}},"10":{"start":{"line":52,"column":77},"end":{"line":52,"column":null}},"11":{"start":{"line":59,"column":35},"end":{"line":59,"column":null}},"12":{"start":{"line":59,"column":78},"end":{"line":59,"column":null}}},"fnMap":{"0":{"name":"(anonymous_0)","decl":{"start":{"line":26,"column":26},"end":{"line":26,"column":27}},"loc":{"start":{"line":26,"column":75},"end":{"line":45,"column":null}},"line":26},"1":{"name":"(anonymous_1)","decl":{"start":{"line":52,"column":34},"end":{"line":52,"column":35}},"loc":{"start":{"line":52,"column":77},"end":{"line":52,"column":null}},"line":52},"2":{"name":"(anonymous_2)","decl":{"start":{"line":59,"column":35},"end":{"line":59,"column":36}},"loc":{"start":{"line":59,"column":78},"end":{"line":59,"column":null}},"line":59}},"branchMap":{"0":{"loc":{"start":{"line":29,"column":4},"end":{"line":42,"column":null}},"type":"if","locations":[{"start":{"line":29,"column":4},"end":{"line":42,"column":null}},{"start":{"line":36,"column":11},"end":{"line":42,"column":null}}],"line":29},"1":{"loc":{"start":{"line":31,"column":8},"end":{"line":35,"column":null}},"type":"if","locations":[{"start":{"line":31,"column":8},"end":{"line":35,"column":null}},{"start":{"line":33,"column":15},"end":{"line":35,"column":null}}],"line":31},"2":{"loc":{"start":{"line":38,"column":8},"end":{"line":40,"column":null}},"type":"if","locations":[{"start":{"line":38,"column":8},"end":{"line":40,"column":null}},{"start":{},"end":{}}],"line":38}},"s":{"0":8,"1":150,"2":28,"3":7,"4":21,"5":122,"6":3,"7":119,"8":147,"9":8,"10":61,"11":8,"12":66},"f":{"0":150,"1":61,"2":66},"b":{"0":[28,122],"1":[7,21],"2":[3,119]},"meta":{"lastBranch":3,"lastFunction":3,"lastStatement":13,"seen":{"s:26:26:45:Infinity":0,"f:26:26:26:27":0,"b:29:4:42:Infinity:36:11:42:Infinity":0,"s:29:4:42:Infinity":1,"b:31:8:35:Infinity:33:15:35:Infinity":1,"s:31:8:35:Infinity":2,"s:32:12:32:Infinity":3,"s:34:12:34:Infinity":4,"b:38:8:40:Infinity:undefined:undefined:undefined:undefined":2,"s:38:8:40:Infinity":5,"s:39:12:39:Infinity":6,"s:41:8:41:Infinity":7,"s:44:4:44:Infinity":8,"s:52:34:52:Infinity":9,"f:52:34:52:35":1,"s:52:77:52:Infinity":10,"s:59:35:59:Infinity":11,"f:59:35:59:36":2,"s:59:78:59:Infinity":12}}}
,"/Users/d.phan/Desktop/storefront-next/packages/storefront-next-runtime/src/design/data/types.ts": {"path":"/Users/d.phan/Desktop/storefront-next/packages/storefront-next-runtime/src/design/data/types.ts","statementMap":{},"fnMap":{},"branchMap":{},"s":{},"f":{},"b":{},"meta":{"lastBranch":0,"lastFunction":0,"lastStatement":0,"seen":{}}}
,"/Users/d.phan/Desktop/storefront-next/packages/storefront-next-runtime/src/design/data/validate-rule.ts": {"path":"/Users/d.phan/Desktop/storefront-next/packages/storefront-next-runtime/src/design/data/validate-rule.ts","statementMap":{"0":{"start":{"line":64,"column":4},"end":{"line":105,"column":null}},"1":{"start":{"line":65,"column":8},"end":{"line":69,"column":null}},"2":{"start":{"line":66,"column":12},"end":{"line":68,"column":null}},"3":{"start":{"line":67,"column":16},"end":{"line":67,"column":null}},"4":{"start":{"line":71,"column":8},"end":{"line":73,"column":null}},"5":{"start":{"line":72,"column":12},"end":{"line":72,"column":null}},"6":{"start":{"line":76,"column":8},"end":{"line":96,"column":null}},"7":{"start":{"line":77,"column":24},"end":{"line":77,"column":null}},"8":{"start":{"line":79,"column":12},"end":{"line":86,"column":null}},"9":{"start":{"line":80,"column":42},"end":{"line":80,"column":null}},"10":{"start":{"line":83,"column":16},"end":{"line":85,"column":null}},"11":{"start":{"line":84,"column":20},"end":{"line":84,"column":null}},"12":{"start":{"line":88,"column":12},"end":{"line":95,"column":null}},"13":{"start":{"line":89,"column":40},"end":{"line":89,"column":null}},"14":{"start":{"line":92,"column":16},"end":{"line":94,"column":null}},"15":{"start":{"line":93,"column":20},"end":{"line":93,"column":null}},"16":{"start":{"line":98,"column":8},"end":{"line":104,"column":null}},"17":{"start":{"line":99,"column":12},"end":{"line":103,"column":null}},"18":{"start":{"line":100,"column":16},"end":{"line":102,"column":null}},"19":{"start":{"line":101,"column":20},"end":{"line":101,"column":null}},"20":{"start":{"line":107,"column":4},"end":{"line":107,"column":null}}},"fnMap":{"0":{"name":"validateRule","decl":{"start":{"line":61,"column":16},"end":{"line":61,"column":29}},"loc":{"start":{"line":61,"column":114},"end":{"line":108,"column":null}},"line":61}},"branchMap":{"0":{"loc":{"start":{"line":64,"column":4},"end":{"line":105,"column":null}},"type":"if","locations":[{"start":{"line":64,"column":4},"end":{"line":105,"column":null}},{"start":{"line":70,"column":11},"end":{"line":105,"column":null}}],"line":64},"1":{"loc":{"start":{"line":66,"column":12},"end":{"line":68,"column":null}},"type":"if","locations":[{"start":{"line":66,"column":12},"end":{"line":68,"column":null}},{"start":{},"end":{}}],"line":66},"2":{"loc":{"start":{"line":71,"column":8},"end":{"line":73,"column":null}},"type":"if","locations":[{"start":{"line":71,"column":8},"end":{"line":73,"column":null}},{"start":{},"end":{}}],"line":71},"3":{"loc":{"start":{"line":71,"column":12},"end":{"line":71,"column":72}},"type":"binary-expr","locations":[{"start":{"line":71,"column":12},"end":{"line":71,"column":34}},{"start":{"line":71,"column":34},"end":{"line":71,"column":72}}],"line":71},"4":{"loc":{"start":{"line":76,"column":8},"end":{"line":96,"column":null}},"type":"if","locations":[{"start":{"line":76,"column":8},"end":{"line":96,"column":null}},{"start":{},"end":{}}],"line":76},"5":{"loc":{"start":{"line":79,"column":12},"end":{"line":86,"column":null}},"type":"if","locations":[{"start":{"line":79,"column":12},"end":{"line":86,"column":null}},{"start":{},"end":{}}],"line":79},"6":{"loc":{"start":{"line":83,"column":16},"end":{"line":85,"column":null}},"type":"if","locations":[{"start":{"line":83,"column":16},"end":{"line":85,"column":null}},{"start":{},"end":{}}],"line":83},"7":{"loc":{"start":{"line":83,"column":20},"end":{"line":83,"column":81}},"type":"binary-expr","locations":[{"start":{"line":83,"column":20},"end":{"line":83,"column":55}},{"start":{"line":83,"column":55},"end":{"line":83,"column":81}}],"line":83},"8":{"loc":{"start":{"line":88,"column":12},"end":{"line":95,"column":null}},"type":"if","locations":[{"start":{"line":88,"column":12},"end":{"line":95,"column":null}},{"start":{},"end":{}}],"line":88},"9":{"loc":{"start":{"line":92,"column":16},"end":{"line":94,"column":null}},"type":"if","locations":[{"start":{"line":92,"column":16},"end":{"line":94,"column":null}},{"start":{},"end":{}}],"line":92},"10":{"loc":{"start":{"line":92,"column":20},"end":{"line":92,"column":77}},"type":"binary-expr","locations":[{"start":{"line":92,"column":20},"end":{"line":92,"column":53}},{"start":{"line":92,"column":53},"end":{"line":92,"column":77}}],"line":92},"11":{"loc":{"start":{"line":98,"column":8},"end":{"line":104,"column":null}},"type":"if","locations":[{"start":{"line":98,"column":8},"end":{"line":104,"column":null}},{"start":{},"end":{}}],"line":98},"12":{"loc":{"start":{"line":100,"column":16},"end":{"line":102,"column":null}},"type":"if","locations":[{"start":{"line":100,"column":16},"end":{"line":102,"column":null}},{"start":{},"end":{}}],"line":100}},"s":{"0":65,"1":12,"2":13,"3":6,"4":53,"5":3,"6":50,"7":14,"8":14,"9":10,"10":10,"11":4,"12":10,"13":8,"14":8,"15":3,"16":43,"17":31,"18":33,"19":24,"20":25},"f":{"0":65},"b":{"0":[12,53],"1":[6,7],"2":[3,50],"3":[53,50],"4":[14,36],"5":[10,4],"6":[4,6],"7":[10,9],"8":[8,2],"9":[3,5],"10":[8,7],"11":[31,12],"12":[24,9]},"meta":{"lastBranch":13,"lastFunction":1,"lastStatement":21,"seen":{"f:61:16:61:29":0,"b:64:4:105:Infinity:70:11:105:Infinity":0,"s:64:4:105:Infinity":0,"s:65:8:69:Infinity":1,"b:66:12:68:Infinity:undefined:undefined:undefined:undefined":1,"s:66:12:68:Infinity":2,"s:67:16:67:Infinity":3,"b:71:8:73:Infinity:undefined:undefined:undefined:undefined":2,"s:71:8:73:Infinity":4,"b:71:12:71:34:71:34:71:72":3,"s:72:12:72:Infinity":5,"b:76:8:96:Infinity:undefined:undefined:undefined:undefined":4,"s:76:8:96:Infinity":6,"s:77:24:77:Infinity":7,"b:79:12:86:Infinity:undefined:undefined:undefined:undefined":5,"s:79:12:86:Infinity":8,"s:80:42:80:Infinity":9,"b:83:16:85:Infinity:undefined:undefined:undefined:undefined":6,"s:83:16:85:Infinity":10,"b:83:20:83:55:83:55:83:81":7,"s:84:20:84:Infinity":11,"b:88:12:95:Infinity:undefined:undefined:undefined:undefined":8,"s:88:12:95:Infinity":12,"s:89:40:89:Infinity":13,"b:92:16:94:Infinity:undefined:undefined:undefined:undefined":9,"s:92:16:94:Infinity":14,"b:92:20:92:53:92:53:92:77":10,"s:93:20:93:Infinity":15,"b:98:8:104:Infinity:undefined:undefined:undefined:undefined":11,"s:98:8:104:Infinity":16,"s:99:12:103:Infinity":17,"b:100:16:102:Infinity:undefined:undefined:undefined:undefined":12,"s:100:16:102:Infinity":18,"s:101:20:101:Infinity":19,"s:107:4:107:Infinity":20}}}
,"/Users/d.phan/Desktop/storefront-next/packages/storefront-next-runtime/src/design/data/errors/required.ts": {"path":"/Users/d.phan/Desktop/storefront-next/packages/storefront-next-runtime/src/design/data/errors/required.ts","statementMap":{"0":{"start":{"line":18,"column":8},"end":{"line":18,"column":null}},"1":{"start":{"line":19,"column":8},"end":{"line":19,"column":null}},"2":{"start":{"line":25,"column":53},"end":{"line":25,"column":null}},"3":{"start":{"line":27,"column":8},"end":{"line":29,"column":null}},"4":{"start":{"line":28,"column":12},"end":{"line":28,"column":null}}},"fnMap":{"0":{"name":"(anonymous_0)","decl":{"start":{"line":17,"column":4},"end":{"line":17,"column":16}},"loc":{"start":{"line":17,"column":33},"end":{"line":20,"column":null}},"line":17},"1":{"name":"(anonymous_1)","decl":{"start":{"line":22,"column":11},"end":{"line":22,"column":null}},"loc":{"start":{"line":26,"column":44},"end":{"line":30,"column":null}},"line":26},"2":{"name":"(anonymous_2)","decl":{"start":{"line":25,"column":46},"end":{"line":25,"column":47}},"loc":{"start":{"line":25,"column":53},"end":{"line":25,"column":null}},"line":25}},"branchMap":{"0":{"loc":{"start":{"line":25,"column":8},"end":{"line":25,"column":null}},"type":"default-arg","locations":[{"start":{"line":25,"column":46},"end":{"line":25,"column":null}}],"line":25},"1":{"loc":{"start":{"line":27,"column":8},"end":{"line":29,"column":null}},"type":"if","locations":[{"start":{"line":27,"column":8},"end":{"line":29,"column":null}},{"start":{},"end":{}}],"line":27}},"s":{"0":14,"1":14,"2":7,"3":19,"4":11},"f":{"0":14,"1":2,"2":7},"b":{"0":[7],"1":[11,8]},"meta":{"lastBranch":2,"lastFunction":3,"lastStatement":5,"seen":{"f:17:4:17:16":0,"s:18:8:18:Infinity":0,"s:19:8:19:Infinity":1,"f:22:11:22:Infinity":1,"b:25:46:25:Infinity":0,"f:25:46:25:47":2,"s:25:53:25:Infinity":2,"b:27:8:29:Infinity:undefined:undefined:undefined:undefined":1,"s:27:8:29:Infinity":3,"s:28:12:28:Infinity":4}}}
,"/Users/d.phan/Desktop/storefront-next/packages/storefront-next-runtime/src/design/data/errors/visitor-context-error.ts": {"path":"/Users/d.phan/Desktop/storefront-next/packages/storefront-next-runtime/src/design/data/errors/visitor-context-error.ts","statementMap":{"0":{"start":{"line":20,"column":8},"end":{"line":20,"column":null}},"1":{"start":{"line":21,"column":8},"end":{"line":21,"column":null}},"2":{"start":{"line":25,"column":8},"end":{"line":33,"column":null}},"3":{"start":{"line":30,"column":12},"end":{"line":32,"column":null}}},"fnMap":{"0":{"name":"(anonymous_0)","decl":{"start":{"line":19,"column":4},"end":{"line":19,"column":16}},"loc":{"start":{"line":19,"column":33},"end":{"line":22,"column":null}},"line":19},"1":{"name":"(anonymous_1)","decl":{"start":{"line":24,"column":11},"end":{"line":24,"column":18}},"loc":{"start":{"line":24,"column":81},"end":{"line":34,"column":null}},"line":24}},"branchMap":{"0":{"loc":{"start":{"line":25,"column":8},"end":{"line":33,"column":null}},"type":"if","locations":[{"start":{"line":25,"column":8},"end":{"line":33,"column":null}},{"start":{},"end":{}}],"line":25},"1":{"loc":{"start":{"line":26,"column":13},"end":{"line":28,"column":null}},"type":"binary-expr","locations":[{"start":{"line":26,"column":13},"end":{"line":26,"column":43}},{"start":{"line":26,"column":43},"end":{"line":26,"column":null}},{"start":{"line":27,"column":13},"end":{"line":27,"column":38}},{"start":{"line":27,"column":38},"end":{"line":27,"column":null}},{"start":{"line":28,"column":13},"end":{"line":28,"column":40}},{"start":{"line":28,"column":40},"end":{"line":28,"column":null}}],"line":26}},"s":{"0":10,"1":10,"2":191,"3":7},"f":{"0":10,"1":4},"b":{"0":[7,184],"1":[191,14,189,59,186,109]},"meta":{"lastBranch":2,"lastFunction":2,"lastStatement":4,"seen":{"f:19:4:19:16":0,"s:20:8:20:Infinity":0,"s:21:8:21:Infinity":1,"f:24:11:24:18":1,"b:25:8:33:Infinity:undefined:undefined:undefined:undefined":0,"s:25:8:33:Infinity":2,"b:26:13:26:43:26:43:26:Infinity:27:13:27:38:27:38:27:Infinity:28:13:28:40:28:40:28:Infinity":1,"s:30:12:32:Infinity":3}}}
,"/Users/d.phan/Desktop/storefront-next/packages/storefront-next-runtime/src/design/data/manifest/content-assignment-resolvers.ts": {"path":"/Users/d.phan/Desktop/storefront-next/packages/storefront-next-runtime/src/design/data/manifest/content-assignment-resolvers.ts","statementMap":{"0":{"start":{"line":73,"column":42},"end":{"line":101,"column":null}},"1":{"start":{"line":76,"column":18},"end":{"line":79,"column":null}},"2":{"start":{"line":84,"column":25},"end":{"line":84,"column":null}},"3":{"start":{"line":85,"column":28},"end":{"line":85,"column":null}},"4":{"start":{"line":87,"column":56},"end":{"line":87,"column":null}},"5":{"start":{"line":89,"column":12},"end":{"line":93,"column":null}},"6":{"start":{"line":90,"column":16},"end":{"line":90,"column":null}},"7":{"start":{"line":91,"column":16},"end":{"line":91,"column":null}},"8":{"start":{"line":92,"column":16},"end":{"line":92,"column":null}},"9":{"start":{"line":95,"column":12},"end":{"line":98,"column":null}}},"fnMap":{"0":{"name":"(anonymous_0)","decl":{"start":{"line":76,"column":8},"end":{"line":76,"column":9}},"loc":{"start":{"line":76,"column":18},"end":{"line":79,"column":null}},"line":76},"1":{"name":"(anonymous_1)","decl":{"start":{"line":83,"column":8},"end":{"line":83,"column":9}},"loc":{"start":{"line":83,"column":27},"end":{"line":99,"column":null}},"line":83}},"branchMap":{"0":{"loc":{"start":{"line":89,"column":19},"end":{"line":89,"column":73}},"type":"binary-expr","locations":[{"start":{"line":89,"column":19},"end":{"line":89,"column":40}},{"start":{"line":89,"column":40},"end":{"line":89,"column":73}}],"line":89}},"s":{"0":3,"1":8,"2":8,"3":8,"4":8,"5":8,"6":12,"7":12,"8":12,"9":8},"f":{"0":8,"1":8},"b":{"0":[8,13]},"meta":{"lastBranch":1,"lastFunction":2,"lastStatement":10,"seen":{"s:73:42:101:Infinity":0,"f:76:8:76:9":0,"s:76:18:79:Infinity":1,"f:83:8:83:9":1,"s:84:25:84:Infinity":2,"s:85:28:85:Infinity":3,"s:87:56:87:Infinity":4,"s:89:12:93:Infinity":5,"b:89:19:89:40:89:40:89:73":0,"s:90:16:90:Infinity":6,"s:91:16:91:Infinity":7,"s:92:16:92:Infinity":8,"s:95:12:98:Infinity":9}}}
,"/Users/d.phan/Desktop/storefront-next/packages/storefront-next-runtime/src/design/data/manifest/get-page.ts": {"path":"/Users/d.phan/Desktop/storefront-next/packages/storefront-next-runtime/src/design/data/manifest/get-page.ts","statementMap":{"0":{"start":{"line":105,"column":43},"end":{"line":105,"column":null}},"1":{"start":{"line":106,"column":51},"end":{"line":106,"column":null}},"2":{"start":{"line":108,"column":4},"end":{"line":119,"column":null}},"3":{"start":{"line":109,"column":26},"end":{"line":109,"column":null}},"4":{"start":{"line":111,"column":8},"end":{"line":113,"column":null}},"5":{"start":{"line":112,"column":12},"end":{"line":112,"column":null}},"6":{"start":{"line":115,"column":8},"end":{"line":118,"column":null}},"7":{"start":{"line":116,"column":12},"end":{"line":116,"column":null}},"8":{"start":{"line":117,"column":12},"end":{"line":117,"column":null}},"9":{"start":{"line":121,"column":4},"end":{"line":123,"column":null}},"10":{"start":{"line":122,"column":8},"end":{"line":122,"column":null}},"11":{"start":{"line":125,"column":4},"end":{"line":127,"column":null}},"12":{"start":{"line":126,"column":8},"end":{"line":126,"column":null}},"13":{"start":{"line":129,"column":4},"end":{"line":132,"column":null}}},"fnMap":{"0":{"name":"getPageFromManifest","decl":{"start":{"line":92,"column":22},"end":{"line":92,"column":null}},"loc":{"start":{"line":104,"column":10},"end":{"line":133,"column":null}},"line":104}},"branchMap":{"0":{"loc":{"start":{"line":111,"column":8},"end":{"line":113,"column":null}},"type":"if","locations":[{"start":{"line":111,"column":8},"end":{"line":113,"column":null}},{"start":{},"end":{}}],"line":111},"1":{"loc":{"start":{"line":111,"column":12},"end":{"line":111,"column":56}},"type":"binary-expr","locations":[{"start":{"line":111,"column":12},"end":{"line":111,"column":46}},{"start":{"line":111,"column":46},"end":{"line":111,"column":56}}],"line":111},"2":{"loc":{"start":{"line":112,"column":23},"end":{"line":112,"column":null}},"type":"binary-expr","locations":[{"start":{"line":112,"column":23},"end":{"line":112,"column":69}},{"start":{"line":112,"column":69},"end":{"line":112,"column":null}}],"line":112},"3":{"loc":{"start":{"line":115,"column":8},"end":{"line":118,"column":null}},"type":"if","locations":[{"st
[...]
{"start":{"line":168,"column":37},"end":{"line":168,"column":null}}],"line":168},"6":{"loc":{"start":{"line":216,"column":8},"end":{"line":218,"column":null}},"type":"if","locations":[{"start":{"line":216,"column":8},"end":{"line":218,"column":null}},{"start":{},"end":{}}],"line":216},"7":{"loc":{"start":{"line":216,"column":12},"end":{"line":216,"column":88}},"type":"binary-expr","locations":[{"start":{"line":216,"column":12},"end":{"line":216,"column":36}},{"start":{"line":216,"column":36},"end":{"line":216,"column":62}},{"start":{"line":216,"column":62},"end":{"line":216,"column":88}}],"line":216},"8":{"loc":{"start":{"line":221,"column":12},"end":{"line":221,"column":null}},"type":"cond-expr","locations":[{"start":{"line":221,"column":34},"end":{"line":221,"column":90}},{"start":{"line":221,"column":90},"end":{"line":221,"column":null}}],"line":221},"9":{"loc":{"start":{"line":222,"column":12},"end":{"line":222,"column":null}},"type":"cond-expr","locations":[{"start":{"line":222,"column":36},"end":{"line":222,"column":96}},{"start":{"line":222,"column":96},"end":{"line":222,"column":null}}],"line":222},"10":{"loc":{"start":{"line":223,"column":12},"end":{"line":223,"column":null}},"type":"cond-expr","locations":[{"start":{"line":223,"column":38},"end":{"line":223,"column":84}},{"start":{"line":223,"column":84},"end":{"line":223,"column":null}}],"line":223},"11":{"loc":{"start":{"line":226,"column":8},"end":{"line":226,"column":null}},"type":"if","locations":[{"start":{"line":226,"column":8},"end":{"line":226,"column":null}},{"start":{},"end":{}}],"line":226},"12":{"loc":{"start":{"line":227,"column":8},"end":{"line":227,"column":null}},"type":"if","locations":[{"start":{"line":227,"column":8},"end":{"line":227,"column":null}},{"start":{},"end":{}}],"line":227},"13":{"loc":{"start":{"line":228,"column":8},"end":{"line":228,"column":null}},"type":"if","locations":[{"start":{"line":228,"column":8},"end":{"line":228,"column":null}},{"start":{},"end":{}}],"line":228}},"s":{"0":2,"1":12,"2":11,"3":10,"4":10,"5":1,"6":1,"7":0,"8":1,"9":10,"10":10,"11":10,"12":10,"13":0,"14":10,"15":0,"16":10,"17":0,"18":10,"19":10,"20":10,"21":12,"22":12,"23":12,"24":12,"25":12,"26":12,"27":12,"28":12,"29":10,"30":10,"31":10,"32":10,"33":10,"34":1,"35":9,"36":9,"37":9,"38":9,"39":9,"40":9,"41":9,"42":9,"43":12},"f":{"0":12,"1":1,"2":10,"3":0,"4":0,"5":0,"6":12,"7":12},"b":{"0":[0,1],"1":[10,0],"2":[10,8,8],"3":[10,8,8],"4":[10,10],"5":[12,12],"6":[1,9],"7":[10,3,2],"8":[7,2],"9":[7,2],"10":[9,0],"11":[7,2],"12":[7,2],"13":[9,0]},"meta":{"lastBranch":14,"lastFunction":8,"lastStatement":44,"seen":{"s:25:13:25:Infinity":0,"f:55:22:55:41":0,"s:56:17:56:Infinity":1,"s:57:19:57:Infinity":2,"s:58:21:58:Infinity":3,"s:59:4:59:Infinity":4,"f:82:16:82:38":1,"s:83:20:83:Infinity":5,"b:84:4:84:Infinity:undefined:undefined:undefined:undefined":0,"s:84:4:84:Infinity":6,"s:84:18:84:Infinity":7,"s:85:4:89:Infinity":8,"f:106:15:106:Infinity":2,"s:114:22:114:Infinity":9,"s:115:24:115:Infinity":10,"s:119:31:119:Infinity":11,"b:119:31:119:68:119:68:119:Infinity":1,"s:120:42:122:Infinity":12,"f:120:66:120:67":3,"s:121:8:121:Infinity":13,"s:123:44:125:Infinity":14,"f:123:68:123:69":4,"s:124:8:124:Infinity":15,"s:126:46:128:Infinity":16,"f:126:70:126:71":5,"s:127:8:127:Infinity":17,"s:130:32:130:Infinity":18,"s:131:79:135:Infinity":19,"s:139:4:143:Infinity":20,"b:140:29:140:42:140:42:140:76:140:76:140:Infinity":2,"b:141:31:141:46:141:46:141:82:141:82:141:Infinity":3,"b:142:33:142:71:142:71:142:Infinity":4,"f:153:16:153:44":6,"s:155:69:158:Infinity":21,"s:159:73:162:Infinity":22,"s:165:10:165:Infinity":23,"s:166:10:166:Infinity":24,"s:167:10:170:Infinity":25,"b:168:8:168:37:168:37:168:Infinity":5,"s:172:35:179:Infinity":26,"s:181:64:231:Infinity":27,"f:181:64:181:Infinity":7,"s:185:43:185:Infinity":28,"s:188:8:195:Infinity":29,"s:199:8:199:Infinity":30,"s:201:25:201:Infinity":31,"s:206:88:213:Infinity":32,"b:216:8:218:Infinity:undefined:undefined:undefined:undefined":6,"s:216:8:218:Infinity":33,"b:216:12:216:36:216:36:216:62:216:62:216:88":7,"s:217:12:217:Infinity":34,"s:220:68:224:Infinity":35,"b:221:34:221:90:221:90:221:Infinity":8,"b:222:36:222:96:222:96:222:Infinity":9,"b:223:38:223:84:223:84:223:Infinity":10,"b:226:8:226:Infinity:undefined:undefined:undefined:undefined":11,"s:226:8:226:Infinity":36,"s:226:27:226:Infinity":37,"b:227:8:227:Infinity:undefined:undefined:undefined:undefined":12,"s:227:8:227:Infinity":38,"s:227:29:227:Infinity":39,"b:228:8:228:Infinity:undefined:undefined:undefined:undefined":13,"s:228:8:228:Infinity":40,"s:228:31:228:Infinity":41,"s:230:8:230:Infinity":42,"s:233:4:233:Infinity":43}}}
,"/Users/d.phan/Desktop/storefront-next/packages/storefront-next-runtime/src/site-context/site-context.tsx": {"path":"/Users/d.phan/Desktop/storefront-next/packages/storefront-next-runtime/src/site-context/site-context.tsx","statementMap":{"0":{"start":{"line":54,"column":6},"end":{"line":54,"column":null}},"1":{"start":{"line":64,"column":10},"end":{"line":64,"column":null}},"2":{"start":{"line":64,"column":33},"end":{"line":64,"column":72}},"3":{"start":{"line":65,"column":4},"end":{"line":65,"column":null}},"4":{"start":{"line":75,"column":10},"end":{"line":75,"column":null}},"5":{"start":{"line":76,"column":4},"end":{"line":78,"column":null}},"6":{"start":{"line":77,"column":8},"end":{"line":77,"column":null}},"7":{"start":{"line":79,"column":4},"end":{"line":79,"column":null}}},"fnMap":{"0":{"name":"SiteProvider","decl":{"start":{"line":63,"column":16},"end":{"line":63,"column":29}},"loc":{"start":{"line":63,"column":114},"end":{"line":66,"column":null}},"line":63},"1":{"name":"(anonymous_1)","decl":{"start":{"line":64,"column":26},"end":{"line":64,"column":33}},"loc":{"start":{"line":64,"column":33},"end":{"line":64,"column":72}},"line":64},"2":{"name":"useSite","decl":{"start":{"line":74,"column":16},"end":{"line":74,"column":44}},"loc":{"start":{"line":74,"column":44},"end":{"line":80,"column":null}},"line":74}},"branchMap":{"0":{"loc":{"start":{"line":76,"column":4},"end":{"line":78,"column":null}},"type":"if","locations":[{"start":{"line":76,"column":4},"end":{"line":78,"column":null}},{"start":{},"end":{}}],"line":76}},"s":{"0":2,"1":1,"2":1,"3":1,"4":4,"5":4,"6":2,"7":1},"f":{"0":1,"1":1,"2":4},"b":{"0":[2,2]},"meta":{"lastBranch":1,"lastFunction":3,"lastStatement":8,"seen":{"s:54:6:54:Infinity":0,"f:63:16:63:29":0,"s:64:10:64:Infinity":1,"f:64:26:64:33":1,"s:64:33:64:72":2,"s:65:4:65:Infinity":3,"f:74:16:74:44":2,"s:75:10:75:Infinity":4,"b:76:4:78:Infinity:undefined:undefined:undefined:undefined":0,"s:76:4:78:Infinity":5,"s:77:8:77:Infinity":6,"s:79:4:79:Infinity":7}}}
,"/Users/d.phan/Desktop/storefront-next/packages/storefront-next-runtime/src/site-context/site-detection.ts": {"path":"/Users/d.phan/Desktop/storefront-next/packages/storefront-next-runtime/src/site-context/site-detection.ts","statementMap":{"0":{"start":{"line":25,"column":4},"end":{"line":25,"column":null}},"1":{"start":{"line":35,"column":4},"end":{"line":35,"column":null}},"2":{"start":{"line":35,"column":25},"end":{"line":35,"column":null}},"3":{"start":{"line":36,"column":4},"end":{"line":36,"column":null}},"4":{"start":{"line":36,"column":32},"end":{"line":36,"column":91}},"5":{"start":{"line":44,"column":70},"end":{"line":44,"column":null}},"6":{"start":{"line":46,"column":23},"end":{"line":46,"column":null}},"7":{"start":{"line":53,"column":27},"end":{"line":55,"column":null}},"8":{"start":{"line":57,"column":77},"end":{"line":65,"column":null}},"9":{"start":{"line":59,"column":12},"end":{"line":61,"column":null}},"10":{"start":{"line":62,"column":27},"end":{"line":62,"column":null}},"11":{"start":{"line":63,"column":22},"end":{"line":63,"column":null}},"12":{"start":{"line":64,"column":28},"end":{"line":64,"column":null}},"13":{"start":{"line":67,"column":4},"end":{"line":71,"column":null}},"14":{"start":{"line":68,"column":30},"end":{"line":68,"column":null}},"15":{"start":{"line":69,"column":29},"end":{"line":69,"column":null}},"16":{"start":{"line":70,"column":8},"end":{"line":70,"column":null}},"17":{"start":{"line":70,"column":26},"end":{"line":70,"column":null}},"18":{"start":{"line":74,"column":17},"end":{"line":74,"column":null}},"19":{"start":{"line":77,"column":4},"end":{"line":79,"column":null}},"20":{"start":{"line":78,"column":8},"end":{"line":78,"column":null}},"21":{"start":{"line":81,"column":4},"end":{"line":81,"column":null}}},"fnMap":{"0":{"name":"readSiteFromCookie","decl":{"start":{"line":24,"column":22},"end":{"line":24,"column":41}},"loc":{"start":{"line":24,"column":99},"end":{"line":26,"column":null}},"line":24},"1":{"name":"getSiteFromIdOrAlias","decl":{"start":{"line":34,"column":9},"end":{"line":34,"column":30}},"loc":{"start":{"line":34,"column":89},"end":{"line":37,"column":null}},"line":34},"2":{"name":"(anonymous_2)","decl":{"start":{"line":36,"column":22},"end":{"line":36,"column":23}},"loc":{"start":{"line":36,"column":32},"end":{"line":36,"column":91}},"line":36},"3":{"name":"resolveSite","decl":{"start":{"line":43,"column":22},"end":{"line":43,"column":34}},"loc":{"start":{"line":43,"column":91},"end":{"line":82,"column":null}},"line":43},"4":{"name":"(anonymous_4)","decl":{"start":{"line":58,"column":14},"end":{"line":58,"column":null}},"loc":{"start":{"line":59,"column":12},"end":{"line":61,"column":null}},"line":59},"5":{"name":"(anonymous_5)","decl":{"start":{"line":62,"column":21},"end":{"line":62,"column":27}},"loc":{"start":{"line":62,"column":27},"end":{"line":62,"column":null}},"line":62},"6":{"name":"(anonymous_6)","decl":{"start":{"line":63,"column":16},"end":{"line":63,"column":22}},"loc":{"start":{"line":63,"column":22},"end":{"line":63,"column":null}},"line":63},"7":{"name":"(anonymous_7)","decl":{"start":{"line":64,"column":16},"end":{"line":64,"column":28}},"loc":{"start":{"line":64,"column":28},"end":{"line":64,"column":null}},"line":64}},"branchMap":{"0":{"loc":{"start":{"line":35,"column":4},"end":{"line":35,"column":null}},"type":"if","locations":[{"start":{"line":35,"column":4},"end":{"line":35,"column":null}},{"start":{},"end":{}}],"line":35},"1":{"loc":{"start":{"line":36,"column":11},"end":{"line":36,"column":null}},"type":"binary-expr","locations":[{"start":{"line":36,"column":11},"end":{"line":36,"column":96}},{"start":{"line":36,"column":96},"end":{"line":36,"column":null}}],"line":36},"2":{"loc":{"start":{"line":36,"column":32},"end":{"line":36,"column":91}},"type":"binary-expr","locations":[{"start":{"line":36,"column":32},"end":{"line":36,"column":65}},{"start":{"line":36,"column":65},"end":{"line":36,"column":91}}],"line":36},"3":{"loc":{"start":{"line":53,"column":27},"end":{"line":55,"column":null}},"type":"cond-expr","locations":[{"start":{"line":54,"column":10},"end":{"line":54,"column":null}},{"start":{"line":55,"column":10},"end":{"line":55,"column":null}}],"line":53},"4":{"loc":{"start":{"line":70,"column":8},"end":{"line":70,"column":null}},"type":"if","locations":[{"start":{"line":70,"column":8},"end":{"line":70,"column":null}},{"start":{},"end":{}}],"line":70},"5":{"loc":{"start":{"line":77,"column":4},"end":{"line":79,"column":null}},"type":"if","locations":[{"start":{"line":77,"column":4},"end":{"line":79,"column":null}},{"start":{},"end":{}}],"line":77}},"s":{"0":7,"1":57,"2":29,"3":28,"4":42,"5":26,"6":26,"7":26,"8":26,"9":26,"10":10,"11":7,"12":7,"13":26,"14":50,"15":50,"16":50,"17":19,"18":7,"19":7,"20":2,"21":5},"f":{"0":7,"1":57,"2":42,"3":26,"4":26,"5":10,"6":7,"7":7},"b":{"0":[29,28],"1":[28,4],"2":[42,31],"3":[6,20],"4":[19,31],"5":[2,5]},"meta":{"lastBranch":6,"lastFunction":8,"lastStatement":22,"seen":{"f:24:22:24:41":0,"s:25:4:25:Infinity":0,"f:34:9:34:30":1,"b:35:4:35:Infinity:undefined:undefined:undefined:undefined":0,"s:35:4:35:Infinity":1,"s:35:25:35:Infinity":2,"s:36:4:36:Infinity":3,"b:36:11:36:96:36:96:36:Infinity":1,"f:36:22:36:23":2,"s:36:32:36:91":4,"b:36:32:36:65:36:65:36:91":2,"f:43:22:43:34":3,"s:44:70:44:Infinity":5,"s:46:23:46:Infinity":6,"s:53:27:55:Infinity":7,"b:54:10:54:Infinity:55:10:55:Infinity":3,"s:57:77:65:Infinity":8,"f:58:14:58:Infinity":4,"s:59:12:61:Infinity":9,"f:62:21:62:27":5,"s:62:27:62:Infinity":10,"f:63:16:63:22":6,"s:63:22:63:Infinity":11,"f:64:16:64:28":7,"s:64:28:64:Infinity":12,"s:67:4:71:Infinity":13,"s:68:30:68:Infinity":14,"s:69:29:69:Infinity":15,"b:70:8:70:Infinity:undefined:undefined:undefined:undefined":4,"s:70:8:70:Infinity":16,"s:70:26:70:Infinity":17,"s:74:17:74:Infinity":18,"b:77:4:79:Infinity:undefined:undefined:undefined:undefined":5,"s:77:4:79:Infinity":19,"s:78:8:78:Infinity":20,"s:81:4:81:Infinity":21}}}
,"/Users/d.phan/Desktop/storefront-next/packages/storefront-next-runtime/src/site-context/types.ts": {"path":"/Users/d.phan/Desktop/storefront-next/packages/storefront-next-runtime/src/site-context/types.ts","statementMap":{},"fnMap":{},"branchMap":{},"s":{},"f":{},"b":{},"meta":{"lastBranch":0,"lastFunction":0,"lastStatement":0,"seen":{}}}
,"/Users/d.phan/Desktop/storefront-next/packages/storefront-next-runtime/src/site-context/utils.ts": {"path":"/Users/d.phan/Desktop/storefront-next/packages/storefront-next-runtime/src/site-context/utils.ts","statementMap":{"0":{"start":{"line":23,"column":25},"end":{"line":23,"column":null}},"1":{"start":{"line":25,"column":4},"end":{"line":25,"column":null}},"2":{"start":{"line":25,"column":42},"end":{"line":25,"column":null}},"3":{"start":{"line":27,"column":4},"end":{"line":27,"column":null}},"4":{"start":{"line":36,"column":20},"end":{"line":36,"column":null}},"5":{"start":{"line":37,"column":4},"end":{"line":37,"column":null}},"6":{"start":{"line":37,"column":18},"end":{"line":37,"column":null}},"7":{"start":{"line":39,"column":24},"end":{"line":39,"column":null}},"8":{"start":{"line":40,"column":4},"end":{"line":40,"column":null}}},"fnMap":{"0":{"name":"lookupFromPath","decl":{"start":{"line":22,"column":16},"end":{"line":22,"column":31}},"loc":{"start":{"line":22,"column":83},"end":{"line":28,"column":null}},"line":22},"1":{"name":"readCookieFromRequest","decl":{"start":{"line":35,"column":22},"end":{"line":35,"column":44}},"loc":{"start":{"line":35,"column":102},"end":{"line":41,"column":null}},"line":35}},"branchMap":{"0":{"loc":{"start":{"line":25,"column":4},"end":{"line":25,"column":null}},"type":"if","locations":[{"start":{"line":25,"column":4},"end":{"line":25,"column":null}},{"start":{},"end":{}}],"line":25},"1":{"loc":{"start":{"line":37,"column":4},"end":{"line":37,"column":null}},"type":"if","locations":[{"start":{"line":37,"column":4},"end":{"line":37,"column":null}},{"start":{},"end":{}}],"line":37}},"s":{"0":54,"1":54,"2":22,"3":32,"4":32,"5":32,"6":26,"7":6,"8":6},"f":{"0":54,"1":32},"b":{"0":[22,32],"1":[26,6]},"meta":{"lastBranch":2,"lastFunction":2,"lastStatement":9,"seen":{"f:22:16:22:31":0,"s:23:25:23:Infinity":0,"b:25:4:25:Infinity:undefined:undefined:undefined:undefined":0,"s:25:4:25:Infinity":1,"s:25:42:25:Infinity":2,"s:27:4:27:Infinity":3,"f:35:22:35:44":1,"s:36:20:36:Infinity":4,"b:37:4:37:Infinity:undefined:undefined:undefined:undefined":1,"s:37:4:37:Infinity":5,"s:37:18:37:Infinity":6,"s:39:24:39:Infinity":7,"s:40:4:40:Infinity":8}}}
,"/Users/d.phan/Desktop/storefront-next/packages/storefront-next-runtime/src/utils/index.ts": {"path":"/Users/d.phan/Desktop/storefront-next/packages/storefront-next-runtime/src/utils/index.ts","statementMap":{"0":{"start":{"line":23,"column":25},"end":{"line":23,"column":null}},"1":{"start":{"line":24,"column":37},"end":{"line":24,"column":null}},"2":{"start":{"line":26,"column":4},"end":{"line":32,"column":null}},"3":{"start":{"line":27,"column":8},"end":{"line":31,"column":null}},"4":{"start":{"line":28,"column":12},"end":{"line":28,"column":null}},"5":{"start":{"line":30,"column":12},"end":{"line":30,"column":null}},"6":{"start":{"line":34,"column":4},"end":{"line":37,"column":null}},"7":{"start":{"line":35,"column":8},"end":{"line":35,"column":null}},"8":{"start":{"line":35,"column":36},"end":{"line":35,"column":null}},"9":{"start":{"line":36,"column":8},"end":{"line":36,"column":null}},"10":{"start":{"line":36,"column":47},"end":{"line":36,"column":95}}},"fnMap":{"0":{"name":"createPatternMatcher","decl":{"start":{"line":22,"column":16},"end":{"line":22,"column":37}},"loc":{"start":{"line":22,"column":84},"end":{"line":38,"column":null}},"line":22},"1":{"name":"(anonymous_1)","decl":{"start":{"line":34,"column":11},"end":{"line":34,"column":12}},"loc":{"start":{"line":34,"column":29},"end":{"line":37,"column":null}},"line":34},"2":{"name":"(anonymous_2)","decl":{"start":{"line":36,"column":35},"end":{"line":36,"column":36}},"loc":{"start":{"line":36,"column":47},"end":{"line":36,"column":95}},"line":36}},"branchMap":{"0":{"loc":{"start":{"line":27,"column":8},"end":{"line":31,"column":null}},"type":"if","locations":[{"start":{"line":27,"column":8},"end":{"line":31,"column":null}},{"start":{"line":29,"column":15},"end":{"line":31,"column":null}}],"line":27},"1":{"loc":{"start":{"line":35,"column":8},"end":{"line":35,"column":null}},"type":"if","locations":[{"start":{"line":35,"column":8},"end":{"line":35,"column":null}},{"start":{},"end":{}}],"line":35},"2":{"loc":{"start":{"line":36,"column":47},"end":{"line":36,"column":95}},"type":"binary-expr","locations":[{"start":{"line":36,"column":47},"end":{"line":36,"column":66}},{"start":{"line":36,"column":66},"end":{"line":36,"column":95}}],"line":36}},"s":{"0":29,"1":29,"2":29,"3":38,"4":33,"5":5,"6":29,"7":36,"8":4,"9":32,"10":33},"f":{"0":29,"1":36,"2":33},"b":{"0":[33,5],"1":[4,32],"2":[33,32]},"meta":{"lastBranch":3,"lastFunction":3,"lastStatement":11,"seen":{"f:22:16:22:37":0,"s:23:25:23:Infinity":0,"s:24:37:24:Infinity":1,"s:26:4:32:Infinity":2,"b:27:8:31:Infinity:29:15:31:Infinity":0,"s:27:8:31:Infinity":3,"s:28:12:28:Infinity":4,"s:30:12:30:Infinity":5,"s:34:4:37:Infinity":6,"f:34:11:34:12":1,"b:35:8:35:Infinity:undefined:undefined:undefined:undefined":1,"s:35:8:35:Infinity":7,"s:35:36:35:Infinity":8,"s:36:8:36:Infinity":9,"f:36:35:36:36":2,"s:36:47:36:95":10,"b:36:47:36:66:36:66:36:95":2}}}
,"/Users/d.phan/Desktop/storefront-next/packages/storefront-next-runtime/src/workspace/index.ts": {"path":"/Users/d.phan/Desktop/storefront-next/packages/storefront-next-runtime/src/workspace/index.ts","statementMap":{"0":{"start":{"line":33,"column":4},"end":{"line":35,"column":null}},"1":{"start":{"line":34,"column":8},"end":{"line":34,"column":null}},"2":{"start":{"line":40,"column":8},"end":{"line":40,"column":null}},"3":{"start":{"line":42,"column":4},"end":{"line":42,"column":null}},"4":{"start":{"line":58,"column":4},"end":{"line":58,"column":null}}},"fnMap":{"0":{"name":"isWorkspaceEnvironment","decl":{"start":{"line":31,"column":16},"end":{"line":31,"column":50}},"loc":{"start":{"line":31,"column":50},"end":{"line":43,"column":null}},"line":31},"1":{"name":"getWorkspaceSlasOrgId","decl":{"start":{"line":56,"column":16},"end":{"line":56,"column":38}},"loc":{"start":{"line":56,"column":61},"end":{"line":59,"column":null}},"line":56}},"branchMap":{"0":{"loc":{"start":{"line":33,"column":4},"end":{"line":35,"column":null}},"type":"if","locations":[{"start":{"line":33,"column":4},"end":{"line":35,"column":null}},{"start":{},"end":{}}],"line":33},"1":{"loc":{"start":{"line":40,"column":8},"end":{"line":40,"column":null}},"type":"binary-expr","locations":[{"start":{"line":40,"column":8},"end":{"line":40,"column":45}},{"start":{"line":40,"column":45},"end":{"line":40,"column":83}},{"start":{"line":40,"column":83},"end":{"line":40,"column":null}}],"line":40}},"s":{"0":5,"1":1,"2":4,"3":5,"4":6},"f":{"0":5,"1":6},"b":{"0":[1,4],"1":[4,3,2]},"meta":{"lastBranch":2,"lastFunction":2,"lastStatement":5,"seen":{"f:31:16:31:50":0,"b:33:4:35:Infinity:undefined:undefined:undefined:undefined":0,"s:33:4:35:Infinity":0,"s:34:8:34:Infinity":1,"s:40:8:40:Infinity":2,"b:40:8:40:45:40:45:40:83:40:83:40:Infinity":1,"s:42:4:42:Infinity":3,"f:56:16:56:38":1,"s:58:4:58:Infinity":4}}}
}
